2022-11-28 08:40:12.781 [info] Validating found git in: git
2022-11-28 08:40:12.781 [info] Using git 2.38.1 from git
2022-11-28 08:40:12.781 [info] > git rev-parse --show-toplevel [3ms]
2022-11-28 08:40:12.781 [info] > git rev-parse --git-dir --git-common-dir [4ms]
2022-11-28 08:40:12.781 [info] Log level: Info
2022-11-28 08:40:12.781 [info] Open repository: /home/lina
2022-11-28 08:40:12.781 [info] > git remote --verbose [65ms]
2022-11-28 08:40:12.781 [info] > git for-each-ref --sort -committerdate --format %(refname) %(objectname) %(*objectname) [70ms]
2022-11-28 08:40:12.781 [info] > git config --get commit.template [5ms]
2022-11-28 08:40:12.782 [info] > git for-each-ref --format=%(refname)%00%(upstream:short)%00%(objectname)%00%(upstream:track)%00%(upstream:remotename)%00%(upstream:remoteref) refs/heads/main refs/remotes/main [21ms]
2022-11-28 08:40:12.937 [info] > git status -z -uall [248ms]
2022-11-28 08:40:12.963 [info] > git remote --verbose [7ms]
2022-11-28 08:40:12.964 [info] > git for-each-ref --sort -committerdate --format %(refname) %(objectname) %(*objectname) [13ms]
2022-11-28 08:40:12.970 [info] > git config --get commit.template [7ms]
2022-11-28 08:40:12.971 [info] > git for-each-ref --format=%(refname)%00%(upstream:short)%00%(objectname)%00%(upstream:track)%00%(upstream:remotename)%00%(upstream:remoteref) refs/heads/main refs/remotes/main [2ms]
2022-11-28 08:40:13.084 [info] > git status -z -uall [126ms]
2022-11-28 08:40:13.224 [info] > git check-ignore -v -z --stdin [5ms]
2022-11-28 08:40:13.465 [info] > git show --textconv :markdown-cv/README.md [7ms]
2022-11-28 08:40:13.472 [info] > git ls-files --stage -- /home/lina/markdown-cv/README.md [7ms]
2022-11-28 08:40:13.478 [info] > git cat-file -s bc1453c0842389734401ddfb0e7320c18f8c5ed3 [1ms]
2022-11-28 08:40:13.548 [info] > git fetch [869ms]
2022-11-28 08:40:13.565 [info] > git remote --verbose [8ms]
2022-11-28 08:40:13.566 [info] > git for-each-ref --sort -committerdate --format %(refname) %(objectname) %(*objectname) [11ms]
2022-11-28 08:40:13.572 [info] > git config --get commit.template [7ms]
2022-11-28 08:40:13.572 [info] > git for-each-ref --format=%(refname)%00%(upstream:short)%00%(objectname)%00%(upstream:track)%00%(upstream:remotename)%00%(upstream:remoteref) refs/heads/main refs/remotes/main [2ms]
2022-11-28 08:40:13.679 [info] > git status -z -uall [118ms]
2022-11-28 08:40:17.594 [info] > git remote --verbose [12ms]
2022-11-28 08:40:17.594 [info] > git for-each-ref --sort -committerdate --format %(refname) %(objectname) %(*objectname) [19ms]
2022-11-28 08:40:17.595 [info] > git config --get commit.template [2ms]
2022-11-28 08:40:17.599 [info] > git for-each-ref --format=%(refname)%00%(upstream:short)%00%(objectname)%00%(upstream:track)%00%(upstream:remotename)%00%(upstream:remoteref) refs/heads/main refs/remotes/main [0ms]
2022-11-28 08:40:17.669 [info] > git status -z -uall [82ms]
2022-11-28 08:40:22.702 [info] > git remote --verbose [15ms]
2022-11-28 08:40:22.702 [info] > git for-each-ref --sort -committerdate --format %(refname) %(objectname) %(*objectname) [23ms]
2022-11-28 08:40:22.703 [info] > git config --get commit.template [4ms]
2022-11-28 08:40:22.710 [info] > git for-each-ref --format=%(refname)%00%(upstream:short)%00%(objectname)%00%(upstream:track)%00%(upstream:remotename)%00%(upstream:remoteref) refs/heads/main refs/remotes/main [1ms]
2022-11-28 08:40:22.777 [info] > git status -z -uall [85ms]
2022-11-28 08:40:27.807 [info] > git remote --verbose [13ms]
2022-11-28 08:40:27.807 [info] > git for-each-ref --sort -committerdate --format %(refname) %(objectname) %(*objectname) [17ms]
2022-11-28 08:40:27.812 [info] > git config --get commit.template [7ms]
2022-11-28 08:40:27.813 [info] > git for-each-ref --format=%(refname)%00%(upstream:short)%00%(objectname)%00%(upstream:track)%00%(upstream:remotename)%00%(upstream:remoteref) refs/heads/main refs/remotes/main [1ms]
2022-11-28 08:40:27.878 [info] > git status -z -uall [81ms]
2022-11-28 08:40:32.908 [info] > git remote --verbose [13ms]
2022-11-28 08:40:32.908 [info] > git for-each-ref --sort -committerdate --format %(refname) %(objectname) %(*objectname) [17ms]
2022-11-28 08:40:32.909 [info] > git config --get commit.template [3ms]
2022-11-28 08:40:32.913 [info] > git for-each-ref --format=%(refname)%00%(upstream:short)%00%(objectname)%00%(upstream:track)%00%(upstream:remotename)%00%(upstream:remoteref) refs/heads/main refs/remotes/main [1ms]
2022-11-28 08:40:32.980 [info] > git status -z -uall [82ms]
2022-11-28 08:40:38.006 [info] > git remote --verbose [10ms]
2022-11-28 08:40:38.007 [info] > git for-each-ref --sort -committerdate --format %(refname) %(objectname) %(*objectname) [17ms]
2022-11-28 08:40:38.011 [info] > git config --get commit.template [6ms]
2022-11-28 08:40:38.012 [info] > git for-each-ref --format=%(refname)%00%(upstream:short)%00%(objectname)%00%(upstream:track)%00%(upstream:remotename)%00%(upstream:remoteref) refs/heads/main refs/remotes/main [1ms]
2022-11-28 08:40:38.078 [info] > git status -z -uall [78ms]
2022-11-28 08:40:43.111 [info] > git remote --verbose [15ms]
2022-11-28 08:40:43.111 [info] > git for-each-ref --sort -committerdate --format %(refname) %(objectname) %(*objectname) [22ms]
2022-11-28 08:40:43.117 [info] > git config --get commit.template [8ms]
2022-11-28 08:40:43.118 [info] > git for-each-ref --format=%(refname)%00%(upstream:short)%00%(objectname)%00%(upstream:track)%00%(upstream:remotename)%00%(upstream:remoteref) refs/heads/main refs/remotes/main [2ms]
2022-11-28 08:40:43.196 [info] > git status -z -uall [95ms]
2022-11-28 08:40:48.225 [info] > git remote --verbose [11ms]
2022-11-28 08:40:48.225 [info] > git for-each-ref --sort -committerdate --format %(refname) %(objectname) %(*objectname) [17ms]
2022-11-28 08:40:48.230 [info] > git config --get commit.template [6ms]
2022-11-28 08:40:48.230 [info] > git for-each-ref --format=%(refname)%00%(upstream:short)%00%(objectname)%00%(upstream:track)%00%(upstream:remotename)%00%(upstream:remoteref) refs/heads/main refs/remotes/main [1ms]
2022-11-28 08:40:48.309 [info] > git status -z -uall [90ms]
2022-11-28 08:40:53.338 [info] > git remote --verbose [11ms]
2022-11-28 08:40:53.338 [info] > git for-each-ref --sort -committerdate --format %(refname) %(objectname) %(*objectname) [19ms]
2022-11-28 08:40:53.339 [info] > git config --get commit.template [2ms]
2022-11-28 08:40:53.344 [info] > git for-each-ref --format=%(refname)%00%(upstream:short)%00%(objectname)%00%(upstream:track)%00%(upstream:remotename)%00%(upstream:remoteref) refs/heads/main refs/remotes/main [0ms]
2022-11-28 08:40:53.420 [info] > git status -z -uall [88ms]
2022-11-28 08:40:58.450 [info] > git remote --verbose [12ms]
2022-11-28 08:40:58.450 [info] > git for-each-ref --sort -committerdate --format %(refname) %(objectname) %(*objectname) [19ms]
2022-11-28 08:40:58.451 [info] > git config --get commit.template [2ms]
2022-11-28 08:40:58.455 [info] > git for-each-ref --format=%(refname)%00%(upstream:short)%00%(objectname)%00%(upstream:track)%00%(upstream:remotename)%00%(upstream:remoteref) refs/heads/main refs/remotes/main [0ms]
2022-11-28 08:40:58.531 [info] > git status -z -uall [88ms]
2022-11-28 08:41:03.559 [info] > git remote --verbose [14ms]
2022-11-28 08:41:03.560 [info] > git for-each-ref --sort -committerdate --format %(refname) %(objectname) %(*objectname) [20ms]
2022-11-28 08:41:03.560 [info] > git config --get commit.template [2ms]
2022-11-28 08:41:03.565 [info] > git for-each-ref --format=%(refname)%00%(upstream:short)%00%(objectname)%00%(upstream:track)%00%(upstream:remotename)%00%(upstream:remoteref) refs/heads/main refs/remotes/main [0ms]
2022-11-28 08:41:03.638 [info] > git status -z -uall [86ms]
2022-11-28 08:41:08.670 [info] > git remote --verbose [16ms]
2022-11-28 08:41:08.671 [info] > git for-each-ref --sort -committerdate --format %(refname) %(objectname) %(*objectname) [20ms]
2022-11-28 08:41:08.671 [info] > git config --get commit.template [3ms]
2022-11-28 08:41:08.676 [info] > git for-each-ref --format=%(refname)%00%(upstream:short)%00%(objectname)%00%(upstream:track)%00%(upstream:remotename)%00%(upstream:remoteref) refs/heads/main refs/remotes/main [1ms]
2022-11-28 08:41:08.751 [info] > git status -z -uall [91ms]
2022-11-28 08:41:13.778 [info] > git remote --verbose [11ms]
2022-11-28 08:41:13.778 [info] > git for-each-ref --sort -committerdate --format %(refname) %(objectname) %(*objectname) [18ms]
2022-11-28 08:41:13.784 [info] > git config --get commit.template [6ms]
2022-11-28 08:41:13.784 [info] > git for-each-ref --format=%(refname)%00%(upstream:short)%00%(objectname)%00%(upstream:track)%00%(upstream:remotename)%00%(upstream:remoteref) refs/heads/main refs/remotes/main [1ms]
2022-11-28 08:41:13.860 [info] > git status -z -uall [88ms]
2022-11-28 08:41:18.888 [info] > git remote --verbose [11ms]
2022-11-28 08:41:18.888 [info] > git for-each-ref --sort -committerdate --format %(refname) %(objectname) %(*objectname) [18ms]
2022-11-28 08:41:18.893 [info] > git config --get commit.template [6ms]
2022-11-28 08:41:18.893 [info] > git for-each-ref --format=%(refname)%00%(upstream:short)%00%(objectname)%00%(upstream:track)%00%(upstream:remotename)%00%(upstream:remoteref) refs/heads/main refs/remotes/main [1ms]
2022-11-28 08:41:18.968 [info] > git status -z -uall [86ms]
2022-11-28 08:41:24.000 [info] > git remote --verbose [14ms]
2022-11-28 08:41:24.001 [info] > git for-each-ref --sort -committerdate --format %(refname) %(objectname) %(*objectname) [22ms]
2022-11-28 08:41:24.002 [info] > git config --get commit.template [4ms]
2022-11-28 08:41:24.010 [info] > git for-each-ref --format=%(refname)%00%(upstream:short)%00%(objectname)%00%(upstream:track)%00%(upstream:remotename)%00%(upstream:remoteref) refs/heads/main refs/remotes/main [1ms]
2022-11-28 08:41:24.095 [info] > git status -z -uall [104ms]
2022-11-28 08:41:29.126 [info] > git remote --verbose [14ms]
2022-11-28 08:41:29.126 [info] > git for-each-ref --sort -committerdate --format %(refname) %(objectname) %(*objectname) [20ms]
2022-11-28 08:41:29.130 [info] > git config --get commit.template [3ms]
2022-11-28 08:41:29.135 [info] > git for-each-ref --format=%(refname)%00%(upstream:short)%00%(objectname)%00%(upstream:track)%00%(upstream:remotename)%00%(upstream:remoteref) refs/heads/main refs/remotes/main [1ms]
2022-11-28 08:41:29.213 [info] > git status -z -uall [96ms]
2022-11-28 08:41:34.245 [info] > git remote --verbose [14ms]
2022-11-28 08:41:34.245 [info] > git for-each-ref --sort -committerdate --format %(refname) %(objectname) %(*objectname) [22ms]
2022-11-28 08:41:34.253 [info] > git config --get commit.template [10ms]
2022-11-28 08:41:34.253 [info] > git for-each-ref --format=%(refname)%00%(upstream:short)%00%(objectname)%00%(upstream:track)%00%(upstream:remotename)%00%(upstream:remoteref) refs/heads/main refs/remotes/main [1ms]
2022-11-28 08:41:34.336 [info] > git status -z -uall [100ms]
2022-11-28 08:41:39.367 [info] > git remote --verbose [15ms]
2022-11-28 08:41:39.368 [info] > git for-each-ref --sort -committerdate --format %(refname) %(objectname) %(*objectname) [19ms]
2022-11-28 08:41:39.368 [info] > git config --get commit.template [3ms]
2022-11-28 08:41:39.373 [info] > git for-each-ref --format=%(refname)%00%(upstream:short)%00%(objectname)%00%(upstream:track)%00%(upstream:remotename)%00%(upstream:remoteref) refs/heads/main refs/remotes/main [0ms]
2022-11-28 08:41:39.456 [info] > git status -z -uall [98ms]
2022-11-28 08:41:42.355 [info] > git ls-files --stage -- /home/lina/markdown-cv/README.md [3ms]
2022-11-28 08:41:42.359 [info] > git cat-file -s bc1453c0842389734401ddfb0e7320c18f8c5ed3 [0ms]
2022-11-28 08:41:42.367 [info] > git show --textconv :markdown-cv/README.md [2ms]
2022-11-28 08:41:44.485 [info] > git remote --verbose [12ms]
2022-11-28 08:41:44.520 [info] > git for-each-ref --sort -committerdate --format %(refname) %(objectname) %(*objectname) [53ms]
2022-11-28 08:41:44.520 [info] > git config --get commit.template [36ms]
2022-11-28 08:41:44.524 [info] > git for-each-ref --format=%(refname)%00%(upstream:short)%00%(objectname)%00%(upstream:track)%00%(upstream:remotename)%00%(upstream:remoteref) refs/heads/main refs/remotes/main [0ms]
2022-11-28 08:41:44.569 [info] > git status -z -uall [90ms]
2022-11-28 08:41:49.597 [info] > git remote --verbose [11ms]
2022-11-28 08:41:49.597 [info] > git for-each-ref --sort -committerdate --format %(refname) %(objectname) %(*objectname) [18ms]
2022-11-28 08:41:49.598 [info] > git config --get commit.template [2ms]
2022-11-28 08:41:49.603 [info] > git for-each-ref --format=%(refname)%00%(upstream:short)%00%(objectname)%00%(upstream:track)%00%(upstream:remotename)%00%(upstream:remoteref) refs/heads/main refs/remotes/main [0ms]
2022-11-28 08:41:49.677 [info] > git status -z -uall [86ms]
2022-11-28 08:41:54.707 [info] > git remote --verbose [14ms]
2022-11-28 08:41:54.708 [info] > git for-each-ref --sort -committerdate --format %(refname) %(objectname) %(*objectname) [19ms]
2022-11-28 08:41:54.708 [info] > git config --get commit.template [3ms]
2022-11-28 08:41:54.713 [info] > git for-each-ref --format=%(refname)%00%(upstream:short)%00%(objectname)%00%(upstream:track)%00%(upstream:remotename)%00%(upstream:remoteref) refs/heads/main refs/remotes/main [1ms]
2022-11-28 08:41:54.789 [info] > git status -z -uall [91ms]
2022-11-28 08:41:59.820 [info] > git remote --verbose [14ms]
2022-11-28 08:41:59.821 [info] > git for-each-ref --sort -committerdate --format %(refname) %(objectname) %(*objectname) [21ms]
2022-11-28 08:41:59.829 [info] > git config --get commit.template [10ms]
2022-11-28 08:41:59.829 [info] > git for-each-ref --format=%(refname)%00%(upstream:short)%00%(objectname)%00%(upstream:track)%00%(upstream:remotename)%00%(upstream:remoteref) refs/heads/main refs/remotes/main [1ms]
2022-11-28 08:41:59.904 [info] > git status -z -uall [93ms]
2022-11-28 08:42:04.931 [info] > git remote --verbose [12ms]
2022-11-28 08:42:04.931 [info] > git for-each-ref --sort -committerdate --format %(refname) %(objectname) %(*objectname) [16ms]
2022-11-28 08:42:04.936 [info] > git config --get commit.template [7ms]
2022-11-28 08:42:04.937 [info] > git for-each-ref --format=%(refname)%00%(upstream:short)%00%(objectname)%00%(upstream:track)%00%(upstream:remotename)%00%(upstream:remoteref) refs/heads/main refs/remotes/main [1ms]
2022-11-28 08:42:05.012 [info] > git status -z -uall [91ms]
2022-11-28 08:42:10.045 [info] > git remote --verbose [15ms]
2022-11-28 08:42:10.046 [info] > git for-each-ref --sort -committerdate --format %(refname) %(objectname) %(*objectname) [22ms]
2022-11-28 08:42:10.051 [info] > git config --get commit.template [8ms]
2022-11-28 08:42:10.051 [info] > git for-each-ref --format=%(refname)%00%(upstream:short)%00%(objectname)%00%(upstream:track)%00%(upstream:remotename)%00%(upstream:remoteref) refs/heads/main refs/remotes/main [1ms]
2022-11-28 08:42:10.126 [info] > git status -z -uall [90ms]
2022-11-28 08:42:15.154 [info] > git remote --verbose [12ms]
2022-11-28 08:42:15.154 [info] > git for-each-ref --sort -committerdate --format %(refname) %(objectname) %(*objectname) [18ms]
2022-11-28 08:42:15.155 [info] > git config --get commit.template [2ms]
2022-11-28 08:42:15.159 [info] > git for-each-ref --format=%(refname)%00%(upstream:short)%00%(objectname)%00%(upstream:track)%00%(upstream:remotename)%00%(upstream:remoteref) refs/heads/main refs/remotes/main [0ms]
2022-11-28 08:42:15.235 [info] > git status -z -uall [87ms]
2022-11-28 08:42:20.263 [info] > git remote --verbose [11ms]
2022-11-28 08:42:20.263 [info] > git for-each-ref --sort -committerdate --format %(refname) %(objectname) %(*objectname) [18ms]
2022-11-28 08:42:20.268 [info] > git config --get commit.template [5ms]
2022-11-28 08:42:20.268 [info] > git for-each-ref --format=%(refname)%00%(upstream:short)%00%(objectname)%00%(upstream:track)%00%(upstream:remotename)%00%(upstream:remoteref) refs/heads/main refs/remotes/main [1ms]
2022-11-28 08:42:20.344 [info] > git status -z -uall [87ms]
2022-11-28 08:42:25.372 [info] > git remote --verbose [12ms]
2022-11-28 08:42:25.372 [info] > git for-each-ref --sort -committerdate --format %(refname) %(objectname) %(*objectname) [18ms]
2022-11-28 08:42:25.378 [info] > git config --get commit.template [6ms]
2022-11-28 08:42:25.378 [info] > git for-each-ref --format=%(refname)%00%(upstream:short)%00%(objectname)%00%(upstream:track)%00%(upstream:remotename)%00%(upstream:remoteref) refs/heads/main refs/remotes/main [1ms]
2022-11-28 08:42:25.453 [info] > git status -z -uall [87ms]
2022-11-28 08:42:30.487 [info] > git remote --verbose [16ms]
2022-11-28 08:42:30.487 [info] > git for-each-ref --sort -committerdate --format %(refname) %(objectname) %(*objectname) [24ms]
2022-11-28 08:42:30.493 [info] > git config --get commit.template [8ms]
2022-11-28 08:42:30.493 [info] > git for-each-ref --format=%(refname)%00%(upstream:short)%00%(objectname)%00%(upstream:track)%00%(upstream:remotename)%00%(upstream:remoteref) refs/heads/main refs/remotes/main [1ms]
2022-11-28 08:42:30.567 [info] > git status -z -uall [91ms]
2022-11-28 08:42:31.330 [info] > git ls-files --stage -- /home/lina/markdown-cv/README.md [4ms]
2022-11-28 08:42:31.339 [info] > git cat-file -s bc1453c0842389734401ddfb0e7320c18f8c5ed3 [2ms]
2022-11-28 08:42:31.354 [info] > git show --textconv :markdown-cv/README.md [6ms]
2022-11-28 08:42:35.595 [info] > git remote --verbose [13ms]
2022-11-28 08:42:35.596 [info] > git for-each-ref --sort -committerdate --format %(refname) %(objectname) %(*objectname) [20ms]
2022-11-28 08:42:35.598 [info] > git config --get commit.template [4ms]
2022-11-28 08:42:35.604 [info] > git for-each-ref --format=%(refname)%00%(upstream:short)%00%(objectname)%00%(upstream:track)%00%(upstream:remotename)%00%(upstream:remoteref) refs/heads/main refs/remotes/main [0ms]
2022-11-28 08:42:35.679 [info] > git status -z -uall [93ms]
2022-11-28 08:42:40.709 [info] > git remote --verbose [13ms]
2022-11-28 08:42:40.710 [info] > git for-each-ref --sort -committerdate --format %(refname) %(objectname) %(*objectname) [21ms]
2022-11-28 08:42:40.744 [info] > git config --get commit.template [37ms]
2022-11-28 08:42:40.748 [info] > git for-each-ref --format=%(refname)%00%(upstream:short)%00%(objectname)%00%(upstream:track)%00%(upstream:remotename)%00%(upstream:remoteref) refs/heads/main refs/remotes/main [1ms]
2022-11-28 08:42:40.796 [info] > git status -z -uall [95ms]
2022-11-28 08:42:45.824 [info] > git remote --verbose [11ms]
2022-11-28 08:42:45.825 [info] > git for-each-ref --sort -committerdate --format %(refname) %(objectname) %(*objectname) [18ms]
2022-11-28 08:42:45.829 [info] > git config --get commit.template [6ms]
2022-11-28 08:42:45.830 [info] > git for-each-ref --format=%(refname)%00%(upstream:short)%00%(objectname)%00%(upstream:track)%00%(upstream:remotename)%00%(upstream:remoteref) refs/heads/main refs/remotes/main [1ms]
2022-11-28 08:42:45.907 [info] > git status -z -uall [89ms]
2022-11-28 08:42:50.936 [info] > git remote --verbose [14ms]
2022-11-28 08:42:50.936 [info] > git for-each-ref --sort -committerdate --format %(refname) %(objectname) %(*objectname) [21ms]
2022-11-28 08:42:50.943 [info] > git config --get commit.template [7ms]
2022-11-28 08:42:50.943 [info] > git for-each-ref --format=%(refname)%00%(upstream:short)%00%(objectname)%00%(upstream:track)%00%(upstream:remotename)%00%(upstream:remoteref) refs/heads/main refs/remotes/main [1ms]
2022-11-28 08:42:51.021 [info] > git status -z -uall [93ms]
