2022-11-28 01:57:00.708 [info] Reading sessions from keychain...
2022-11-28 01:57:00.709 [info] Getting sessions for user:email...
2022-11-28 01:57:00.709 [info] Got 0 sessions for user:email...
2022-11-28 01:57:00.709 [info] Getting sessions for all scopes...
2022-11-28 01:57:00.709 [info] Got 0 sessions for ...
2022-11-28 02:19:22.567 [info] Getting sessions for read:user,repo,user:email,workflow...
2022-11-28 02:19:22.567 [info] Got 0 sessions for read:user,repo,user:email,workflow...
2022-11-28 02:19:26.088 [info] Logging in for the following scopes: read:user repo user:email workflow
2022-11-28 02:19:26.114 [info] Trying without local server... (read:user repo user:email workflow)
2022-11-28 02:19:44.987 [info] Exchanging code for token...
2022-11-28 02:19:46.525 [info] Token exchange success!
2022-11-28 02:19:46.527 [info] Getting user info...
2022-11-28 02:19:47.138 [info] Got account info!
2022-11-28 02:19:47.138 [info] Storing 1 sessions...
2022-11-28 02:19:47.165 [info] Reading sessions from keychain...
2022-11-28 02:19:47.165 [info] Stored 1 sessions!
2022-11-28 02:19:47.165 [info] Login success!
2022-11-28 02:19:47.191 [info] Got stored sessions!
2022-11-28 02:19:47.191 [info] Got 1 verified sessions.
2022-11-28 02:19:47.193 [info] Getting sessions for user:email...
2022-11-28 02:19:47.193 [info] Got 0 sessions for user:email...
2022-11-28 02:20:41.221 [info] Getting sessions for read:user,repo,user:email,workflow...
2022-11-28 02:20:41.221 [info] Got 1 sessions for read:user,repo,user:email,workflow...
