2022-11-28 01:35:20.061 [info] Validating found git in: git
2022-11-28 01:35:20.061 [info] Using git 2.38.1 from git
2022-11-28 01:35:20.061 [info] > git rev-parse --show-toplevel [3ms]
2022-11-28 01:35:20.062 [info] > git rev-parse --git-dir --git-common-dir [0ms]
2022-11-28 01:35:20.062 [info] Log level: Info
2022-11-28 01:35:20.062 [info] Open repository: /home/lina
2022-11-28 01:35:20.069 [info] > git remote --verbose [41ms]
2022-11-28 01:35:20.069 [info] > git for-each-ref --sort -committerdate --format %(refname) %(objectname) %(*objectname) [45ms]
2022-11-28 01:35:20.072 [info] > git config --get commit.template [4ms]
2022-11-28 01:35:20.098 [info] > git for-each-ref --format=%(refname)%00%(upstream:short)%00%(objectname)%00%(upstream:track)%00%(upstream:remotename)%00%(upstream:remoteref) refs/heads/master refs/remotes/master [1ms]
2022-11-28 01:35:20.178 [info] > git status -z -uall [147ms]
2022-11-28 01:35:20.262 [info] > git remote --verbose [30ms]
2022-11-28 01:35:20.263 [info] > git for-each-ref --sort -committerdate --format %(refname) %(objectname) %(*objectname) [34ms]
2022-11-28 01:35:20.264 [info] > git config --get commit.template [14ms]
2022-11-28 01:35:20.270 [info] > git for-each-ref --format=%(refname)%00%(upstream:short)%00%(objectname)%00%(upstream:track)%00%(upstream:remotename)%00%(upstream:remoteref) refs/heads/master refs/remotes/master [1ms]
2022-11-28 01:35:20.540 [info] > git status -z -uall [303ms]
2022-11-28 01:35:20.565 [info] > git check-ignore -v -z --stdin [5ms]
2022-11-28 01:35:20.597 [info] > git show --textconv :test/README.md [7ms]
2022-11-28 01:35:20.599 [info] > git ls-files --stage -- /home/lina/test/README.md [4ms]
2022-11-28 01:35:20.604 [info] > git cat-file -s af81e4bd99cbfe6f05a501f1e4c82db2bf803e02 [1ms]
2022-11-28 01:35:21.962 [info] > git show --textconv :myCV.md [10ms]
2022-11-28 01:35:21.966 [info] > git ls-files --stage -- /home/lina/myCV.md [6ms]
2022-11-28 01:35:23.157 [info] > git remote --verbose [17ms]
2022-11-28 01:35:23.158 [info] > git for-each-ref --sort -committerdate --format %(refname) %(objectname) %(*objectname) [25ms]
2022-11-28 01:35:23.166 [info] > git config --get commit.template [9ms]
2022-11-28 01:35:23.166 [info] > git for-each-ref --format=%(refname)%00%(upstream:short)%00%(objectname)%00%(upstream:track)%00%(upstream:remotename)%00%(upstream:remoteref) refs/heads/master refs/remotes/master [1ms]
2022-11-28 01:35:23.253 [info] > git status -z -uall [106ms]
2022-11-28 01:35:26.161 [info] > git show --textconv :test/README.md [10ms]
2022-11-28 01:35:26.167 [info] > git ls-files --stage -- /home/lina/test/README.md [7ms]
2022-11-28 01:35:26.175 [info] > git cat-file -s af81e4bd99cbfe6f05a501f1e4c82db2bf803e02 [1ms]
2022-11-28 01:35:28.314 [info] > git remote --verbose [17ms]
2022-11-28 01:35:28.315 [info] > git for-each-ref --sort -committerdate --format %(refname) %(objectname) %(*objectname) [25ms]
2022-11-28 01:35:28.322 [info] > git config --get commit.template [8ms]
2022-11-28 01:35:28.322 [info] > git for-each-ref --format=%(refname)%00%(upstream:short)%00%(objectname)%00%(upstream:track)%00%(upstream:remotename)%00%(upstream:remoteref) refs/heads/master refs/remotes/master [1ms]
2022-11-28 01:35:28.407 [info] > git status -z -uall [103ms]
2022-11-28 01:35:28.781 [info] > git show --textconv :myCV.md [5ms]
2022-11-28 01:35:28.785 [info] > git ls-files --stage -- /home/lina/myCV.md [4ms]
2022-11-28 01:35:33.462 [info] > git remote --verbose [17ms]
2022-11-28 01:35:33.463 [info] > git for-each-ref --sort -committerdate --format %(refname) %(objectname) %(*objectname) [22ms]
2022-11-28 01:35:33.469 [info] > git config --get commit.template [7ms]
2022-11-28 01:35:33.469 [info] > git for-each-ref --format=%(refname)%00%(upstream:short)%00%(objectname)%00%(upstream:track)%00%(upstream:remotename)%00%(upstream:remoteref) refs/heads/master refs/remotes/master [1ms]
2022-11-28 01:35:33.553 [info] > git status -z -uall [102ms]
