2022-11-28 01:36:44.804 [info] [perf] Render performance baseline is 33ms
2022-11-28 01:36:46.730 [error] Unable to read file '/home/lina/myCV.md' (Error: Unable to resolve nonexistent file '/home/lina/myCV.md'): Error: Unable to read file '/home/lina/myCV.md' (Error: Unable to resolve nonexistent file '/home/lina/myCV.md')
    at d.doReadFileStream (vscode-file://vscode-app/app/extra/vscode/resources/app/out/vs/workbench/workbench.desktop.main.js:609:20545)
    at async v.doRead (vscode-file://vscode-app/app/extra/vscode/resources/app/out/vs/workbench/workbench.desktop.main.js:2785:42868)
    at async v.readStream (vscode-file://vscode-app/app/extra/vscode/resources/app/out/vs/workbench/workbench.desktop.main.js:2785:42543)
    at async Ar.resolveFromFile (vscode-file://vscode-app/app/extra/vscode/resources/app/out/vs/workbench/workbench.desktop.main.js:2774:68196)
    at async vscode-file://vscode-app/app/extra/vscode/resources/app/out/vs/workbench/workbench.desktop.main.js:2785:37047
2022-11-28 01:36:59.483 [error] Error: Unable to resolve filesystem provider with relative file path 'untitled:Untitled-1'
    at d.withProvider (vscode-file://vscode-app/app/extra/vscode/resources/app/out/vs/workbench/workbench.desktop.main.js:609:14310)
    at d.doWatch (vscode-file://vscode-app/app/extra/vscode/resources/app/out/vs/workbench/workbench.desktop.main.js:609:28253)
    at vscode-file://vscode-app/app/extra/vscode/resources/app/out/vs/workbench/workbench.desktop.main.js:609:28119
    at d.watch (vscode-file://vscode-app/app/extra/vscode/resources/app/out/vs/workbench/workbench.desktop.main.js:609:28210)
    at c.$watch (vscode-file://vscode-app/app/extra/vscode/resources/app/out/vs/workbench/workbench.desktop.main.js:1749:7296)
    at v._doInvokeHandler (vscode-file://vscode-app/app/extra/vscode/resources/app/out/vs/workbench/workbench.desktop.main.js:1743:12969)
    at v._invokeHandler (vscode-file://vscode-app/app/extra/vscode/resources/app/out/vs/workbench/workbench.desktop.main.js:1743:12651)
    at v._receiveRequest (vscode-file://vscode-app/app/extra/vscode/resources/app/out/vs/workbench/workbench.desktop.main.js:1743:11421)
    at v._receiveOneMessage (vscode-file://vscode-app/app/extra/vscode/resources/app/out/vs/workbench/workbench.desktop.main.js:1743:10123)
    at vscode-file://vscode-app/app/extra/vscode/resources/app/out/vs/workbench/workbench.desktop.main.js:1743:8230
    at f.invoke (vscode-file://vscode-app/app/extra/vscode/resources/app/out/vs/workbench/workbench.desktop.main.js:83:145)
    at s.deliver (vscode-file://vscode-app/app/extra/vscode/resources/app/out/vs/workbench/workbench.desktop.main.js:83:2266)
    at c.fire (vscode-file://vscode-app/app/extra/vscode/resources/app/out/vs/workbench/workbench.desktop.main.js:83:1844)
    at n.fire (vscode-file://vscode-app/app/extra/vscode/resources/app/out/vs/workbench/workbench.desktop.main.js:546:16853)
    at h._receiveMessage (vscode-file://vscode-app/app/extra/vscode/resources/app/out/vs/workbench/workbench.desktop.main.js:546:21665)
    at vscode-file://vscode-app/app/extra/vscode/resources/app/out/vs/workbench/workbench.desktop.main.js:546:19108
    at f.invoke (vscode-file://vscode-app/app/extra/vscode/resources/app/out/vs/workbench/workbench.desktop.main.js:83:145)
    at s.deliver (vscode-file://vscode-app/app/extra/vscode/resources/app/out/vs/workbench/workbench.desktop.main.js:83:2266)
    at c.fire (vscode-file://vscode-app/app/extra/vscode/resources/app/out/vs/workbench/workbench.desktop.main.js:83:1844)
    at c.acceptChunk (vscode-file://vscode-app/app/extra/vscode/resources/app/out/vs/workbench/workbench.desktop.main.js:546:13684)
    at vscode-file://vscode-app/app/extra/vscode/resources/app/out/vs/workbench/workbench.desktop.main.js:546:12814
    at Socket.y (vscode-file://vscode-app/app/extra/vscode/resources/app/out/vs/workbench/workbench.desktop.main.js:546:24934)
    at Socket.emit (node:events:526:28)
    at addChunk (node:internal/streams/readable:315:12)
    at readableAddChunk (node:internal/streams/readable:289:9)
    at Readable.push (node:internal/streams/readable:228:10)
    at Pipe.onStreamRead (node:internal/stream_base_commons:190:23)
