2022-11-28 01:35:19.612 [info] Extension host with pid 132 started
2022-11-28 01:35:19.699 [info] ExtensionService#_doActivateExtension vscode.extension-editing, startup: false, activationEvent: 'onLanguage:markdown'
2022-11-28 01:35:19.699 [info] ExtensionService#_doActivateExtension vscode.markdown-language-features, startup: false, activationEvent: 'onLanguage:markdown'
2022-11-28 01:35:19.699 [info] ExtensionService#_doActivateExtension hnw.vscode-auto-open-markdown-preview, startup: false, activationEvent: 'onLanguage:markdown'
2022-11-28 01:35:19.699 [info] ExtensionService#_doActivateExtension vscode.microsoft-authentication, startup: false, activationEvent: 'onAuthenticationRequest:microsoft'
2022-11-28 01:35:19.700 [info] ExtensionService#_doActivateExtension vscode.git-base, startup: true, activationEvent: '*', root cause: vscode.git
2022-11-28 01:35:19.950 [info] ExtensionService#_doActivateExtension vscode.git, startup: true, activationEvent: '*'
2022-11-28 01:35:19.950 [info] ExtensionService#_doActivateExtension vscode.github, startup: true, activationEvent: '*'
2022-11-28 01:35:20.002 [info] Eager extensions activated
2022-11-28 01:35:20.039 [info] ExtensionService#_doActivateExtension vscode.debug-auto-launch, startup: false, activationEvent: 'onStartupFinished'
2022-11-28 01:35:20.039 [info] ExtensionService#_doActivateExtension vscode.emmet, startup: false, activationEvent: 'onStartupFinished'
2022-11-28 01:35:20.039 [info] ExtensionService#_doActivateExtension vscode.merge-conflict, startup: false, activationEvent: 'onStartupFinished'
2022-11-28 01:35:20.039 [info] ExtensionService#_doActivateExtension vscode.github-authentication, startup: false, activationEvent: 'onAuthenticationRequest:github'
2022-11-28 01:35:20.214 [warning] [Decorations] CAPPING events from decorations provider vscode.git 2982
2022-11-28 01:35:20.254 [info] ExtensionService#_doActivateExtension vscode.markdown-math, startup: false, activationEvent: 'api', root cause: vscode.markdown-language-features
2022-11-28 01:35:20.552 [warning] [Decorations] CAPPING events from decorations provider vscode.git 2983
2022-11-28 01:35:23.275 [warning] [Decorations] CAPPING events from decorations provider vscode.git 2986
2022-11-28 01:35:28.424 [warning] [Decorations] CAPPING events from decorations provider vscode.git 2987
2022-11-28 01:35:33.567 [warning] [Decorations] CAPPING events from decorations provider vscode.git 2988
2022-11-28 01:35:36.860 [info] Extension host terminating: received terminate message from renderer
2022-11-28 01:35:36.870 [info] Extension host with pid 132 exiting with code 0
