2022-11-28 01:57:00.112 [info] Extension host with pid 145 started
2022-11-28 01:57:00.180 [info] ExtensionService#_doActivateExtension vscode.extension-editing, startup: false, activationEvent: 'onLanguage:markdown'
2022-11-28 01:57:00.181 [info] ExtensionService#_doActivateExtension vscode.markdown-language-features, startup: false, activationEvent: 'onLanguage:markdown'
2022-11-28 01:57:00.181 [info] ExtensionService#_doActivateExtension vscode.microsoft-authentication, startup: false, activationEvent: 'onAuthenticationRequest:microsoft'
2022-11-28 01:57:00.181 [info] ExtensionService#_doActivateExtension vscode.git-base, startup: true, activationEvent: '*'
2022-11-28 01:57:00.560 [info] ExtensionService#_doActivateExtension vscode.github, startup: true, activationEvent: '*'
2022-11-28 01:57:00.631 [info] Eager extensions activated
2022-11-28 01:57:00.653 [info] ExtensionService#_doActivateExtension vscode.debug-auto-launch, startup: false, activationEvent: 'onStartupFinished'
2022-11-28 01:57:00.654 [info] ExtensionService#_doActivateExtension vscode.emmet, startup: false, activationEvent: 'onStartupFinished'
2022-11-28 01:57:00.654 [info] ExtensionService#_doActivateExtension vscode.merge-conflict, startup: false, activationEvent: 'onStartupFinished'
2022-11-28 01:57:00.654 [info] ExtensionService#_doActivateExtension vscode.markdown-math, startup: false, activationEvent: 'api', root cause: vscode.markdown-language-features
2022-11-28 01:57:00.687 [info] ExtensionService#_doActivateExtension vscode.github-authentication, startup: false, activationEvent: 'onAuthenticationRequest:github'
2022-11-28 02:13:17.635 [info] ExtensionService#_doActivateExtension vscode.git, startup: false, activationEvent: 'api', root cause: vscode.github
2022-11-28 02:13:17.648 [info] ExtensionService#_doActivateExtension hnw.vscode-auto-open-markdown-preview, startup: false, activationEvent: 'onLanguage:markdown'
2022-11-28 02:13:17.881 [warning] [Decorations] CAPPING events from decorations provider vscode.git 3811
2022-11-28 02:13:18.272 [warning] [Decorations] CAPPING events from decorations provider vscode.git 3811
2022-11-28 02:13:20.173 [warning] [Decorations] CAPPING events from decorations provider vscode.git 3811
2022-11-28 02:13:25.333 [warning] [Decorations] CAPPING events from decorations provider vscode.git 3811
2022-11-28 02:13:30.493 [warning] [Decorations] CAPPING events from decorations provider vscode.git 3810
2022-11-28 02:13:35.645 [warning] [Decorations] CAPPING events from decorations provider vscode.git 3810
2022-11-28 02:13:40.793 [warning] [Decorations] CAPPING events from decorations provider vscode.git 3812
2022-11-28 02:13:45.950 [warning] [Decorations] CAPPING events from decorations provider vscode.git 3812
2022-11-28 02:13:51.114 [warning] [Decorations] CAPPING events from decorations provider vscode.git 3812
2022-11-28 02:14:02.566 [warning] [Decorations] CAPPING events from decorations provider vscode.git 3812
2022-11-28 02:14:07.716 [warning] [Decorations] CAPPING events from decorations provider vscode.git 3812
2022-11-28 02:14:34.047 [warning] [Decorations] CAPPING events from decorations provider vscode.git 3817
2022-11-28 02:14:52.263 [warning] [Decorations] CAPPING events from decorations provider vscode.git 3817
2022-11-28 02:14:58.224 [warning] [Decorations] CAPPING events from decorations provider vscode.git 3817
2022-11-28 02:21:18.208 [info] ExtensionService#_doActivateExtension vscode.configuration-editing, startup: false, activationEvent: 'onLanguage:jsonc'
2022-11-28 02:21:18.208 [info] ExtensionService#_doActivateExtension vscode.json-language-features, startup: false, activationEvent: 'onLanguage:jsonc'
2022-11-28 02:21:18.208 [info] ExtensionService#_doActivateExtension vscode.typescript-language-features, startup: false, activationEvent: 'onLanguage:jsonc'
2022-11-28 02:40:21.659 [info] Extension host terminating: received terminate message from renderer
2022-11-28 02:40:21.675 [info] Extension host with pid 145 exiting with code 0
