2022-11-28 01:36:41.703 [info] Extension host with pid 130 started
2022-11-28 01:36:41.788 [info] ExtensionService#_doActivateExtension vscode.extension-editing, startup: false, activationEvent: 'onLanguage:markdown'
2022-11-28 01:36:41.789 [info] ExtensionService#_doActivateExtension vscode.markdown-language-features, startup: false, activationEvent: 'onLanguage:markdown'
2022-11-28 01:36:41.789 [info] ExtensionService#_doActivateExtension hnw.vscode-auto-open-markdown-preview, startup: false, activationEvent: 'onLanguage:markdown'
2022-11-28 01:36:41.789 [info] ExtensionService#_doActivateExtension vscode.microsoft-authentication, startup: false, activationEvent: 'onAuthenticationRequest:microsoft'
2022-11-28 01:36:41.789 [info] ExtensionService#_doActivateExtension vscode.git-base, startup: true, activationEvent: '*', root cause: vscode.git
2022-11-28 01:36:42.169 [info] ExtensionService#_doActivateExtension vscode.git, startup: true, activationEvent: '*'
2022-11-28 01:36:42.169 [info] ExtensionService#_doActivateExtension vscode.github, startup: true, activationEvent: '*'
2022-11-28 01:36:42.307 [info] ExtensionService#_doActivateExtension vscode.markdown-math, startup: false, activationEvent: 'api', root cause: vscode.markdown-language-features
2022-11-28 01:36:42.340 [info] Eager extensions activated
2022-11-28 01:36:42.410 [info] ExtensionService#_doActivateExtension vscode.debug-auto-launch, startup: false, activationEvent: 'onStartupFinished'
2022-11-28 01:36:42.411 [info] ExtensionService#_doActivateExtension vscode.emmet, startup: false, activationEvent: 'onStartupFinished'
2022-11-28 01:36:42.411 [info] ExtensionService#_doActivateExtension vscode.merge-conflict, startup: false, activationEvent: 'onStartupFinished'
2022-11-28 01:36:42.442 [info] ExtensionService#_doActivateExtension vscode.github-authentication, startup: false, activationEvent: 'onAuthenticationRequest:github'
2022-11-28 01:36:42.582 [warning] [Decorations] CAPPING events from decorations provider vscode.git 3045
2022-11-28 01:36:43.026 [warning] [Decorations] CAPPING events from decorations provider vscode.git 3046
2022-11-28 01:36:46.859 [warning] [Decorations] CAPPING events from decorations provider vscode.git 3048
2022-11-28 01:36:52.011 [warning] [Decorations] CAPPING events from decorations provider vscode.git 3052
2022-11-28 01:36:57.160 [warning] [Decorations] CAPPING events from decorations provider vscode.git 3063
2022-11-28 01:37:02.316 [warning] [Decorations] CAPPING events from decorations provider vscode.git 3064
2022-11-28 01:37:07.461 [warning] [Decorations] CAPPING events from decorations provider vscode.git 3064
2022-11-28 01:37:12.605 [warning] [Decorations] CAPPING events from decorations provider vscode.git 3064
2022-11-28 01:37:17.747 [warning] [Decorations] CAPPING events from decorations provider vscode.git 3065
2022-11-28 01:37:28.960 [warning] [Decorations] CAPPING events from decorations provider vscode.git 3065
2022-11-28 01:37:34.118 [warning] [Decorations] CAPPING events from decorations provider vscode.git 3065
2022-11-28 01:37:39.282 [warning] [Decorations] CAPPING events from decorations provider vscode.git 3066
2022-11-28 01:37:44.411 [warning] [Decorations] CAPPING events from decorations provider vscode.git 3067
2022-11-28 01:37:49.558 [warning] [Decorations] CAPPING events from decorations provider vscode.git 3066
2022-11-28 01:38:21.659 [info] ExtensionService#_doActivateExtension vscode.html-language-features, startup: false, activationEvent: 'onLanguage:html'
2022-11-28 01:38:21.765 [warning] [Decorations] CAPPING events from decorations provider vscode.git 3069
2022-11-28 01:38:26.908 [warning] [Decorations] CAPPING events from decorations provider vscode.git 3070
2022-11-28 01:38:32.083 [warning] [Decorations] CAPPING events from decorations provider vscode.git 3069
2022-11-28 01:38:37.235 [warning] [Decorations] CAPPING events from decorations provider vscode.git 3069
2022-11-28 01:38:42.388 [warning] [Decorations] CAPPING events from decorations provider vscode.git 3069
2022-11-28 01:38:53.347 [warning] [Decorations] CAPPING events from decorations provider vscode.git 3071
2022-11-28 01:38:58.490 [warning] [Decorations] CAPPING events from decorations provider vscode.git 3072
2022-11-28 01:39:03.630 [warning] [Decorations] CAPPING events from decorations provider vscode.git 3071
2022-11-28 01:39:04.930 [info] Extension host terminating: received terminate message from renderer
2022-11-28 01:39:04.958 [info] Extension host with pid 130 exiting with code 0
