2022-11-28 08:40:12.062 [info] Extension host with pid 132 started
2022-11-28 08:40:12.139 [info] ExtensionService#_doActivateExtension vscode.extension-editing, startup: false, activationEvent: 'onLanguage:markdown'
2022-11-28 08:40:12.140 [info] ExtensionService#_doActivateExtension vscode.markdown-language-features, startup: false, activationEvent: 'onLanguage:markdown'
2022-11-28 08:40:12.140 [info] ExtensionService#_doActivateExtension hnw.vscode-auto-open-markdown-preview, startup: false, activationEvent: 'onLanguage:markdown'
2022-11-28 08:40:12.140 [info] ExtensionService#_doActivateExtension vscode.microsoft-authentication, startup: false, activationEvent: 'onAuthenticationRequest:microsoft'
2022-11-28 08:40:12.140 [info] ExtensionService#_doActivateExtension vscode.git-base, startup: true, activationEvent: '*', root cause: vscode.git
2022-11-28 08:40:12.503 [info] ExtensionService#_doActivateExtension vscode.git, startup: true, activationEvent: '*'
2022-11-28 08:40:12.503 [info] ExtensionService#_doActivateExtension vscode.github, startup: true, activationEvent: '*'
2022-11-28 08:40:12.621 [info] ExtensionService#_doActivateExtension vscode.markdown-math, startup: false, activationEvent: 'api', root cause: vscode.markdown-language-features
2022-11-28 08:40:12.657 [info] Eager extensions activated
2022-11-28 08:40:12.717 [info] ExtensionService#_doActivateExtension vscode.debug-auto-launch, startup: false, activationEvent: 'onStartupFinished'
2022-11-28 08:40:12.717 [info] ExtensionService#_doActivateExtension vscode.emmet, startup: false, activationEvent: 'onStartupFinished'
2022-11-28 08:40:12.718 [info] ExtensionService#_doActivateExtension vscode.merge-conflict, startup: false, activationEvent: 'onStartupFinished'
2022-11-28 08:40:12.761 [info] ExtensionService#_doActivateExtension vscode.github-authentication, startup: false, activationEvent: 'onAuthenticationRequest:github'
2022-11-28 08:40:27.880 [warning] [Decorations] CAPPING events from decorations provider vscode.git 260
2022-11-28 08:40:32.983 [warning] [Decorations] CAPPING events from decorations provider vscode.git 260
2022-11-28 08:40:38.080 [warning] [Decorations] CAPPING events from decorations provider vscode.git 260
2022-11-28 08:40:43.200 [warning] [Decorations] CAPPING events from decorations provider vscode.git 273
2022-11-28 08:40:48.311 [warning] [Decorations] CAPPING events from decorations provider vscode.git 276
2022-11-28 08:40:53.422 [warning] [Decorations] CAPPING events from decorations provider vscode.git 278
2022-11-28 08:40:58.534 [warning] [Decorations] CAPPING events from decorations provider vscode.git 278
2022-11-28 08:41:03.640 [warning] [Decorations] CAPPING events from decorations provider vscode.git 278
2022-11-28 08:41:08.753 [warning] [Decorations] CAPPING events from decorations provider vscode.git 280
2022-11-28 08:41:13.862 [warning] [Decorations] CAPPING events from decorations provider vscode.git 280
2022-11-28 08:41:18.971 [warning] [Decorations] CAPPING events from decorations provider vscode.git 280
2022-11-28 08:41:24.097 [warning] [Decorations] CAPPING events from decorations provider vscode.git 280
2022-11-28 08:41:29.216 [warning] [Decorations] CAPPING events from decorations provider vscode.git 280
2022-11-28 08:41:34.338 [warning] [Decorations] CAPPING events from decorations provider vscode.git 280
2022-11-28 08:41:39.458 [warning] [Decorations] CAPPING events from decorations provider vscode.git 280
2022-11-28 08:41:44.571 [warning] [Decorations] CAPPING events from decorations provider vscode.git 280
2022-11-28 08:41:49.679 [warning] [Decorations] CAPPING events from decorations provider vscode.git 280
2022-11-28 08:41:54.791 [warning] [Decorations] CAPPING events from decorations provider vscode.git 280
2022-11-28 08:41:59.905 [warning] [Decorations] CAPPING events from decorations provider vscode.git 280
2022-11-28 08:42:05.013 [warning] [Decorations] CAPPING events from decorations provider vscode.git 280
2022-11-28 08:42:10.127 [warning] [Decorations] CAPPING events from decorations provider vscode.git 280
2022-11-28 08:42:15.236 [warning] [Decorations] CAPPING events from decorations provider vscode.git 280
2022-11-28 08:42:20.346 [warning] [Decorations] CAPPING events from decorations provider vscode.git 280
2022-11-28 08:42:25.455 [warning] [Decorations] CAPPING events from decorations provider vscode.git 280
2022-11-28 08:42:30.569 [warning] [Decorations] CAPPING events from decorations provider vscode.git 280
2022-11-28 08:42:35.681 [warning] [Decorations] CAPPING events from decorations provider vscode.git 280
2022-11-28 08:42:40.797 [warning] [Decorations] CAPPING events from decorations provider vscode.git 280
2022-11-28 08:42:45.909 [warning] [Decorations] CAPPING events from decorations provider vscode.git 280
2022-11-28 08:42:51.022 [warning] [Decorations] CAPPING events from decorations provider vscode.git 280
2022-11-28 08:42:54.748 [info] Extension host terminating: received terminate message from renderer
2022-11-28 08:42:54.756 [info] Extension host with pid 132 exiting with code 0
