2022-11-28 01:35:41.023 [info] Validating found git in: git
2022-11-28 01:35:41.023 [info] Using git 2.38.1 from git
2022-11-28 01:35:41.023 [info] > git rev-parse --show-toplevel [3ms]
2022-11-28 01:35:41.023 [info] > git rev-parse --git-dir --git-common-dir [1ms]
2022-11-28 01:35:41.023 [info] Log level: Info
2022-11-28 01:35:41.023 [info] Open repository: /home/lina
2022-11-28 01:35:41.024 [info] > git remote --verbose [43ms]
2022-11-28 01:35:41.025 [info] > git for-each-ref --sort -committerdate --format %(refname) %(objectname) %(*objectname) [47ms]
2022-11-28 01:35:41.027 [info] > git config --get commit.template [29ms]
2022-11-28 01:35:41.034 [info] > git for-each-ref --format=%(refname)%00%(upstream:short)%00%(objectname)%00%(upstream:track)%00%(upstream:remotename)%00%(upstream:remoteref) refs/heads/master refs/remotes/master [1ms]
2022-11-28 01:35:41.147 [info] > git status -z -uall [163ms]
2022-11-28 01:35:41.207 [info] > git remote --verbose [8ms]
2022-11-28 01:35:41.208 [info] > git for-each-ref --sort -committerdate --format %(refname) %(objectname) %(*objectname) [13ms]
2022-11-28 01:35:41.209 [info] > git config --get commit.template [3ms]
2022-11-28 01:35:41.214 [info] > git for-each-ref --format=%(refname)%00%(upstream:short)%00%(objectname)%00%(upstream:track)%00%(upstream:remotename)%00%(upstream:remoteref) refs/heads/master refs/remotes/master [1ms]
2022-11-28 01:35:41.503 [info] > git status -z -uall [302ms]
2022-11-28 01:35:41.533 [info] > git check-ignore -v -z --stdin [7ms]
2022-11-28 01:35:41.921 [info] > git show --textconv :myCV.md [4ms]
2022-11-28 01:35:41.925 [info] > git ls-files --stage -- /home/lina/myCV.md [4ms]
2022-11-28 01:35:44.156 [info] > git remote --verbose [16ms]
2022-11-28 01:35:44.157 [info] > git for-each-ref --sort -committerdate --format %(refname) %(objectname) %(*objectname) [23ms]
2022-11-28 01:35:44.158 [info] > git config --get commit.template [2ms]
2022-11-28 01:35:44.164 [info] > git for-each-ref --format=%(refname)%00%(upstream:short)%00%(objectname)%00%(upstream:track)%00%(upstream:remotename)%00%(upstream:remoteref) refs/heads/master refs/remotes/master [1ms]
2022-11-28 01:35:44.251 [info] > git status -z -uall [104ms]
2022-11-28 01:35:48.219 [info] > git show --textconv :test/README.md [9ms]
2022-11-28 01:35:48.224 [info] > git ls-files --stage -- /home/lina/test/README.md [6ms]
2022-11-28 01:35:48.234 [info] > git cat-file -s af81e4bd99cbfe6f05a501f1e4c82db2bf803e02 [1ms]
2022-11-28 01:35:49.306 [info] > git remote --verbose [15ms]
2022-11-28 01:35:49.307 [info] > git for-each-ref --sort -committerdate --format %(refname) %(objectname) %(*objectname) [23ms]
2022-11-28 01:35:49.315 [info] > git config --get commit.template [11ms]
2022-11-28 01:35:49.315 [info] > git for-each-ref --format=%(refname)%00%(upstream:short)%00%(objectname)%00%(upstream:track)%00%(upstream:remotename)%00%(upstream:remoteref) refs/heads/master refs/remotes/master [2ms]
2022-11-28 01:35:49.400 [info] > git status -z -uall [105ms]
2022-11-28 01:35:51.205 [info] > git show --textconv :myCV.md [9ms]
2022-11-28 01:35:51.214 [info] > git ls-files --stage -- /home/lina/myCV.md [9ms]
2022-11-28 01:35:54.459 [info] > git remote --verbose [16ms]
2022-11-28 01:35:54.460 [info] > git for-each-ref --sort -committerdate --format %(refname) %(objectname) %(*objectname) [21ms]
2022-11-28 01:35:54.467 [info] > git config --get commit.template [8ms]
2022-11-28 01:35:54.467 [info] > git for-each-ref --format=%(refname)%00%(upstream:short)%00%(objectname)%00%(upstream:track)%00%(upstream:remotename)%00%(upstream:remoteref) refs/heads/master refs/remotes/master [2ms]
2022-11-28 01:35:54.556 [info] > git status -z -uall [107ms]
2022-11-28 01:35:59.607 [info] > git remote --verbose [15ms]
2022-11-28 01:35:59.642 [info] > git for-each-ref --sort -committerdate --format %(refname) %(objectname) %(*objectname) [57ms]
2022-11-28 01:35:59.644 [info] > git config --get commit.template [37ms]
2022-11-28 01:35:59.653 [info] > git for-each-ref --format=%(refname)%00%(upstream:short)%00%(objectname)%00%(upstream:track)%00%(upstream:remotename)%00%(upstream:remoteref) refs/heads/master refs/remotes/master [1ms]
2022-11-28 01:35:59.728 [info] > git status -z -uall [130ms]
2022-11-28 01:36:04.779 [info] > git remote --verbose [18ms]
2022-11-28 01:36:04.781 [info] > git for-each-ref --sort -committerdate --format %(refname) %(objectname) %(*objectname) [27ms]
2022-11-28 01:36:04.787 [info] > git config --get commit.template [9ms]
2022-11-28 01:36:04.788 [info] > git for-each-ref --format=%(refname)%00%(upstream:short)%00%(objectname)%00%(upstream:track)%00%(upstream:remotename)%00%(upstream:remoteref) refs/heads/master refs/remotes/master [1ms]
2022-11-28 01:36:04.873 [info] > git status -z -uall [105ms]
2022-11-28 01:36:09.924 [info] > git remote --verbose [17ms]
2022-11-28 01:36:09.957 [info] > git for-each-ref --sort -committerdate --format %(refname) %(objectname) %(*objectname) [57ms]
2022-11-28 01:36:09.958 [info] > git config --get commit.template [35ms]
2022-11-28 01:36:09.967 [info] > git for-each-ref --format=%(refname)%00%(upstream:short)%00%(objectname)%00%(upstream:track)%00%(upstream:remotename)%00%(upstream:remoteref) refs/heads/master refs/remotes/master [2ms]
2022-11-28 01:36:10.044 [info] > git status -z -uall [130ms]
