2022-11-27 16:21:42.164 [info] Validating found git in: git
2022-11-27 16:21:42.164 [info] Using git 2.38.1 from git
2022-11-27 16:21:42.164 [info] > git rev-parse --show-toplevel [3ms]
2022-11-27 16:21:42.165 [info] > git rev-parse --git-dir --git-common-dir [7ms]
2022-11-27 16:21:42.169 [info] Log level: Info
2022-11-27 16:21:42.169 [info] Open repository: /home/lina/lina
2022-11-27 16:21:42.184 [info] > git rev-parse --show-toplevel [4ms]
2022-11-27 16:21:42.188 [info] > git remote --verbose [13ms]
2022-11-27 16:21:42.188 [info] > git for-each-ref --sort -committerdate --format %(refname) %(objectname) %(*objectname) [16ms]
2022-11-27 16:21:42.190 [info] > git rev-parse --show-toplevel [2ms]
2022-11-27 16:21:42.193 [info] > git config --get commit.template [10ms]
2022-11-27 16:21:42.195 [info] > git rev-parse --show-toplevel [3ms]
2022-11-27 16:21:42.201 [info] > git status -z -uall [24ms]
2022-11-27 16:21:42.202 [info] > git rev-parse --show-toplevel [4ms]
2022-11-27 16:21:42.205 [info] > git for-each-ref --format=%(refname)%00%(upstream:short)%00%(objectname)%00%(upstream:track)%00%(upstream:remotename)%00%(upstream:remoteref) refs/heads/master refs/remotes/master [4ms]
2022-11-27 16:21:42.219 [info] > git remote --verbose [5ms]
2022-11-27 16:21:42.219 [info] > git for-each-ref --sort -committerdate --format %(refname) %(objectname) %(*objectname) [8ms]
2022-11-27 16:21:42.220 [info] > git rev-parse --show-toplevel [15ms]
2022-11-27 16:21:42.224 [info] > git config --get commit.template [5ms]
2022-11-27 16:21:42.224 [info] > git rev-parse --show-toplevel [2ms]
2022-11-27 16:21:42.228 [info] > git for-each-ref --format=%(refname)%00%(upstream:short)%00%(objectname)%00%(upstream:track)%00%(upstream:remotename)%00%(upstream:remoteref) refs/heads/master refs/remotes/master [1ms]
2022-11-27 16:21:42.234 [info] > git status -z -uall [19ms]
2022-11-27 16:21:42.705 [info] > git check-ignore -v -z --stdin [2ms]
