[Trace 00:35:41.043] VsCodeClientWorkspace: TextDocument.onDidOpen: file:///home/lina/test/README.md
[Trace 00:35:41.044] VsCodeClientWorkspace: TextDocument.onDidChanceContent: file:///home/lina/test/README.md
[Trace 00:35:41.044] VsCodeClientWorkspace: TextDocument.onDidOpen: file:///home/lina/myCV.md
[Trace 00:35:41.045] VsCodeClientWorkspace: TextDocument.onDidChanceContent: file:///home/lina/myCV.md
[Trace 00:35:41.045] Server: connection.languages.diagnostics.on: file:///home/lina/test/README.md
[Trace 00:35:41.046] Server: connection.languages.diagnostics.on: file:///home/lina/myCV.md
[Trace 00:35:41.060] Server: connection.languages.diagnostics.on: file:///home/lina/test/README.md
[Trace 00:35:41.060] Server: connection.languages.diagnostics.on: file:///home/lina/myCV.md
[Debug 00:35:41.140] LinkProvider: compute - file:///home/lina/test/README.md
[Trace 00:35:41.261] Server: connection.languages.diagnostics.on: file:///home/lina/myCV.md
[Trace 00:35:41.501] Server: connection.languages.diagnostics.on: file:///home/lina/test/README.md
[Trace 00:35:41.588] Server: connection.languages.diagnostics.on: file:///home/lina/myCV.md
[Debug 00:35:41.588] LinkProvider: compute - file:///home/lina/myCV.md
[Trace 00:35:42.607] DocumentSymbolProvider: provideDocumentSymbols — file:///home/lina/myCV.md 1
[Debug 00:35:42.608] TableOfContentsProvider: create - file:///home/lina/myCV.md
[Debug 00:35:43.054] MdFoldingProvider: provideFoldingRanges — file:///home/lina/myCV.md 1
[Trace 00:35:48.006] Server: connection.languages.diagnostics.on: file:///home/lina/test/README.md
[Trace 00:35:48.006] DocumentSymbolProvider: provideDocumentSymbols — file:///home/lina/test/README.md 1
[Debug 00:35:48.006] TableOfContentsProvider: create - file:///home/lina/test/README.md
[Debug 00:35:48.191] MdFoldingProvider: provideFoldingRanges — file:///home/lina/test/README.md 1
[Trace 00:35:48.218] Server: connection.languages.diagnostics.on: file:///home/lina/myCV.md
[Trace 00:35:50.995] VsCodeClientWorkspace: TextDocument.onDidClose: file:///home/lina/test/README.md
[Trace 00:35:50.996] VsCodeClientWorkspace: deleteDocument: file:///home/lina/test/README.md
[Trace 00:35:50.996] Server: connection.languages.diagnostics.on: file:///home/lina/myCV.md
[Debug 00:35:51.170] MdFoldingProvider: provideFoldingRanges — file:///home/lina/myCV.md 1
