2022-11-28 01:35:40.540 [info] Extension host with pid 132 started
2022-11-28 01:35:40.623 [info] ExtensionService#_doActivateExtension vscode.extension-editing, startup: false, activationEvent: 'onLanguage:markdown'
2022-11-28 01:35:40.623 [info] ExtensionService#_doActivateExtension vscode.markdown-language-features, startup: false, activationEvent: 'onLanguage:markdown'
2022-11-28 01:35:40.623 [info] ExtensionService#_doActivateExtension hnw.vscode-auto-open-markdown-preview, startup: false, activationEvent: 'onLanguage:markdown'
2022-11-28 01:35:40.624 [info] ExtensionService#_doActivateExtension vscode.microsoft-authentication, startup: false, activationEvent: 'onAuthenticationRequest:microsoft'
2022-11-28 01:35:40.624 [info] ExtensionService#_doActivateExtension vscode.git-base, startup: true, activationEvent: '*', root cause: vscode.git
2022-11-28 01:35:40.908 [info] ExtensionService#_doActivateExtension vscode.git, startup: true, activationEvent: '*'
2022-11-28 01:35:40.908 [info] ExtensionService#_doActivateExtension vscode.github, startup: true, activationEvent: '*'
2022-11-28 01:35:40.956 [info] Eager extensions activated
2022-11-28 01:35:41.003 [info] ExtensionService#_doActivateExtension vscode.debug-auto-launch, startup: false, activationEvent: 'onStartupFinished'
2022-11-28 01:35:41.003 [info] ExtensionService#_doActivateExtension vscode.emmet, startup: false, activationEvent: 'onStartupFinished'
2022-11-28 01:35:41.003 [info] ExtensionService#_doActivateExtension vscode.merge-conflict, startup: false, activationEvent: 'onStartupFinished'
2022-11-28 01:35:41.004 [info] ExtensionService#_doActivateExtension vscode.github-authentication, startup: false, activationEvent: 'onAuthenticationRequest:github'
2022-11-28 01:35:41.184 [warning] [Decorations] CAPPING events from decorations provider vscode.git 3014
2022-11-28 01:35:41.224 [info] ExtensionService#_doActivateExtension vscode.markdown-math, startup: false, activationEvent: 'api', root cause: vscode.markdown-language-features
2022-11-28 01:35:41.519 [warning] [Decorations] CAPPING events from decorations provider vscode.git 3017
2022-11-28 01:35:44.269 [warning] [Decorations] CAPPING events from decorations provider vscode.git 3017
2022-11-28 01:35:49.422 [warning] [Decorations] CAPPING events from decorations provider vscode.git 3017
2022-11-28 01:35:54.571 [warning] [Decorations] CAPPING events from decorations provider vscode.git 3017
2022-11-28 01:35:59.742 [warning] [Decorations] CAPPING events from decorations provider vscode.git 3017
2022-11-28 01:36:04.888 [warning] [Decorations] CAPPING events from decorations provider vscode.git 3017
2022-11-28 01:36:10.058 [warning] [Decorations] CAPPING events from decorations provider vscode.git 3019
2022-11-28 01:36:13.773 [info] Extension host terminating: received terminate message from renderer
2022-11-28 01:36:13.782 [info] Extension host with pid 132 exiting with code 0
