2022-11-28 02:13:17.691 [info] Validating found git in: git
2022-11-28 02:13:17.691 [info] Using git 2.38.1 from git
2022-11-28 02:13:17.691 [info] > git rev-parse --show-toplevel [2ms]
2022-11-28 02:13:17.692 [info] > git rev-parse --git-dir --git-common-dir [12ms]
2022-11-28 02:13:17.699 [info] Log level: Info
2022-11-28 02:13:17.699 [info] Open repository: /home/lina
2022-11-28 02:13:17.720 [info] > git remote --verbose [14ms]
2022-11-28 02:13:17.721 [info] > git for-each-ref --sort -committerdate --format %(refname) %(objectname) %(*objectname) [18ms]
2022-11-28 02:13:17.723 [info] > git config --get commit.template [4ms]
2022-11-28 02:13:17.728 [info] > git for-each-ref --format=%(refname)%00%(upstream:short)%00%(objectname)%00%(upstream:track)%00%(upstream:remotename)%00%(upstream:remoteref) refs/heads/main refs/remotes/main [1ms]
2022-11-28 02:13:17.839 [info] > git status -z -uall [129ms]
2022-11-28 02:13:17.906 [info] > git remote --verbose [8ms]
2022-11-28 02:13:17.906 [info] > git for-each-ref --sort -committerdate --format %(refname) %(objectname) %(*objectname) [12ms]
2022-11-28 02:13:17.914 [info] > git config --get commit.template [8ms]
2022-11-28 02:13:17.915 [info] > git for-each-ref --format=%(refname)%00%(upstream:short)%00%(objectname)%00%(upstream:track)%00%(upstream:remotename)%00%(upstream:remoteref) refs/heads/main refs/remotes/main [2ms]
2022-11-28 02:13:18.248 [info] > git status -z -uall [348ms]
2022-11-28 02:13:18.295 [info] > git check-ignore -v -z --stdin [10ms]
2022-11-28 02:13:18.728 [info] > git show --textconv :markdown-cv/README.md [10ms]
2022-11-28 02:13:18.730 [info] > git ls-files --stage -- /home/lina/markdown-cv/README.md [5ms]
2022-11-28 02:13:19.246 [info] > git check-ignore -v -z --stdin [27ms]
2022-11-28 02:13:20.051 [info] > git remote --verbose [17ms]
2022-11-28 02:13:20.051 [info] > git for-each-ref --sort -committerdate --format %(refname) %(objectname) %(*objectname) [27ms]
2022-11-28 02:13:20.055 [info] > git config --get commit.template [5ms]
2022-11-28 02:13:20.061 [info] > git for-each-ref --format=%(refname)%00%(upstream:short)%00%(objectname)%00%(upstream:track)%00%(upstream:remotename)%00%(upstream:remoteref) refs/heads/main refs/remotes/main [1ms]
2022-11-28 02:13:20.154 [info] > git status -z -uall [114ms]
2022-11-28 02:13:25.203 [info] > git remote --verbose [12ms]
2022-11-28 02:13:25.204 [info] > git for-each-ref --sort -committerdate --format %(refname) %(objectname) %(*objectname) [17ms]
2022-11-28 02:13:25.205 [info] > git config --get commit.template [2ms]
2022-11-28 02:13:25.212 [info] > git for-each-ref --format=%(refname)%00%(upstream:short)%00%(objectname)%00%(upstream:track)%00%(upstream:remotename)%00%(upstream:remoteref) refs/heads/main refs/remotes/main [1ms]
2022-11-28 02:13:25.310 [info] > git status -z -uall [115ms]
2022-11-28 02:13:30.374 [info] > git remote --verbose [17ms]
2022-11-28 02:13:30.375 [info] > git for-each-ref --sort -committerdate --format %(refname) %(objectname) %(*objectname) [25ms]
2022-11-28 02:13:30.381 [info] > git config --get commit.template [7ms]
2022-11-28 02:13:30.382 [info] > git for-each-ref --format=%(refname)%00%(upstream:short)%00%(objectname)%00%(upstream:track)%00%(upstream:remotename)%00%(upstream:remoteref) refs/heads/main refs/remotes/main [2ms]
2022-11-28 02:13:30.476 [info] > git status -z -uall [112ms]
2022-11-28 02:13:35.529 [info] > git remote --verbose [17ms]
2022-11-28 02:13:35.530 [info] > git for-each-ref --sort -committerdate --format %(refname) %(objectname) %(*objectname) [24ms]
2022-11-28 02:13:35.536 [info] > git config --get commit.template [8ms]
2022-11-28 02:13:35.536 [info] > git for-each-ref --format=%(refname)%00%(upstream:short)%00%(objectname)%00%(upstream:track)%00%(upstream:remotename)%00%(upstream:remoteref) refs/heads/main refs/remotes/main [1ms]
2022-11-28 02:13:35.630 [info] > git status -z -uall [110ms]
2022-11-28 02:13:40.681 [info] > git remote --verbose [19ms]
2022-11-28 02:13:40.682 [info] > git for-each-ref --sort -committerdate --format %(refname) %(objectname) %(*objectname) [23ms]
2022-11-28 02:13:40.682 [info] > git config --get commit.template [2ms]
2022-11-28 02:13:40.688 [info] > git for-each-ref --format=%(refname)%00%(upstream:short)%00%(objectname)%00%(upstream:track)%00%(upstream:remotename)%00%(upstream:remoteref) refs/heads/main refs/remotes/main [0ms]
2022-11-28 02:13:40.779 [info] > git status -z -uall [112ms]
2022-11-28 02:13:45.835 [info] > git remote --verbose [16ms]
2022-11-28 02:13:45.835 [info] > git for-each-ref --sort -committerdate --format %(refname) %(objectname) %(*objectname) [27ms]
2022-11-28 02:13:45.842 [info] > git config --get commit.template [9ms]
2022-11-28 02:13:45.843 [info] > git for-each-ref --format=%(refname)%00%(upstream:short)%00%(objectname)%00%(upstream:track)%00%(upstream:remotename)%00%(upstream:remoteref) refs/heads/main refs/remotes/main [2ms]
2022-11-28 02:13:45.935 [info] > git status -z -uall [112ms]
2022-11-28 02:13:50.990 [info] > git remote --verbose [18ms]
2022-11-28 02:13:50.991 [info] > git for-each-ref --sort -committerdate --format %(refname) %(objectname) %(*objectname) [27ms]
2022-11-28 02:13:50.992 [info] > git config --get commit.template [4ms]
2022-11-28 02:13:51.001 [info] > git for-each-ref --format=%(refname)%00%(upstream:short)%00%(objectname)%00%(upstream:track)%00%(upstream:remotename)%00%(upstream:remoteref) refs/heads/main refs/remotes/main [2ms]
2022-11-28 02:13:51.094 [info] > git status -z -uall [116ms]
2022-11-28 02:14:02.429 [info] > git remote --verbose [12ms]
2022-11-28 02:14:02.429 [info] > git for-each-ref --sort -committerdate --format %(refname) %(objectname) %(*objectname) [17ms]
2022-11-28 02:14:02.435 [info] > git config --get commit.template [8ms]
2022-11-28 02:14:02.436 [info] > git for-each-ref --format=%(refname)%00%(upstream:short)%00%(objectname)%00%(upstream:track)%00%(upstream:remotename)%00%(upstream:remoteref) refs/heads/main refs/remotes/main [1ms]
2022-11-28 02:14:02.544 [info] > git status -z -uall [124ms]
2022-11-28 02:14:07.602 [info] > git remote --verbose [14ms]
2022-11-28 02:14:07.602 [info] > git for-each-ref --sort -committerdate --format %(refname) %(objectname) %(*objectname) [21ms]
2022-11-28 02:14:07.604 [info] > git config --get commit.template [3ms]
2022-11-28 02:14:07.610 [info] > git for-each-ref --format=%(refname)%00%(upstream:short)%00%(objectname)%00%(upstream:track)%00%(upstream:remotename)%00%(upstream:remoteref) refs/heads/main refs/remotes/main [1ms]
2022-11-28 02:14:07.701 [info] > git status -z -uall [109ms]
2022-11-28 02:14:33.888 [info] > git remote --verbose [7ms]
2022-11-28 02:14:33.888 [info] > git for-each-ref --sort -committerdate --format %(refname) %(objectname) %(*objectname) [12ms]
2022-11-28 02:14:33.924 [info] > git config --get commit.template [37ms]
2022-11-28 02:14:33.932 [info] > git for-each-ref --format=%(refname)%00%(upstream:short)%00%(objectname)%00%(upstream:track)%00%(upstream:remotename)%00%(upstream:remoteref) refs/heads/main refs/remotes/main [1ms]
2022-11-28 02:14:34.026 [info] > git status -z -uall [145ms]
2022-11-28 02:14:52.137 [info] > git remote --verbose [10ms]
2022-11-28 02:14:52.137 [info] > git for-each-ref --sort -committerdate --format %(refname) %(objectname) %(*objectname) [15ms]
2022-11-28 02:14:52.138 [info] > git config --get commit.template [3ms]
2022-11-28 02:14:52.145 [info] > git for-each-ref --format=%(refname)%00%(upstream:short)%00%(objectname)%00%(upstream:track)%00%(upstream:remotename)%00%(upstream:remoteref) refs/heads/main refs/remotes/main [1ms]
2022-11-28 02:14:52.243 [info] > git status -z -uall [114ms]
2022-11-28 02:14:58.073 [info] > git add -A -- . [1569ms]
2022-11-28 02:14:58.155 [info] > git -c user.useConfigOnly=true commit --quiet --allow-empty-message --file - [77ms]
2022-11-28 02:14:58.176 [info] > git remote --verbose [11ms]
2022-11-28 02:14:58.176 [info] > git for-each-ref --sort -committerdate --format %(refname) %(objectname) %(*objectname) [16ms]
2022-11-28 02:14:58.182 [info] > git config --get commit.template [7ms]
2022-11-28 02:14:58.183 [info] > git for-each-ref --format=%(refname)%00%(upstream:short)%00%(objectname)%00%(upstream:track)%00%(upstream:remotename)%00%(upstream:remoteref) refs/heads/main refs/remotes/main [0ms]
2022-11-28 02:14:58.220 [info] > git status -z -uall [52ms]
2022-11-28 02:14:58.257 [info] > git remote --verbose [19ms]
2022-11-28 02:14:58.257 [info] > git for-each-ref --sort -committerdate --format %(refname) %(objectname) %(*objectname) [23ms]
2022-11-28 02:14:58.258 [info] > git config --get commit.template [1ms]
2022-11-28 02:14:58.258 [info] > git config --get commit.template [8ms]
2022-11-28 02:14:58.264 [info] > git for-each-ref --format=%(refname)%00%(upstream:short)%00%(objectname)%00%(upstream:track)%00%(upstream:remotename)%00%(upstream:remoteref) refs/heads/main refs/remotes/main [1ms]
2022-11-28 02:14:58.301 [info] > git status -z -uall [59ms]
2022-11-28 02:14:59.062 [info] > git check-ignore -v -z --stdin [9ms]
2022-11-28 02:14:59.667 [info] > git ls-files --stage -- /home/lina/markdown-cv/README.md [6ms]
2022-11-28 02:14:59.678 [info] > git cat-file -s bc1453c0842389734401ddfb0e7320c18f8c5ed3 [1ms]
2022-11-28 02:14:59.699 [info] > git show --textconv :markdown-cv/README.md [7ms]
2022-11-28 02:15:10.153 [info] > git remote --verbose [10ms]
2022-11-28 02:15:10.153 [info] > git for-each-ref --sort -committerdate --format %(refname) %(objectname) %(*objectname) [15ms]
2022-11-28 02:15:10.158 [info] > git config --get commit.template [7ms]
2022-11-28 02:15:10.158 [info] > git for-each-ref --format=%(refname)%00%(upstream:short)%00%(objectname)%00%(upstream:track)%00%(upstream:remotename)%00%(upstream:remoteref) refs/heads/main refs/remotes/main [0ms]
2022-11-28 02:15:10.202 [info] > git status -z -uall [57ms]
2022-11-28 02:15:10.829 [info] > git check-ignore -v -z --stdin [5ms]
2022-11-28 02:15:15.231 [info] > git remote --verbose [14ms]
2022-11-28 02:15:15.231 [info] > git for-each-ref --sort -committerdate --format %(refname) %(objectname) %(*objectname) [21ms]
2022-11-28 02:15:15.232 [info] > git config --get commit.template [3ms]
2022-11-28 02:15:15.239 [info] > git for-each-ref --format=%(refname)%00%(upstream:short)%00%(objectname)%00%(upstream:track)%00%(upstream:remotename)%00%(upstream:remoteref) refs/heads/main refs/remotes/main [1ms]
2022-11-28 02:15:15.285 [info] > git status -z -uall [63ms]
2022-11-28 02:15:15.932 [info] > git check-ignore -v -z --stdin [5ms]
2022-11-28 02:15:20.315 [info] > git remote --verbose [15ms]
2022-11-28 02:15:20.315 [info] > git for-each-ref --sort -committerdate --format %(refname) %(objectname) %(*objectname) [22ms]
2022-11-28 02:15:20.321 [info] > git config --get commit.template [7ms]
2022-11-28 02:15:20.321 [info] > git for-each-ref --format=%(refname)%00%(upstream:short)%00%(objectname)%00%(upstream:track)%00%(upstream:remotename)%00%(upstream:remoteref) refs/heads/main refs/remotes/main [1ms]
2022-11-28 02:15:20.361 [info] > git status -z -uall [56ms]
2022-11-28 02:17:25.295 [info] > git remote --verbose [9ms]
2022-11-28 02:17:25.295 [info] > git for-each-ref --sort -committerdate --format %(refname) %(objectname) %(*objectname) [14ms]
2022-11-28 02:17:25.301 [info] > git config --get commit.template [7ms]
2022-11-28 02:17:25.301 [info] > git for-each-ref --format=%(refname)%00%(upstream:short)%00%(objectname)%00%(upstream:track)%00%(upstream:remotename)%00%(upstream:remoteref) refs/heads/main refs/remotes/main [1ms]
2022-11-28 02:17:25.350 [info] > git status -z -uall [61ms]
2022-11-28 02:17:26.023 [info] > git check-ignore -v -z --stdin [16ms]
2022-11-28 02:17:30.375 [info] > git remote --verbose [13ms]
2022-11-28 02:17:30.376 [info] > git for-each-ref --sort -committerdate --format %(refname) %(objectname) %(*objectname) [18ms]
2022-11-28 02:17:30.376 [info] > git config --get commit.template [2ms]
2022-11-28 02:17:30.383 [info] > git for-each-ref --format=%(refname)%00%(upstream:short)%00%(objectname)%00%(upstream:track)%00%(upstream:remotename)%00%(upstream:remoteref) refs/heads/main refs/remotes/main [1ms]
2022-11-28 02:17:30.429 [info] > git status -z -uall [61ms]
2022-11-28 02:17:35.462 [info] > git remote --verbose [18ms]
2022-11-28 02:17:35.463 [info] > git for-each-ref --sort -committerdate --format %(refname) %(objectname) %(*objectname) [25ms]
2022-11-28 02:17:35.498 [info] > git config --get commit.template [36ms]
2022-11-28 02:17:35.507 [info] > git for-each-ref --format=%(refname)%00%(upstream:short)%00%(objectname)%00%(upstream:track)%00%(upstream:remotename)%00%(upstream:remoteref) refs/heads/main refs/remotes/main [2ms]
2022-11-28 02:17:35.556 [info] > git status -z -uall [106ms]
2022-11-28 02:18:26.284 [info] > git remote --verbose [8ms]
2022-11-28 02:18:26.285 [info] > git for-each-ref --sort -committerdate --format %(refname) %(objectname) %(*objectname) [13ms]
2022-11-28 02:18:26.292 [info] > git config --get commit.template [8ms]
2022-11-28 02:18:26.293 [info] > git for-each-ref --format=%(refname)%00%(upstream:short)%00%(objectname)%00%(upstream:track)%00%(upstream:remotename)%00%(upstream:remoteref) refs/heads/main refs/remotes/main [1ms]
2022-11-28 02:18:26.341 [info] > git status -z -uall [62ms]
2022-11-28 02:18:27.011 [info] > git check-ignore -v -z --stdin [10ms]
2022-11-28 02:18:31.371 [info] > git remote --verbose [15ms]
2022-11-28 02:18:31.372 [info] > git for-each-ref --sort -committerdate --format %(refname) %(objectname) %(*objectname) [21ms]
2022-11-28 02:18:31.377 [info] > git config --get commit.template [7ms]
2022-11-28 02:18:31.382 [info] > git for-each-ref --format=%(refname)%00%(upstream:short)%00%(objectname)%00%(upstream:track)%00%(upstream:remotename)%00%(upstream:remoteref) refs/heads/main refs/remotes/main [1ms]
2022-11-28 02:18:31.426 [info] > git status -z -uall [64ms]
2022-11-28 02:19:20.640 [info] > git remote --verbose [8ms]
2022-11-28 02:19:20.641 [info] > git for-each-ref --sort -committerdate --format %(refname) %(objectname) %(*objectname) [11ms]
2022-11-28 02:19:20.641 [info] > git config --get commit.template [1ms]
2022-11-28 02:19:20.650 [info] > git for-each-ref --format=%(refname)%00%(upstream:short)%00%(objectname)%00%(upstream:track)%00%(upstream:remotename)%00%(upstream:remoteref) refs/heads/main refs/remotes/main [1ms]
2022-11-28 02:19:20.699 [info] > git status -z -uall [64ms]
2022-11-28 02:19:21.396 [info] > git check-ignore -v -z --stdin [12ms]
2022-11-28 02:19:26.105 [info] > git remote --verbose [8ms]
2022-11-28 02:19:26.105 [info] > git for-each-ref --sort -committerdate --format %(refname) %(objectname) %(*objectname) [13ms]
2022-11-28 02:19:26.115 [info] > git config --get commit.template [11ms]
2022-11-28 02:19:26.120 [info] > git for-each-ref --format=%(refname)%00%(upstream:short)%00%(objectname)%00%(upstream:track)%00%(upstream:remotename)%00%(upstream:remoteref) refs/heads/main refs/remotes/main [2ms]
2022-11-28 02:19:26.167 [info] > git status -z -uall [68ms]
2022-11-28 02:19:26.834 [info] > git check-ignore -v -z --stdin [11ms]
2022-11-28 02:19:45.008 [info] > git remote --verbose [10ms]
2022-11-28 02:19:45.008 [info] > git for-each-ref --sort -committerdate --format %(refname) %(objectname) %(*objectname) [15ms]
2022-11-28 02:19:45.013 [info] > git config --get commit.template [6ms]
2022-11-28 02:19:45.025 [info] > git for-each-ref --format=%(refname)%00%(upstream:short)%00%(objectname)%00%(upstream:track)%00%(upstream:remotename)%00%(upstream:remoteref) refs/heads/main refs/remotes/main [8ms]
2022-11-28 02:19:45.073 [info] > git status -z -uall [72ms]
2022-11-28 02:19:45.769 [info] > git check-ignore -v -z --stdin [19ms]
2022-11-28 02:19:50.100 [info] > git remote --verbose [10ms]
2022-11-28 02:19:50.100 [info] > git for-each-ref --sort -committerdate --format %(refname) %(objectname) %(*objectname) [15ms]
2022-11-28 02:19:50.103 [info] > git config --get commit.template [3ms]
2022-11-28 02:19:50.109 [info] > git for-each-ref --format=%(refname)%00%(upstream:short)%00%(objectname)%00%(upstream:track)%00%(upstream:remotename)%00%(upstream:remoteref) refs/heads/main refs/remotes/main [1ms]
2022-11-28 02:19:50.167 [info] > git status -z -uall [74ms]
2022-11-28 02:20:19.875 [info] > git remote --verbose [10ms]
2022-11-28 02:20:19.876 [info] > git for-each-ref --sort -committerdate --format %(refname) %(objectname) %(*objectname) [16ms]
2022-11-28 02:20:19.885 [info] > git config --get commit.template [10ms]
2022-11-28 02:20:19.886 [info] > git for-each-ref --format=%(refname)%00%(upstream:short)%00%(objectname)%00%(upstream:track)%00%(upstream:remotename)%00%(upstream:remoteref) refs/heads/main refs/remotes/main [1ms]
2022-11-28 02:20:19.942 [info] > git status -z -uall [74ms]
2022-11-28 02:20:20.604 [info] > git check-ignore -v -z --stdin [7ms]
2022-11-28 02:20:24.977 [info] > git remote --verbose [18ms]
2022-11-28 02:20:24.977 [info] > git for-each-ref --sort -committerdate --format %(refname) %(objectname) %(*objectname) [24ms]
2022-11-28 02:20:24.986 [info] > git config --get commit.template [9ms]
2022-11-28 02:20:24.986 [info] > git for-each-ref --format=%(refname)%00%(upstream:short)%00%(objectname)%00%(upstream:track)%00%(upstream:remotename)%00%(upstream:remoteref) refs/heads/main refs/remotes/main [1ms]
2022-11-28 02:20:25.043 [info] > git status -z -uall [77ms]
2022-11-28 02:20:30.075 [info] > git remote --verbose [16ms]
2022-11-28 02:20:30.075 [info] > git for-each-ref --sort -committerdate --format %(refname) %(objectname) %(*objectname) [22ms]
2022-11-28 02:20:30.082 [info] > git config --get commit.template [8ms]
2022-11-28 02:20:30.083 [info] > git for-each-ref --format=%(refname)%00%(upstream:short)%00%(objectname)%00%(upstream:track)%00%(upstream:remotename)%00%(upstream:remoteref) refs/heads/main refs/remotes/main [1ms]
2022-11-28 02:20:30.138 [info] > git status -z -uall [71ms]
2022-11-28 02:20:35.175 [info] > git remote --verbose [18ms]
2022-11-28 02:20:35.175 [info] > git for-each-ref --sort -committerdate --format %(refname) %(objectname) %(*objectname) [26ms]
2022-11-28 02:20:35.182 [info] > git config --get commit.template [8ms]
2022-11-28 02:20:35.182 [info] > git for-each-ref --format=%(refname)%00%(upstream:short)%00%(objectname)%00%(upstream:track)%00%(upstream:remotename)%00%(upstream:remoteref) refs/heads/main refs/remotes/main [1ms]
2022-11-28 02:20:35.265 [info] > git status -z -uall [100ms]
2022-11-28 02:20:35.956 [info] > git check-ignore -v -z --stdin [9ms]
2022-11-28 02:20:39.721 [info] > git remote add markdown-cv https://github.com/linarawwas/markdown-cv.git [2ms]
2022-11-28 02:20:39.740 [info] > git remote --verbose [12ms]
2022-11-28 02:20:39.741 [info] > git for-each-ref --sort -committerdate --format %(refname) %(objectname) %(*objectname) [15ms]
2022-11-28 02:20:39.741 [info] > git config --get commit.template [2ms]
2022-11-28 02:20:39.747 [info] > git for-each-ref --format=%(refname)%00%(upstream:short)%00%(objectname)%00%(upstream:track)%00%(upstream:remotename)%00%(upstream:remoteref) refs/heads/main refs/remotes/main [1ms]
2022-11-28 02:20:39.830 [info] > git status -z -uall [98ms]
2022-11-28 02:20:40.549 [info] > git fetch markdown-cv [712ms]
2022-11-28 02:20:40.579 [info] > git remote --verbose [14ms]
2022-11-28 02:20:40.579 [info] > git for-each-ref --sort -committerdate --format %(refname) %(objectname) %(*objectname) [22ms]
2022-11-28 02:20:40.584 [info] > git config --get commit.template [6ms]
2022-11-28 02:20:40.585 [info] > git for-each-ref --format=%(refname)%00%(upstream:short)%00%(objectname)%00%(upstream:track)%00%(upstream:remotename)%00%(upstream:remoteref) refs/heads/main refs/remotes/main [1ms]
2022-11-28 02:20:40.664 [info] > git status -z -uall [93ms]
2022-11-28 02:20:41.110 [info] > git ls-files --stage -- /home/lina/markdown-cv/README.md [6ms]
2022-11-28 02:20:41.118 [info] > git cat-file -s bc1453c0842389734401ddfb0e7320c18f8c5ed3 [1ms]
2022-11-28 02:20:41.131 [info] > git show --textconv :markdown-cv/README.md [3ms]
