2022-11-28 00:34:15.780 [info] Validating found git in: git
2022-11-28 00:34:15.780 [info] Using git 2.38.1 from git
2022-11-28 00:34:57.744 [info] > git rev-parse --show-toplevel [4ms]
2022-11-28 00:34:57.750 [info] > git rev-parse --git-dir --git-common-dir [1ms]
2022-11-28 00:34:57.755 [info] Log level: Info
2022-11-28 00:34:57.755 [info] Open repository: /home/lina
2022-11-28 00:34:57.768 [info] > git remote --verbose [8ms]
2022-11-28 00:34:57.769 [info] > git for-each-ref --sort -committerdate --format %(refname) %(objectname) %(*objectname) [11ms]
2022-11-28 00:34:57.770 [info] > git config --get commit.template [2ms]
2022-11-28 00:34:57.782 [info] > git for-each-ref --format=%(refname)%00%(upstream:short)%00%(objectname)%00%(upstream:track)%00%(upstream:remotename)%00%(upstream:remoteref) refs/heads/master refs/remotes/master [7ms]
2022-11-28 00:34:57.919 [info] > git status -z -uall [156ms]
2022-11-28 00:34:58.007 [info] > git remote --verbose [14ms]
2022-11-28 00:34:58.008 [info] > git for-each-ref --sort -committerdate --format %(refname) %(objectname) %(*objectname) [18ms]
2022-11-28 00:34:58.010 [info] > git config --get commit.template [8ms]
2022-11-28 00:34:58.019 [info] > git for-each-ref --format=%(refname)%00%(upstream:short)%00%(objectname)%00%(upstream:track)%00%(upstream:remotename)%00%(upstream:remoteref) refs/heads/master refs/remotes/master [3ms]
2022-11-28 00:34:58.398 [info] > git status -z -uall [402ms]
2022-11-28 00:34:58.398 [info] > git check-ignore -v -z --stdin [5ms]
2022-11-28 00:34:58.920 [info] > git show --textconv :index.html [413ms]
2022-11-28 00:34:58.921 [info] > git ls-files --stage -- /home/lina/index.html [407ms]
2022-11-28 00:34:58.928 [info] > git cat-file -s e69de29bb2d1d6434b8b29ae775ad8c2e48c5391 [3ms]
2022-11-28 00:34:59.537 [info] > git remote --verbose [18ms]
2022-11-28 00:34:59.537 [info] > git for-each-ref --sort -committerdate --format %(refname) %(objectname) %(*objectname) [26ms]
2022-11-28 00:34:59.543 [info] > git config --get commit.template [7ms]
2022-11-28 00:34:59.543 [info] > git for-each-ref --format=%(refname)%00%(upstream:short)%00%(objectname)%00%(upstream:track)%00%(upstream:remotename)%00%(upstream:remoteref) refs/heads/master refs/remotes/master [1ms]
2022-11-28 00:34:59.617 [info] > git status -z -uall [92ms]
2022-11-28 00:35:04.685 [info] > git remote --verbose [17ms]
2022-11-28 00:35:04.686 [info] > git for-each-ref --sort -committerdate --format %(refname) %(objectname) %(*objectname) [26ms]
2022-11-28 00:35:04.686 [info] > git config --get commit.template [1ms]
2022-11-28 00:35:04.692 [info] > git for-each-ref --format=%(refname)%00%(upstream:short)%00%(objectname)%00%(upstream:track)%00%(upstream:remotename)%00%(upstream:remoteref) refs/heads/master refs/remotes/master [0ms]
2022-11-28 00:35:04.764 [info] > git status -z -uall [90ms]
2022-11-28 00:35:34.574 [info] > git remote --verbose [10ms]
2022-11-28 00:35:34.574 [info] > git for-each-ref --sort -committerdate --format %(refname) %(objectname) %(*objectname) [14ms]
2022-11-28 00:35:34.575 [info] > git config --get commit.template [2ms]
2022-11-28 00:35:34.579 [info] > git for-each-ref --format=%(refname)%00%(upstream:short)%00%(objectname)%00%(upstream:track)%00%(upstream:remotename)%00%(upstream:remoteref) refs/heads/master refs/remotes/master [1ms]
2022-11-28 00:35:34.718 [info] > git status -z -uall [151ms]
2022-11-28 00:35:35.413 [info] > git show --textconv :myCV.md [12ms]
2022-11-28 00:35:35.419 [info] > git ls-files --stage -- /home/lina/myCV.md [7ms]
2022-11-28 00:35:35.822 [info] > git check-ignore -v -z --stdin [7ms]
2022-11-28 00:35:39.816 [info] > git remote --verbose [19ms]
2022-11-28 00:35:39.816 [info] > git for-each-ref --sort -committerdate --format %(refname) %(objectname) %(*objectname) [26ms]
2022-11-28 00:35:39.819 [info] > git config --get commit.template [3ms]
2022-11-28 00:35:39.824 [info] > git for-each-ref --format=%(refname)%00%(upstream:short)%00%(objectname)%00%(upstream:track)%00%(upstream:remotename)%00%(upstream:remoteref) refs/heads/master refs/remotes/master [1ms]
2022-11-28 00:35:39.902 [info] > git status -z -uall [98ms]
2022-11-28 00:38:18.147 [info] > git remote --verbose [11ms]
2022-11-28 00:38:18.147 [info] > git for-each-ref --sort -committerdate --format %(refname) %(objectname) %(*objectname) [16ms]
2022-11-28 00:38:18.148 [info] > git config --get commit.template [1ms]
2022-11-28 00:38:18.152 [info] > git for-each-ref --format=%(refname)%00%(upstream:short)%00%(objectname)%00%(upstream:track)%00%(upstream:remotename)%00%(upstream:remoteref) refs/heads/master refs/remotes/master [1ms]
2022-11-28 00:38:18.235 [info] > git status -z -uall [96ms]
2022-11-28 00:38:23.317 [info] > git remote --verbose [21ms]
2022-11-28 00:38:23.317 [info] > git for-each-ref --sort -committerdate --format %(refname) %(objectname) %(*objectname) [29ms]
2022-11-28 00:38:23.318 [info] > git config --get commit.template [3ms]
2022-11-28 00:38:23.325 [info] > git for-each-ref --format=%(refname)%00%(upstream:short)%00%(objectname)%00%(upstream:track)%00%(upstream:remotename)%00%(upstream:remoteref) refs/heads/master refs/remotes/master [1ms]
2022-11-28 00:38:23.404 [info] > git status -z -uall [100ms]
2022-11-28 00:38:41.550 [info] > git remote --verbose [14ms]
2022-11-28 00:38:41.550 [info] > git for-each-ref --sort -committerdate --format %(refname) %(objectname) %(*objectname) [18ms]
2022-11-28 00:38:41.552 [info] > git config --get commit.template [2ms]
2022-11-28 00:38:41.556 [info] > git for-each-ref --format=%(refname)%00%(upstream:short)%00%(objectname)%00%(upstream:track)%00%(upstream:remotename)%00%(upstream:remoteref) refs/heads/master refs/remotes/master [1ms]
2022-11-28 00:38:41.636 [info] > git status -z -uall [93ms]
2022-11-28 00:40:52.610 [info] > git remote --verbose [9ms]
2022-11-28 00:40:52.610 [info] > git for-each-ref --sort -committerdate --format %(refname) %(objectname) %(*objectname) [14ms]
2022-11-28 00:40:52.611 [info] > git config --get commit.template [3ms]
2022-11-28 00:40:52.616 [info] > git for-each-ref --format=%(refname)%00%(upstream:short)%00%(objectname)%00%(upstream:track)%00%(upstream:remotename)%00%(upstream:remoteref) refs/heads/master refs/remotes/master [0ms]
2022-11-28 00:40:52.694 [info] > git status -z -uall [90ms]
2022-11-28 00:40:55.497 [info] > git check-ignore -v -z --stdin [10ms]
2022-11-28 00:40:57.769 [info] > git remote --verbose [17ms]
2022-11-28 00:40:57.769 [info] > git for-each-ref --sort -committerdate --format %(refname) %(objectname) %(*objectname) [26ms]
2022-11-28 00:40:57.770 [info] > git config --get commit.template [2ms]
2022-11-28 00:40:57.776 [info] > git for-each-ref --format=%(refname)%00%(upstream:short)%00%(objectname)%00%(upstream:track)%00%(upstream:remotename)%00%(upstream:remoteref) refs/heads/master refs/remotes/master [0ms]
2022-11-28 00:40:57.857 [info] > git status -z -uall [99ms]
2022-11-28 00:41:02.932 [info] > git remote --verbose [22ms]
2022-11-28 00:41:02.933 [info] > git for-each-ref --sort -committerdate --format %(refname) %(objectname) %(*objectname) [31ms]
2022-11-28 00:41:02.934 [info] > git config --get commit.template [2ms]
2022-11-28 00:41:02.939 [info] > git for-each-ref --format=%(refname)%00%(upstream:short)%00%(objectname)%00%(upstream:track)%00%(upstream:remotename)%00%(upstream:remoteref) refs/heads/master refs/remotes/master [0ms]
2022-11-28 00:41:03.019 [info] > git status -z -uall [100ms]
2022-11-28 00:41:08.085 [info] > git remote --verbose [17ms]
2022-11-28 00:41:08.085 [info] > git for-each-ref --sort -committerdate --format %(refname) %(objectname) %(*objectname) [23ms]
2022-11-28 00:41:08.086 [info] > git config --get commit.template [2ms]
2022-11-28 00:41:08.094 [info] > git for-each-ref --format=%(refname)%00%(upstream:short)%00%(objectname)%00%(upstream:track)%00%(upstream:remotename)%00%(upstream:remoteref) refs/heads/master refs/remotes/master [1ms]
2022-11-28 00:41:08.167 [info] > git status -z -uall [93ms]
2022-11-28 00:41:13.244 [info] > git remote --verbose [23ms]
2022-11-28 00:41:13.244 [info] > git for-each-ref --sort -committerdate --format %(refname) %(objectname) %(*objectname) [30ms]
2022-11-28 00:41:13.245 [info] > git config --get commit.template [2ms]
2022-11-28 00:41:13.251 [info] > git for-each-ref --format=%(refname)%00%(upstream:short)%00%(objectname)%00%(upstream:track)%00%(upstream:remotename)%00%(upstream:remoteref) refs/heads/master refs/remotes/master [1ms]
2022-11-28 00:41:13.324 [info] > git status -z -uall [93ms]
2022-11-28 00:41:14.154 [info] > git show --textconv :myCV.md [12ms]
2022-11-28 00:41:14.161 [info] > git ls-files --stage -- /home/lina/myCV.md [8ms]
2022-11-28 00:41:18.403 [info] > git remote --verbose [22ms]
2022-11-28 00:41:18.403 [info] > git for-each-ref --sort -committerdate --format %(refname) %(objectname) %(*objectname) [33ms]
2022-11-28 00:41:18.410 [info] > git config --get commit.template [7ms]
2022-11-28 00:41:18.410 [info] > git for-each-ref --format=%(refname)%00%(upstream:short)%00%(objectname)%00%(upstream:track)%00%(upstream:remotename)%00%(upstream:remoteref) refs/heads/master refs/remotes/master [1ms]
2022-11-28 00:41:18.490 [info] > git status -z -uall [99ms]
2022-11-28 00:42:31.506 [info] > git remote --verbose [9ms]
2022-11-28 00:42:31.507 [info] > git for-each-ref --sort -committerdate --format %(refname) %(objectname) %(*objectname) [12ms]
2022-11-28 00:42:31.511 [info] > git config --get commit.template [6ms]
2022-11-28 00:42:31.512 [info] > git for-each-ref --format=%(refname)%00%(upstream:short)%00%(objectname)%00%(upstream:track)%00%(upstream:remotename)%00%(upstream:remoteref) refs/heads/master refs/remotes/master [1ms]
2022-11-28 00:42:31.592 [info] > git status -z -uall [92ms]
2022-11-28 00:42:36.669 [info] > git remote --verbose [21ms]
2022-11-28 00:42:36.669 [info] > git for-each-ref --sort -committerdate --format %(refname) %(objectname) %(*objectname) [27ms]
2022-11-28 00:42:36.670 [info] > git config --get commit.template [3ms]
2022-11-28 00:42:36.675 [info] > git for-each-ref --format=%(refname)%00%(upstream:short)%00%(objectname)%00%(upstream:track)%00%(upstream:remotename)%00%(upstream:remoteref) refs/heads/master refs/remotes/master [0ms]
2022-11-28 00:42:36.750 [info] > git status -z -uall [94ms]
2022-11-28 00:42:41.820 [info] > git remote --verbose [17ms]
2022-11-28 00:42:41.820 [info] > git for-each-ref --sort -committerdate --format %(refname) %(objectname) %(*objectname) [26ms]
2022-11-28 00:42:41.826 [info] > git config --get commit.template [7ms]
2022-11-28 00:42:41.827 [info] > git for-each-ref --format=%(refname)%00%(upstream:short)%00%(objectname)%00%(upstream:track)%00%(upstream:remotename)%00%(upstream:remoteref) refs/heads/master refs/remotes/master [1ms]
2022-11-28 00:42:41.903 [info] > git status -z -uall [95ms]
2022-11-28 00:42:48.123 [info] > git remote --verbose [18ms]
2022-11-28 00:42:48.123 [info] > git for-each-ref --sort -committerdate --format %(refname) %(objectname) %(*objectname) [28ms]
2022-11-28 00:42:48.124 [info] > git config --get commit.template [2ms]
2022-11-28 00:42:48.130 [info] > git for-each-ref --format=%(refname)%00%(upstream:short)%00%(objectname)%00%(upstream:track)%00%(upstream:remotename)%00%(upstream:remoteref) refs/heads/master refs/remotes/master [1ms]
2022-11-28 00:42:48.207 [info] > git status -z -uall [96ms]
2022-11-28 00:42:53.295 [info] > git remote --verbose [21ms]
2022-11-28 00:42:53.295 [info] > git for-each-ref --sort -committerdate --format %(refname) %(objectname) %(*objectname) [28ms]
2022-11-28 00:42:53.301 [info] > git config --get commit.template [7ms]
2022-11-28 00:42:53.302 [info] > git for-each-ref --format=%(refname)%00%(upstream:short)%00%(objectname)%00%(upstream:track)%00%(upstream:remotename)%00%(upstream:remoteref) refs/heads/master refs/remotes/master [1ms]
2022-11-28 00:42:53.377 [info] > git status -z -uall [94ms]
2022-11-28 00:42:58.441 [info] > git remote --verbose [18ms]
2022-11-28 00:42:58.441 [info] > git for-each-ref --sort -committerdate --format %(refname) %(objectname) %(*objectname) [25ms]
2022-11-28 00:42:58.442 [info] > git config --get commit.template [1ms]
2022-11-28 00:42:58.448 [info] > git for-each-ref --format=%(refname)%00%(upstream:short)%00%(objectname)%00%(upstream:track)%00%(upstream:remotename)%00%(upstream:remoteref) refs/heads/master refs/remotes/master [0ms]
2022-11-28 00:42:58.521 [info] > git status -z -uall [90ms]
2022-11-28 00:43:03.598 [info] > git remote --verbose [22ms]
2022-11-28 00:43:03.598 [info] > git for-each-ref --sort -committerdate --format %(refname) %(objectname) %(*objectname) [33ms]
2022-11-28 00:43:03.599 [info] > git config --get commit.template [2ms]
2022-11-28 00:43:03.605 [info] > git for-each-ref --format=%(refname)%00%(upstream:short)%00%(objectname)%00%(upstream:track)%00%(upstream:remotename)%00%(upstream:remoteref) refs/heads/master refs/remotes/master [0ms]
2022-11-28 00:43:03.681 [info] > git status -z -uall [95ms]
2022-11-28 00:43:12.964 [info] > git remote --verbose [19ms]
2022-11-28 00:43:12.965 [info] > git for-each-ref --sort -committerdate --format %(refname) %(objectname) %(*objectname) [25ms]
2022-11-28 00:43:12.965 [info] > git config --get commit.template [2ms]
2022-11-28 00:43:12.971 [info] > git for-each-ref --format=%(refname)%00%(upstream:short)%00%(objectname)%00%(upstream:track)%00%(upstream:remotename)%00%(upstream:remoteref) refs/heads/master refs/remotes/master [0ms]
2022-11-28 00:43:13.067 [info] > git status -z -uall [114ms]
2022-11-28 00:43:41.341 [info] > git remote --verbose [14ms]
2022-11-28 00:43:41.342 [info] > git for-each-ref --sort -committerdate --format %(refname) %(objectname) %(*objectname) [19ms]
2022-11-28 00:43:41.346 [info] > git config --get commit.template [6ms]
2022-11-28 00:43:41.346 [info] > git for-each-ref --format=%(refname)%00%(upstream:short)%00%(objectname)%00%(upstream:track)%00%(upstream:remotename)%00%(upstream:remoteref) refs/heads/master refs/remotes/master [1ms]
2022-11-28 00:43:41.425 [info] > git status -z -uall [91ms]
2022-11-28 00:43:51.678 [info] > git remote --verbose [20ms]
2022-11-28 00:43:51.678 [info] > git for-each-ref --sort -committerdate --format %(refname) %(objectname) %(*objectname) [28ms]
2022-11-28 00:43:51.679 [info] > git config --get commit.template [2ms]
2022-11-28 00:43:51.684 [info] > git for-each-ref --format=%(refname)%00%(upstream:short)%00%(objectname)%00%(upstream:track)%00%(upstream:remotename)%00%(upstream:remoteref) refs/heads/master refs/remotes/master [1ms]
2022-11-28 00:43:51.758 [info] > git status -z -uall [92ms]
2022-11-28 00:43:56.829 [info] > git remote --verbose [18ms]
2022-11-28 00:43:56.830 [info] > git for-each-ref --sort -committerdate --format %(refname) %(objectname) %(*objectname) [27ms]
2022-11-28 00:43:56.830 [info] > git config --get commit.template [3ms]
2022-11-28 00:43:56.835 [info] > git for-each-ref --format=%(refname)%00%(upstream:short)%00%(objectname)%00%(upstream:track)%00%(upstream:remotename)%00%(upstream:remoteref) refs/heads/master refs/remotes/master [1ms]
2022-11-28 00:43:56.926 [info] > git status -z -uall [108ms]
2022-11-28 00:44:01.999 [info] > git remote --verbose [21ms]
2022-11-28 00:44:01.999 [info] > git for-each-ref --sort -committerdate --format %(refname) %(objectname) %(*objectname) [27ms]
2022-11-28 00:44:01.999 [info] > git config --get commit.template [2ms]
2022-11-28 00:44:02.005 [info] > git for-each-ref --format=%(refname)%00%(upstream:short)%00%(objectname)%00%(upstream:track)%00%(upstream:remotename)%00%(upstream:remoteref) refs/heads/master refs/remotes/master [0ms]
2022-11-28 00:44:02.089 [info] > git status -z -uall [102ms]
2022-11-28 00:44:07.162 [info] > git remote --verbose [19ms]
2022-11-28 00:44:07.162 [info] > git for-each-ref --sort -committerdate --format %(refname) %(objectname) %(*objectname) [30ms]
2022-11-28 00:44:07.162 [info] > git config --get commit.template [1ms]
2022-11-28 00:44:07.168 [info] > git for-each-ref --format=%(refname)%00%(upstream:short)%00%(objectname)%00%(upstream:track)%00%(upstream:remotename)%00%(upstream:remoteref) refs/heads/master refs/remotes/master [1ms]
2022-11-28 00:44:07.252 [info] > git status -z -uall [100ms]
2022-11-28 00:44:13.557 [info] > git remote --verbose [17ms]
2022-11-28 00:44:13.557 [info] > git for-each-ref --sort -committerdate --format %(refname) %(objectname) %(*objectname) [27ms]
2022-11-28 00:44:13.558 [info] > git config --get commit.template [2ms]
2022-11-28 00:44:13.564 [info] > git for-each-ref --format=%(refname)%00%(upstream:short)%00%(objectname)%00%(upstream:track)%00%(upstream:remotename)%00%(upstream:remoteref) refs/heads/master refs/remotes/master [0ms]
2022-11-28 00:44:13.649 [info] > git status -z -uall [101ms]
2022-11-28 00:44:18.739 [info] > git remote --verbose [24ms]
2022-11-28 00:44:18.740 [info] > git for-each-ref --sort -committerdate --format %(refname) %(objectname) %(*objectname) [36ms]
2022-11-28 00:44:18.740 [info] > git config --get commit.template [2ms]
2022-11-28 00:44:18.746 [info] > git for-each-ref --format=%(refname)%00%(upstream:short)%00%(objectname)%00%(upstream:track)%00%(upstream:remotename)%00%(upstream:remoteref) refs/heads/master refs/remotes/master [0ms]
2022-11-28 00:44:18.831 [info] > git status -z -uall [106ms]
2022-11-28 00:44:23.902 [info] > git remote --verbose [18ms]
2022-11-28 00:44:23.903 [info] > git for-each-ref --sort -committerdate --format %(refname) %(objectname) %(*objectname) [27ms]
2022-11-28 00:44:23.938 [info] > git config --get commit.template [36ms]
2022-11-28 00:44:23.944 [info] > git for-each-ref --format=%(refname)%00%(upstream:short)%00%(objectname)%00%(upstream:track)%00%(upstream:remotename)%00%(upstream:remoteref) refs/heads/master refs/remotes/master [1ms]
2022-11-28 00:44:23.989 [info] > git status -z -uall [97ms]
2022-11-28 00:44:29.061 [info] > git remote --verbose [22ms]
2022-11-28 00:44:29.061 [info] > git for-each-ref --sort -committerdate --format %(refname) %(objectname) %(*objectname) [31ms]
2022-11-28 00:44:29.068 [info] > git config --get commit.template [8ms]
2022-11-28 00:44:29.068 [info] > git for-each-ref --format=%(refname)%00%(upstream:short)%00%(objectname)%00%(upstream:track)%00%(upstream:remotename)%00%(upstream:remoteref) refs/heads/master refs/remotes/master [1ms]
2022-11-28 00:44:29.158 [info] > git status -z -uall [110ms]
2022-11-28 00:44:34.229 [info] > git remote --verbose [17ms]
2022-11-28 00:44:34.229 [info] > git for-each-ref --sort -committerdate --format %(refname) %(objectname) %(*objectname) [28ms]
2022-11-28 00:44:34.229 [info] > git config --get commit.template [1ms]
2022-11-28 00:44:34.236 [info] > git for-each-ref --format=%(refname)%00%(upstream:short)%00%(objectname)%00%(upstream:track)%00%(upstream:remotename)%00%(upstream:remoteref) refs/heads/master refs/remotes/master [1ms]
2022-11-28 00:44:34.326 [info] > git status -z -uall [106ms]
2022-11-28 00:44:49.709 [info] > git remote --verbose [15ms]
2022-11-28 00:44:49.710 [info] > git for-each-ref --sort -committerdate --format %(refname) %(objectname) %(*objectname) [23ms]
2022-11-28 00:44:49.715 [info] > git config --get commit.template [6ms]
2022-11-28 00:44:49.715 [info] > git for-each-ref --format=%(refname)%00%(upstream:short)%00%(objectname)%00%(upstream:track)%00%(upstream:remotename)%00%(upstream:remoteref) refs/heads/master refs/remotes/master [1ms]
2022-11-28 00:44:49.805 [info] > git status -z -uall [105ms]
2022-11-28 00:44:54.881 [info] > git remote --verbose [16ms]
2022-11-28 00:44:54.881 [info] > git for-each-ref --sort -committerdate --format %(refname) %(objectname) %(*objectname) [23ms]
2022-11-28 00:44:54.881 [info] > git config --get commit.template [2ms]
2022-11-28 00:44:54.887 [info] > git for-each-ref --format=%(refname)%00%(upstream:short)%00%(objectname)%00%(upstream:track)%00%(upstream:remotename)%00%(upstream:remoteref) refs/heads/master refs/remotes/master [1ms]
2022-11-28 00:44:54.969 [info] > git status -z -uall [98ms]
2022-11-28 00:45:00.034 [info] > git remote --verbose [16ms]
2022-11-28 00:45:00.034 [info] > git for-each-ref --sort -committerdate --format %(refname) %(objectname) %(*objectname) [25ms]
2022-11-28 00:45:00.035 [info] > git config --get commit.template [2ms]
2022-11-28 00:45:00.041 [info] > git for-each-ref --format=%(refname)%00%(upstream:short)%00%(objectname)%00%(upstream:track)%00%(upstream:remotename)%00%(upstream:remoteref) refs/heads/master refs/remotes/master [0ms]
2022-11-28 00:45:00.124 [info] > git status -z -uall [100ms]
2022-11-28 00:45:05.196 [info] > git remote --verbose [19ms]
2022-11-28 00:45:05.196 [info] > git for-each-ref --sort -committerdate --format %(refname) %(objectname) %(*objectname) [28ms]
2022-11-28 00:45:05.196 [info] > git config --get commit.template [2ms]
2022-11-28 00:45:05.202 [info] > git for-each-ref --format=%(refname)%00%(upstream:short)%00%(objectname)%00%(upstream:track)%00%(upstream:remotename)%00%(upstream:remoteref) refs/heads/master refs/remotes/master [1ms]
2022-11-28 00:45:05.286 [info] > git status -z -uall [101ms]
2022-11-28 00:45:13.323 [info] > git remote --verbose [16ms]
2022-11-28 00:45:13.324 [info] > git for-each-ref --sort -committerdate --format %(refname) %(objectname) %(*objectname) [24ms]
2022-11-28 00:45:13.324 [info] > git config --get commit.template [1ms]
2022-11-28 00:45:13.329 [info] > git for-each-ref --format=%(refname)%00%(upstream:short)%00%(objectname)%00%(upstream:track)%00%(upstream:remotename)%00%(upstream:remoteref) refs/heads/master refs/remotes/master [0ms]
2022-11-28 00:45:13.411 [info] > git status -z -uall [97ms]
2022-11-28 00:45:18.487 [info] > git remote --verbose [23ms]
2022-11-28 00:45:18.487 [info] > git for-each-ref --sort -committerdate --format %(refname) %(objectname) %(*objectname) [34ms]
2022-11-28 00:45:18.522 [info] > git config --get commit.template [37ms]
2022-11-28 00:45:18.528 [info] > git for-each-ref --format=%(refname)%00%(upstream:short)%00%(objectname)%00%(upstream:track)%00%(upstream:remotename)%00%(upstream:remoteref) refs/heads/master refs/remotes/master [1ms]
2022-11-28 00:45:18.580 [info] > git status -z -uall [107ms]
2022-11-28 00:45:27.092 [info] > git remote --verbose [17ms]
2022-11-28 00:45:27.092 [info] > git for-each-ref --sort -committerdate --format %(refname) %(objectname) %(*objectname) [27ms]
2022-11-28 00:45:27.092 [info] > git config --get commit.template [1ms]
2022-11-28 00:45:27.099 [info] > git for-each-ref --format=%(refname)%00%(upstream:short)%00%(objectname)%00%(upstream:track)%00%(upstream:remotename)%00%(upstream:remoteref) refs/heads/master refs/remotes/master [0ms]
2022-11-28 00:45:27.181 [info] > git status -z -uall [98ms]
2022-11-28 00:45:32.247 [info] > git remote --verbose [16ms]
2022-11-28 00:45:32.248 [info] > git for-each-ref --sort -committerdate --format %(refname) %(objectname) %(*objectname) [26ms]
2022-11-28 00:45:32.248 [info] > git config --get commit.template [1ms]
2022-11-28 00:45:32.254 [info] > git for-each-ref --format=%(refname)%00%(upstream:short)%00%(objectname)%00%(upstream:track)%00%(upstream:remotename)%00%(upstream:remoteref) refs/heads/master refs/remotes/master [0ms]
2022-11-28 00:45:32.338 [info] > git status -z -uall [100ms]
2022-11-28 00:45:37.406 [info] > git remote --verbose [19ms]
2022-11-28 00:45:37.406 [info] > git for-each-ref --sort -committerdate --format %(refname) %(objectname) %(*objectname) [26ms]
2022-11-28 00:45:37.407 [info] > git config --get commit.template [2ms]
2022-11-28 00:45:37.413 [info] > git for-each-ref --format=%(refname)%00%(upstream:short)%00%(objectname)%00%(upstream:track)%00%(upstream:remotename)%00%(upstream:remoteref) refs/heads/master refs/remotes/master [0ms]
2022-11-28 00:45:37.498 [info] > git status -z -uall [102ms]
2022-11-28 00:45:51.536 [info] > git remote --verbose [13ms]
2022-11-28 00:45:51.536 [info] > git for-each-ref --sort -committerdate --format %(refname) %(objectname) %(*objectname) [21ms]
2022-11-28 00:45:51.541 [info] > git config --get commit.template [6ms]
2022-11-28 00:45:51.541 [info] > git for-each-ref --format=%(refname)%00%(upstream:short)%00%(objectname)%00%(upstream:track)%00%(upstream:remotename)%00%(upstream:remoteref) refs/heads/master refs/remotes/master [0ms]
2022-11-28 00:45:51.630 [info] > git status -z -uall [101ms]
2022-11-28 00:46:11.031 [info] > git remote --verbose [18ms]
2022-11-28 00:46:11.031 [info] > git for-each-ref --sort -committerdate --format %(refname) %(objectname) %(*objectname) [23ms]
2022-11-28 00:46:11.033 [info] > git config --get commit.template [4ms]
2022-11-28 00:46:11.038 [info] > git for-each-ref --format=%(refname)%00%(upstream:short)%00%(objectname)%00%(upstream:track)%00%(upstream:remotename)%00%(upstream:remoteref) refs/heads/master refs/remotes/master [1ms]
2022-11-28 00:46:11.129 [info] > git status -z -uall [110ms]
2022-11-28 00:46:16.202 [info] > git remote --verbose [17ms]
2022-11-28 00:46:16.202 [info] > git for-each-ref --sort -committerdate --format %(refname) %(objectname) %(*objectname) [25ms]
2022-11-28 00:46:16.202 [info] > git config --get commit.template [1ms]
2022-11-28 00:46:16.207 [info] > git for-each-ref --format=%(refname)%00%(upstream:short)%00%(objectname)%00%(upstream:track)%00%(upstream:remotename)%00%(upstream:remoteref) refs/heads/master refs/remotes/master [1ms]
2022-11-28 00:46:16.290 [info] > git status -z -uall [101ms]
2022-11-28 00:46:22.697 [info] > git remote --verbose [22ms]
2022-11-28 00:46:22.697 [info] > git for-each-ref --sort -committerdate --format %(refname) %(objectname) %(*objectname) [34ms]
2022-11-28 00:46:22.697 [info] > git config --get commit.template [1ms]
2022-11-28 00:46:22.704 [info] > git for-each-ref --format=%(refname)%00%(upstream:short)%00%(objectname)%00%(upstream:track)%00%(upstream:remotename)%00%(upstream:remoteref) refs/heads/master refs/remotes/master [1ms]
2022-11-28 00:46:22.791 [info] > git status -z -uall [107ms]
2022-11-28 00:47:05.853 [info] > git remote --verbose [11ms]
2022-11-28 00:47:05.854 [info] > git for-each-ref --sort -committerdate --format %(refname) %(objectname) %(*objectname) [14ms]
2022-11-28 00:47:05.858 [info] > git config --get commit.template [6ms]
2022-11-28 00:47:05.859 [info] > git for-each-ref --format=%(refname)%00%(upstream:short)%00%(objectname)%00%(upstream:track)%00%(upstream:remotename)%00%(upstream:remoteref) refs/heads/master refs/remotes/master [1ms]
2022-11-28 00:47:05.942 [info] > git status -z -uall [96ms]
2022-11-28 00:47:11.022 [info] > git remote --verbose [18ms]
2022-11-28 00:47:11.022 [info] > git for-each-ref --sort -committerdate --format %(refname) %(objectname) %(*objectname) [26ms]
2022-11-28 00:47:11.022 [info] > git config --get commit.template [1ms]
2022-11-28 00:47:11.028 [info] > git for-each-ref --format=%(refname)%00%(upstream:short)%00%(objectname)%00%(upstream:track)%00%(upstream:remotename)%00%(upstream:remoteref) refs/heads/master refs/remotes/master [1ms]
2022-11-28 00:47:11.104 [info] > git status -z -uall [92ms]
2022-11-28 00:47:16.172 [info] > git remote --verbose [19ms]
2022-11-28 00:47:16.173 [info] > git for-each-ref --sort -committerdate --format %(refname) %(objectname) %(*objectname) [30ms]
2022-11-28 00:47:16.173 [info] > git config --get commit.template [2ms]
2022-11-28 00:47:16.179 [info] > git for-each-ref --format=%(refname)%00%(upstream:short)%00%(objectname)%00%(upstream:track)%00%(upstream:remotename)%00%(upstream:remoteref) refs/heads/master refs/remotes/master [1ms]
2022-11-28 00:47:16.254 [info] > git status -z -uall [93ms]
2022-11-28 00:47:21.329 [info] > git remote --verbose [20ms]
2022-11-28 00:47:21.329 [info] > git for-each-ref --sort -committerdate --format %(refname) %(objectname) %(*objectname) [32ms]
2022-11-28 00:47:21.330 [info] > git config --get commit.template [1ms]
2022-11-28 00:47:21.336 [info] > git for-each-ref --format=%(refname)%00%(upstream:short)%00%(objectname)%00%(upstream:track)%00%(upstream:remotename)%00%(upstream:remoteref) refs/heads/master refs/remotes/master [0ms]
2022-11-28 00:47:21.412 [info] > git status -z -uall [94ms]
2022-11-28 00:47:26.480 [info] > git remote --verbose [14ms]
2022-11-28 00:47:26.480 [info] > git for-each-ref --sort -committerdate --format %(refname) %(objectname) %(*objectname) [24ms]
2022-11-28 00:47:26.480 [info] > git config --get commit.template [1ms]
2022-11-28 00:47:26.485 [info] > git for-each-ref --format=%(refname)%00%(upstream:short)%00%(objectname)%00%(upstream:track)%00%(upstream:remotename)%00%(upstream:remoteref) refs/heads/master refs/remotes/master [0ms]
2022-11-28 00:47:26.558 [info] > git status -z -uall [87ms]
2022-11-28 00:47:31.627 [info] > git remote --verbose [16ms]
2022-11-28 00:47:31.627 [info] > git for-each-ref --sort -committerdate --format %(refname) %(objectname) %(*objectname) [25ms]
2022-11-28 00:47:31.628 [info] > git config --get commit.template [1ms]
2022-11-28 00:47:31.633 [info] > git for-each-ref --format=%(refname)%00%(upstream:short)%00%(objectname)%00%(upstream:track)%00%(upstream:remotename)%00%(upstream:remoteref) refs/heads/master refs/remotes/master [0ms]
2022-11-28 00:47:31.706 [info] > git status -z -uall [89ms]
2022-11-28 00:47:36.775 [info] > git remote --verbose [20ms]
2022-11-28 00:47:36.776 [info] > git for-each-ref --sort -committerdate --format %(refname) %(objectname) %(*objectname) [28ms]
2022-11-28 00:47:36.776 [info] > git config --get commit.template [2ms]
2022-11-28 00:47:36.782 [info] > git for-each-ref --format=%(refname)%00%(upstream:short)%00%(objectname)%00%(upstream:track)%00%(upstream:remotename)%00%(upstream:remoteref) refs/heads/master refs/remotes/master [1ms]
2022-11-28 00:47:36.856 [info] > git status -z -uall [93ms]
2022-11-28 00:47:41.928 [info] > git remote --verbose [23ms]
2022-11-28 00:47:41.928 [info] > git for-each-ref --sort -committerdate --format %(refname) %(objectname) %(*objectname) [31ms]
2022-11-28 00:47:41.929 [info] > git config --get commit.template [2ms]
2022-11-28 00:47:41.936 [info] > git for-each-ref --format=%(refname)%00%(upstream:short)%00%(objectname)%00%(upstream:track)%00%(upstream:remotename)%00%(upstream:remoteref) refs/heads/master refs/remotes/master [0ms]
2022-11-28 00:47:42.009 [info] > git status -z -uall [95ms]
2022-11-28 00:47:47.082 [info] > git remote --verbose [20ms]
2022-11-28 00:47:47.082 [info] > git for-each-ref --sort -committerdate --format %(refname) %(objectname) %(*objectname) [30ms]
2022-11-28 00:47:47.082 [info] > git config --get commit.template [1ms]
2022-11-28 00:47:47.088 [info] > git for-each-ref --format=%(refname)%00%(upstream:short)%00%(objectname)%00%(upstream:track)%00%(upstream:remotename)%00%(upstream:remoteref) refs/heads/master refs/remotes/master [1ms]
2022-11-28 00:47:47.161 [info] > git status -z -uall [90ms]
2022-11-28 00:47:52.231 [info] > git remote --verbose [18ms]
2022-11-28 00:47:52.232 [info] > git for-each-ref --sort -committerdate --format %(refname) %(objectname) %(*objectname) [26ms]
2022-11-28 00:47:52.232 [info] > git config --get commit.template [2ms]
2022-11-28 00:47:52.238 [info] > git for-each-ref --format=%(refname)%00%(upstream:short)%00%(objectname)%00%(upstream:track)%00%(upstream:remotename)%00%(upstream:remoteref) refs/heads/master refs/remotes/master [1ms]
2022-11-28 00:47:52.311 [info] > git status -z -uall [90ms]
2022-11-28 00:47:57.386 [info] > git remote --verbose [22ms]
2022-11-28 00:47:57.386 [info] > git for-each-ref --sort -committerdate --format %(refname) %(objectname) %(*objectname) [33ms]
2022-11-28 00:47:57.393 [info] > git config --get commit.template [8ms]
2022-11-28 00:47:57.393 [info] > git for-each-ref --format=%(refname)%00%(upstream:short)%00%(objectname)%00%(upstream:track)%00%(upstream:remotename)%00%(upstream:remoteref) refs/heads/master refs/remotes/master [1ms]
2022-11-28 00:47:57.467 [info] > git status -z -uall [94ms]
2022-11-28 00:48:02.539 [info] > git remote --verbose [19ms]
2022-11-28 00:48:02.539 [info] > git for-each-ref --sort -committerdate --format %(refname) %(objectname) %(*objectname) [28ms]
2022-11-28 00:48:02.539 [info] > git config --get commit.template [1ms]
2022-11-28 00:48:02.546 [info] > git for-each-ref --format=%(refname)%00%(upstream:short)%00%(objectname)%00%(upstream:track)%00%(upstream:remotename)%00%(upstream:remoteref) refs/heads/master refs/remotes/master [0ms]
2022-11-28 00:48:02.619 [info] > git status -z -uall [93ms]
2022-11-28 00:48:07.692 [info] > git remote --verbose [18ms]
2022-11-28 00:48:07.692 [info] > git for-each-ref --sort -committerdate --format %(refname) %(objectname) %(*objectname) [27ms]
2022-11-28 00:48:07.698 [info] > git config --get commit.template [6ms]
2022-11-28 00:48:07.698 [info] > git for-each-ref --format=%(refname)%00%(upstream:short)%00%(objectname)%00%(upstream:track)%00%(upstream:remotename)%00%(upstream:remoteref) refs/heads/master refs/remotes/master [1ms]
2022-11-28 00:48:07.772 [info] > git status -z -uall [90ms]
2022-11-28 00:48:12.844 [info] > git remote --verbose [19ms]
2022-11-28 00:48:12.845 [info] > git for-each-ref --sort -committerdate --format %(refname) %(objectname) %(*objectname) [29ms]
2022-11-28 00:48:12.845 [info] > git config --get commit.template [2ms]
2022-11-28 00:48:12.851 [info] > git for-each-ref --format=%(refname)%00%(upstream:short)%00%(objectname)%00%(upstream:track)%00%(upstream:remotename)%00%(upstream:remoteref) refs/heads/master refs/remotes/master [0ms]
2022-11-28 00:48:12.924 [info] > git status -z -uall [89ms]
2022-11-28 00:48:17.997 [info] > git remote --verbose [21ms]
2022-11-28 00:48:17.997 [info] > git for-each-ref --sort -committerdate --format %(refname) %(objectname) %(*objectname) [28ms]
2022-11-28 00:48:17.998 [info] > git config --get commit.template [2ms]
2022-11-28 00:48:18.003 [info] > git for-each-ref --format=%(refname)%00%(upstream:short)%00%(objectname)%00%(upstream:track)%00%(upstream:remotename)%00%(upstream:remoteref) refs/heads/master refs/remotes/master [0ms]
2022-11-28 00:48:18.077 [info] > git status -z -uall [92ms]
2022-11-28 00:48:23.144 [info] > git remote --verbose [19ms]
2022-11-28 00:48:23.144 [info] > git for-each-ref --sort -committerdate --format %(refname) %(objectname) %(*objectname) [28ms]
2022-11-28 00:48:23.145 [info] > git config --get commit.template [3ms]
2022-11-28 00:48:23.151 [info] > git for-each-ref --format=%(refname)%00%(upstream:short)%00%(objectname)%00%(upstream:track)%00%(upstream:remotename)%00%(upstream:remoteref) refs/heads/master refs/remotes/master [1ms]
2022-11-28 00:48:23.225 [info] > git status -z -uall [93ms]
2022-11-28 00:48:28.293 [info] > git remote --verbose [17ms]
2022-11-28 00:48:28.294 [info] > git for-each-ref --sort -committerdate --format %(refname) %(objectname) %(*objectname) [26ms]
2022-11-28 00:48:28.294 [info] > git config --get commit.template [2ms]
2022-11-28 00:48:28.300 [info] > git for-each-ref --format=%(refname)%00%(upstream:short)%00%(objectname)%00%(upstream:track)%00%(upstream:remotename)%00%(upstream:remoteref) refs/heads/master refs/remotes/master [1ms]
2022-11-28 00:48:28.376 [info] > git status -z -uall [94ms]
2022-11-28 00:48:33.446 [info] > git remote --verbose [18ms]
2022-11-28 00:48:33.447 [info] > git for-each-ref --sort -committerdate --format %(refname) %(objectname) %(*objectname) [27ms]
2022-11-28 00:48:33.447 [info] > git config --get commit.template [2ms]
2022-11-28 00:48:33.452 [info] > git for-each-ref --format=%(refname)%00%(upstream:short)%00%(objectname)%00%(upstream:track)%00%(upstream:remotename)%00%(upstream:remoteref) refs/heads/master refs/remotes/master [0ms]
2022-11-28 00:48:33.531 [info] > git status -z -uall [95ms]
2022-11-28 00:48:44.719 [info] > git remote --verbose [10ms]
2022-11-28 00:48:44.719 [info] > git for-each-ref --sort -committerdate --format %(refname) %(objectname) %(*objectname) [15ms]
2022-11-28 00:48:44.725 [info] > git config --get commit.template [6ms]
2022-11-28 00:48:44.725 [info] > git for-each-ref --format=%(refname)%00%(upstream:short)%00%(objectname)%00%(upstream:track)%00%(upstream:remotename)%00%(upstream:remoteref) refs/heads/master refs/remotes/master [1ms]
2022-11-28 00:48:44.806 [info] > git status -z -uall [94ms]
2022-11-28 00:48:49.876 [info] > git remote --verbose [14ms]
2022-11-28 00:48:49.876 [info] > git for-each-ref --sort -committerdate --format %(refname) %(objectname) %(*objectname) [21ms]
2022-11-28 00:48:49.877 [info] > git config --get commit.template [2ms]
2022-11-28 00:48:49.884 [info] > git for-each-ref --format=%(refname)%00%(upstream:short)%00%(objectname)%00%(upstream:track)%00%(upstream:remotename)%00%(upstream:remoteref) refs/heads/master refs/remotes/master [1ms]
2022-11-28 00:48:49.959 [info] > git status -z -uall [93ms]
2022-11-28 00:49:05.643 [info] > git remote --verbose [11ms]
2022-11-28 00:49:05.643 [info] > git for-each-ref --sort -committerdate --format %(refname) %(objectname) %(*objectname) [15ms]
2022-11-28 00:49:05.648 [info] > git config --get commit.template [7ms]
2022-11-28 00:49:05.648 [info] > git for-each-ref --format=%(refname)%00%(upstream:short)%00%(objectname)%00%(upstream:track)%00%(upstream:remotename)%00%(upstream:remoteref) refs/heads/master refs/remotes/master [0ms]
2022-11-28 00:49:05.730 [info] > git status -z -uall [95ms]
2022-11-28 00:49:10.801 [info] > git remote --verbose [14ms]
2022-11-28 00:49:10.801 [info] > git for-each-ref --sort -committerdate --format %(refname) %(objectname) %(*objectname) [22ms]
2022-11-28 00:49:10.801 [info] > git config --get commit.template [1ms]
2022-11-28 00:49:10.807 [info] > git for-each-ref --format=%(refname)%00%(upstream:short)%00%(objectname)%00%(upstream:track)%00%(upstream:remotename)%00%(upstream:remoteref) refs/heads/master refs/remotes/master [1ms]
2022-11-28 00:49:10.882 [info] > git status -z -uall [90ms]
2022-11-28 00:49:15.947 [info] > git remote --verbose [15ms]
2022-11-28 00:49:15.947 [info] > git for-each-ref --sort -committerdate --format %(refname) %(objectname) %(*objectname) [22ms]
2022-11-28 00:49:15.948 [info] > git config --get commit.template [1ms]
2022-11-28 00:49:15.954 [info] > git for-each-ref --format=%(refname)%00%(upstream:short)%00%(objectname)%00%(upstream:track)%00%(upstream:remotename)%00%(upstream:remoteref) refs/heads/master refs/remotes/master [0ms]
2022-11-28 00:49:16.029 [info] > git status -z -uall [91ms]
2022-11-28 00:49:21.099 [info] > git remote --verbose [22ms]
2022-11-28 00:49:21.100 [info] > git for-each-ref --sort -committerdate --format %(refname) %(objectname) %(*objectname) [27ms]
2022-11-28 00:49:21.100 [info] > git config --get commit.template [2ms]
2022-11-28 00:49:21.106 [info] > git for-each-ref --format=%(refname)%00%(upstream:short)%00%(objectname)%00%(upstream:track)%00%(upstream:remotename)%00%(upstream:remoteref) refs/heads/master refs/remotes/master [1ms]
2022-11-28 00:49:21.182 [info] > git status -z -uall [95ms]
2022-11-28 00:49:26.256 [info] > git remote --verbose [17ms]
2022-11-28 00:49:26.256 [info] > git for-each-ref --sort -committerdate --format %(refname) %(objectname) %(*objectname) [27ms]
2022-11-28 00:49:26.257 [info] > git config --get commit.template [1ms]
2022-11-28 00:49:26.262 [info] > git for-each-ref --format=%(refname)%00%(upstream:short)%00%(objectname)%00%(upstream:track)%00%(upstream:remotename)%00%(upstream:remoteref) refs/heads/master refs/remotes/master [1ms]
2022-11-28 00:49:26.339 [info] > git status -z -uall [92ms]
2022-11-28 00:49:31.413 [info] > git remote --verbose [21ms]
2022-11-28 00:49:31.413 [info] > git for-each-ref --sort -committerdate --format %(refname) %(objectname) %(*objectname) [31ms]
2022-11-28 00:49:31.414 [info] > git config --get commit.template [1ms]
2022-11-28 00:49:31.420 [info] > git for-each-ref --format=%(refname)%00%(upstream:short)%00%(objectname)%00%(upstream:track)%00%(upstream:remotename)%00%(upstream:remoteref) refs/heads/master refs/remotes/master [0ms]
2022-11-28 00:49:31.493 [info] > git status -z -uall [92ms]
2022-11-28 00:49:36.560 [info] > git remote --verbose [17ms]
2022-11-28 00:49:36.561 [info] > git for-each-ref --sort -committerdate --format %(refname) %(objectname) %(*objectname) [26ms]
2022-11-28 00:49:36.566 [info] > git config --get commit.template [7ms]
2022-11-28 00:49:36.567 [info] > git for-each-ref --format=%(refname)%00%(upstream:short)%00%(objectname)%00%(upstream:track)%00%(upstream:remotename)%00%(upstream:remoteref) refs/heads/master refs/remotes/master [1ms]
2022-11-28 00:49:36.642 [info] > git status -z -uall [93ms]
2022-11-28 00:49:41.712 [info] > git remote --verbose [21ms]
2022-11-28 00:49:41.713 [info] > git for-each-ref --sort -committerdate --format %(refname) %(objectname) %(*objectname) [29ms]
2022-11-28 00:49:41.713 [info] > git config --get commit.template [2ms]
2022-11-28 00:49:41.719 [info] > git for-each-ref --format=%(refname)%00%(upstream:short)%00%(objectname)%00%(upstream:track)%00%(upstream:remotename)%00%(upstream:remoteref) refs/heads/master refs/remotes/master [1ms]
2022-11-28 00:49:41.793 [info] > git status -z -uall [93ms]
2022-11-28 00:49:46.863 [info] > git remote --verbose [17ms]
2022-11-28 00:49:46.863 [info] > git for-each-ref --sort -committerdate --format %(refname) %(objectname) %(*objectname) [26ms]
2022-11-28 00:49:46.863 [info] > git config --get commit.template [2ms]
2022-11-28 00:49:46.869 [info] > git for-each-ref --format=%(refname)%00%(upstream:short)%00%(objectname)%00%(upstream:track)%00%(upstream:remotename)%00%(upstream:remoteref) refs/heads/master refs/remotes/master [0ms]
2022-11-28 00:49:46.949 [info] > git status -z -uall [98ms]
2022-11-28 00:49:52.027 [info] > git remote --verbose [23ms]
2022-11-28 00:49:52.028 [info] > git for-each-ref --sort -committerdate --format %(refname) %(objectname) %(*objectname) [34ms]
2022-11-28 00:49:52.028 [info] > git config --get commit.template [2ms]
2022-11-28 00:49:52.034 [info] > git for-each-ref --format=%(refname)%00%(upstream:short)%00%(objectname)%00%(upstream:track)%00%(upstream:remotename)%00%(upstream:remoteref) refs/heads/master refs/remotes/master [0ms]
2022-11-28 00:49:52.114 [info] > git status -z -uall [100ms]
2022-11-28 00:49:57.188 [info] > git remote --verbose [19ms]
2022-11-28 00:49:57.188 [info] > git for-each-ref --sort -committerdate --format %(refname) %(objectname) %(*objectname) [28ms]
2022-11-28 00:49:57.188 [info] > git config --get commit.template [1ms]
2022-11-28 00:49:57.194 [info] > git for-each-ref --format=%(refname)%00%(upstream:short)%00%(objectname)%00%(upstream:track)%00%(upstream:remotename)%00%(upstream:remoteref) refs/heads/master refs/remotes/master [0ms]
2022-11-28 00:49:57.265 [info] > git status -z -uall [88ms]
2022-11-28 00:50:02.333 [info] > git remote --verbose [18ms]
2022-11-28 00:50:02.333 [info] > git for-each-ref --sort -committerdate --format %(refname) %(objectname) %(*objectname) [28ms]
2022-11-28 00:50:02.333 [info] > git config --get commit.template [1ms]
2022-11-28 00:50:02.339 [info] > git for-each-ref --format=%(refname)%00%(upstream:short)%00%(objectname)%00%(upstream:track)%00%(upstream:remotename)%00%(upstream:remoteref) refs/heads/master refs/remotes/master [1ms]
2022-11-28 00:50:02.414 [info] > git status -z -uall [94ms]
2022-11-28 00:50:07.487 [info] > git remote --verbose [19ms]
2022-11-28 00:50:07.487 [info] > git for-each-ref --sort -committerdate --format %(refname) %(objectname) %(*objectname) [30ms]
2022-11-28 00:50:07.487 [info] > git config --get commit.template [2ms]
2022-11-28 00:50:07.494 [info] > git for-each-ref --format=%(refname)%00%(upstream:short)%00%(objectname)%00%(upstream:track)%00%(upstream:remotename)%00%(upstream:remoteref) refs/heads/master refs/remotes/master [1ms]
2022-11-28 00:50:07.571 [info] > git status -z -uall [96ms]
2022-11-28 00:50:12.640 [info] > git remote --verbose [17ms]
2022-11-28 00:50:12.640 [info] > git for-each-ref --sort -committerdate --format %(refname) %(objectname) %(*objectname) [26ms]
2022-11-28 00:50:12.641 [info] > git config --get commit.template [2ms]
2022-11-28 00:50:12.647 [info] > git for-each-ref --format=%(refname)%00%(upstream:short)%00%(objectname)%00%(upstream:track)%00%(upstream:remotename)%00%(upstream:remoteref) refs/heads/master refs/remotes/master [0ms]
2022-11-28 00:50:12.720 [info] > git status -z -uall [89ms]
2022-11-28 00:50:17.797 [info] > git remote --verbose [23ms]
2022-11-28 00:50:17.797 [info] > git for-each-ref --sort -committerdate --format %(refname) %(objectname) %(*objectname) [32ms]
2022-11-28 00:50:17.798 [info] > git config --get commit.template [2ms]
2022-11-28 00:50:17.805 [info] > git for-each-ref --format=%(refname)%00%(upstream:short)%00%(objectname)%00%(upstream:track)%00%(upstream:remotename)%00%(upstream:remoteref) refs/heads/master refs/remotes/master [0ms]
2022-11-28 00:50:17.880 [info] > git status -z -uall [96ms]
2022-11-28 00:50:22.952 [info] > git remote --verbose [19ms]
2022-11-28 00:50:22.952 [info] > git for-each-ref --sort -committerdate --format %(refname) %(objectname) %(*objectname) [27ms]
2022-11-28 00:50:22.952 [info] > git config --get commit.template [2ms]
2022-11-28 00:50:22.958 [info] > git for-each-ref --format=%(refname)%00%(upstream:short)%00%(objectname)%00%(upstream:track)%00%(upstream:remotename)%00%(upstream:remoteref) refs/heads/master refs/remotes/master [0ms]
2022-11-28 00:50:23.036 [info] > git status -z -uall [96ms]
2022-11-28 00:50:28.175 [info] > git remote --verbose [19ms]
2022-11-28 00:50:28.175 [info] > git for-each-ref --sort -committerdate --format %(refname) %(objectname) %(*objectname) [30ms]
2022-11-28 00:50:28.181 [info] > git config --get commit.template [7ms]
2022-11-28 00:50:28.181 [info] > git for-each-ref --format=%(refname)%00%(upstream:short)%00%(objectname)%00%(upstream:track)%00%(upstream:remotename)%00%(upstream:remoteref) refs/heads/master refs/remotes/master [1ms]
2022-11-28 00:50:28.261 [info] > git status -z -uall [96ms]
2022-11-28 00:50:33.341 [info] > git remote --verbose [24ms]
2022-11-28 00:50:33.342 [info] > git for-each-ref --sort -committerdate --format %(refname) %(objectname) %(*objectname) [35ms]
2022-11-28 00:50:33.342 [info] > git config --get commit.template [2ms]
2022-11-28 00:50:33.349 [info] > git for-each-ref --format=%(refname)%00%(upstream:short)%00%(objectname)%00%(upstream:track)%00%(upstream:remotename)%00%(upstream:remoteref) refs/heads/master refs/remotes/master [1ms]
2022-11-28 00:50:33.427 [info] > git status -z -uall [100ms]
2022-11-28 00:50:38.502 [info] > git remote --verbose [21ms]
2022-11-28 00:50:38.503 [info] > git for-each-ref --sort -committerdate --format %(refname) %(objectname) %(*objectname) [27ms]
2022-11-28 00:50:38.508 [info] > git config --get commit.template [7ms]
2022-11-28 00:50:38.509 [info] > git for-each-ref --format=%(refname)%00%(upstream:short)%00%(objectname)%00%(upstream:track)%00%(upstream:remotename)%00%(upstream:remoteref) refs/heads/master refs/remotes/master [0ms]
2022-11-28 00:50:38.584 [info] > git status -z -uall [94ms]
2022-11-28 00:50:43.650 [info] > git remote --verbose [12ms]
2022-11-28 00:50:43.650 [info] > git for-each-ref --sort -committerdate --format %(refname) %(objectname) %(*objectname) [19ms]
2022-11-28 00:50:43.662 [info] > git config --get commit.template [0ms]
2022-11-28 00:50:43.669 [info] > git for-each-ref --format=%(refname)%00%(upstream:short)%00%(objectname)%00%(upstream:track)%00%(upstream:remotename)%00%(upstream:remoteref) refs/heads/master refs/remotes/master [1ms]
2022-11-28 00:50:43.742 [info] > git status -z -uall [95ms]
2022-11-28 00:50:48.819 [info] > git remote --verbose [23ms]
2022-11-28 00:50:48.820 [info] > git for-each-ref --sort -committerdate --format %(refname) %(objectname) %(*objectname) [33ms]
2022-11-28 00:50:48.825 [info] > git config --get commit.template [7ms]
2022-11-28 00:50:48.826 [info] > git for-each-ref --format=%(refname)%00%(upstream:short)%00%(objectname)%00%(upstream:track)%00%(upstream:remotename)%00%(upstream:remoteref) refs/heads/master refs/remotes/master [1ms]
2022-11-28 00:50:48.903 [info] > git status -z -uall [97ms]
2022-11-28 00:50:53.976 [info] > git remote --verbose [20ms]
2022-11-28 00:50:53.976 [info] > git for-each-ref --sort -committerdate --format %(refname) %(objectname) %(*objectname) [31ms]
2022-11-28 00:50:53.977 [info] > git config --get commit.template [2ms]
2022-11-28 00:50:53.984 [info] > git for-each-ref --format=%(refname)%00%(upstream:short)%00%(objectname)%00%(upstream:track)%00%(upstream:remotename)%00%(upstream:remoteref) refs/heads/master refs/remotes/master [0ms]
2022-11-28 00:50:54.057 [info] > git status -z -uall [93ms]
2022-11-28 00:50:59.115 [info] > git remote --verbose [12ms]
2022-11-28 00:50:59.115 [info] > git for-each-ref --sort -committerdate --format %(refname) %(objectname) %(*objectname) [18ms]
2022-11-28 00:50:59.115 [info] > git config --get commit.template [1ms]
2022-11-28 00:50:59.121 [info] > git for-each-ref --format=%(refname)%00%(upstream:short)%00%(objectname)%00%(upstream:track)%00%(upstream:remotename)%00%(upstream:remoteref) refs/heads/master refs/remotes/master [0ms]
2022-11-28 00:50:59.195 [info] > git status -z -uall [89ms]
2022-11-28 00:51:04.266 [info] > git remote --verbose [21ms]
2022-11-28 00:51:04.266 [info] > git for-each-ref --sort -committerdate --format %(refname) %(objectname) %(*objectname) [28ms]
2022-11-28 00:51:04.272 [info] > git config --get commit.template [7ms]
2022-11-28 00:51:04.272 [info] > git for-each-ref --format=%(refname)%00%(upstream:short)%00%(objectname)%00%(upstream:track)%00%(upstream:remotename)%00%(upstream:remoteref) refs/heads/master refs/remotes/master [0ms]
2022-11-28 00:51:04.347 [info] > git status -z -uall [93ms]
2022-11-28 00:51:09.420 [info] > git remote --verbose [17ms]
2022-11-28 00:51:09.420 [info] > git for-each-ref --sort -committerdate --format %(refname) %(objectname) %(*objectname) [27ms]
2022-11-28 00:51:09.421 [info] > git config --get commit.template [2ms]
2022-11-28 00:51:09.427 [info] > git for-each-ref --format=%(refname)%00%(upstream:short)%00%(objectname)%00%(upstream:track)%00%(upstream:remotename)%00%(upstream:remoteref) refs/heads/master refs/remotes/master [0ms]
2022-11-28 00:51:09.500 [info] > git status -z -uall [89ms]
2022-11-28 00:51:14.574 [info] > git remote --verbose [22ms]
2022-11-28 00:51:14.574 [info] > git for-each-ref --sort -committerdate --format %(refname) %(objectname) %(*objectname) [32ms]
2022-11-28 00:51:14.575 [info] > git config --get commit.template [2ms]
2022-11-28 00:51:14.581 [info] > git for-each-ref --format=%(refname)%00%(upstream:short)%00%(objectname)%00%(upstream:track)%00%(upstream:remotename)%00%(upstream:remoteref) refs/heads/master refs/remotes/master [0ms]
2022-11-28 00:51:14.657 [info] > git status -z -uall [96ms]
2022-11-28 00:51:19.729 [info] > git remote --verbose [20ms]
2022-11-28 00:51:19.729 [info] > git for-each-ref --sort -committerdate --format %(refname) %(objectname) %(*objectname) [30ms]
2022-11-28 00:51:19.730 [info] > git config --get commit.template [2ms]
2022-11-28 00:51:19.736 [info] > git for-each-ref --format=%(refname)%00%(upstream:short)%00%(objectname)%00%(upstream:track)%00%(upstream:remotename)%00%(upstream:remoteref) refs/heads/master refs/remotes/master [0ms]
2022-11-28 00:51:19.809 [info] > git status -z -uall [90ms]
2022-11-28 00:51:24.873 [info] > git remote --verbose [16ms]
2022-11-28 00:51:24.873 [info] > git for-each-ref --sort -committerdate --format %(refname) %(objectname) %(*objectname) [24ms]
2022-11-28 00:51:24.873 [info] > git config --get commit.template [1ms]
2022-11-28 00:51:24.880 [info] > git for-each-ref --format=%(refname)%00%(upstream:short)%00%(objectname)%00%(upstream:track)%00%(upstream:remotename)%00%(upstream:remoteref) refs/heads/master refs/remotes/master [0ms]
2022-11-28 00:51:24.955 [info] > git status -z -uall [93ms]
2022-11-28 00:51:30.029 [info] > git remote --verbose [23ms]
2022-11-28 00:51:30.029 [info] > git for-each-ref --sort -committerdate --format %(refname) %(objectname) %(*objectname) [33ms]
2022-11-28 00:51:30.029 [info] > git config --get commit.template [2ms]
2022-11-28 00:51:30.035 [info] > git for-each-ref --format=%(refname)%00%(upstream:short)%00%(objectname)%00%(upstream:track)%00%(upstream:remotename)%00%(upstream:remoteref) refs/heads/master refs/remotes/master [1ms]
2022-11-28 00:51:30.110 [info] > git status -z -uall [94ms]
2022-11-28 00:51:35.187 [info] > git remote --verbose [21ms]
2022-11-28 00:51:35.187 [info] > git for-each-ref --sort -committerdate --format %(refname) %(objectname) %(*objectname) [33ms]
2022-11-28 00:51:35.188 [info] > git config --get commit.template [2ms]
2022-11-28 00:51:35.194 [info] > git for-each-ref --format=%(refname)%00%(upstream:short)%00%(objectname)%00%(upstream:track)%00%(upstream:remotename)%00%(upstream:remoteref) refs/heads/master refs/remotes/master [0ms]
2022-11-28 00:51:35.269 [info] > git status -z -uall [94ms]
2022-11-28 00:51:40.345 [info] > git remote --verbose [20ms]
2022-11-28 00:51:40.345 [info] > git for-each-ref --sort -committerdate --format %(refname) %(objectname) %(*objectname) [29ms]
2022-11-28 00:51:40.346 [info] > git config --get commit.template [1ms]
2022-11-28 00:51:40.352 [info] > git for-each-ref --format=%(refname)%00%(upstream:short)%00%(objectname)%00%(upstream:track)%00%(upstream:remotename)%00%(upstream:remoteref) refs/heads/master refs/remotes/master [0ms]
2022-11-28 00:51:40.433 [info] > git status -z -uall [98ms]
2022-11-28 00:51:45.531 [info] > git remote --verbose [23ms]
2022-11-28 00:51:45.531 [info] > git for-each-ref --sort -committerdate --format %(refname) %(objectname) %(*objectname) [34ms]
2022-11-28 00:51:45.531 [info] > git config --get commit.template [2ms]
2022-11-28 00:51:45.537 [info] > git for-each-ref --format=%(refname)%00%(upstream:short)%00%(objectname)%00%(upstream:track)%00%(upstream:remotename)%00%(upstream:remoteref) refs/heads/master refs/remotes/master [0ms]
2022-11-28 00:51:45.613 [info] > git status -z -uall [96ms]
