2022-11-28 02:49:27.924 [info] Validating found git in: git
2022-11-28 02:49:27.924 [info] Using git 2.38.1 from git
2022-11-28 02:49:27.924 [info] > git rev-parse --show-toplevel [2ms]
2022-11-28 02:49:27.924 [info] > git rev-parse --git-dir --git-common-dir [4ms]
2022-11-28 02:49:27.924 [info] Log level: Info
2022-11-28 02:49:27.924 [info] Open repository: /home/lina
2022-11-28 02:49:27.924 [info] > git remote --verbose [52ms]
2022-11-28 02:49:27.924 [info] > git for-each-ref --sort -committerdate --format %(refname) %(objectname) %(*objectname) [59ms]
2022-11-28 02:49:27.924 [info] > git config --get commit.template [42ms]
2022-11-28 02:49:27.939 [info] > git for-each-ref --format=%(refname)%00%(upstream:short)%00%(objectname)%00%(upstream:track)%00%(upstream:remotename)%00%(upstream:remoteref) refs/heads/main refs/remotes/main [3ms]
2022-11-28 02:49:28.001 [info] > git status -z -uall [140ms]
2022-11-28 02:49:28.033 [info] > git remote --verbose [12ms]
2022-11-28 02:49:28.034 [info] > git for-each-ref --sort -committerdate --format %(refname) %(objectname) %(*objectname) [17ms]
2022-11-28 02:49:28.035 [info] > git config --get commit.template [2ms]
2022-11-28 02:49:28.043 [info] > git for-each-ref --format=%(refname)%00%(upstream:short)%00%(objectname)%00%(upstream:track)%00%(upstream:remotename)%00%(upstream:remoteref) refs/heads/main refs/remotes/main [0ms]
2022-11-28 02:49:28.188 [info] > git status -z -uall [163ms]
2022-11-28 02:49:28.394 [info] > git check-ignore -v -z --stdin [6ms]
2022-11-28 02:49:28.559 [info] > git show --textconv :markdown-cv/README.md [5ms]
2022-11-28 02:49:28.561 [info] > git ls-files --stage -- /home/lina/markdown-cv/README.md [3ms]
2022-11-28 02:49:28.566 [info] > git cat-file -s bc1453c0842389734401ddfb0e7320c18f8c5ed3 [0ms]
2022-11-28 02:49:31.142 [info] > git check-ignore -v -z --stdin [26ms]
2022-11-28 02:49:32.318 [info] > git fetch [4473ms]
2022-11-28 02:49:32.338 [info] > git remote --verbose [9ms]
2022-11-28 02:49:32.338 [info] > git for-each-ref --sort -committerdate --format %(refname) %(objectname) %(*objectname) [14ms]
2022-11-28 02:49:32.339 [info] > git config --get commit.template [1ms]
2022-11-28 02:49:32.345 [info] > git for-each-ref --format=%(refname)%00%(upstream:short)%00%(objectname)%00%(upstream:track)%00%(upstream:remotename)%00%(upstream:remoteref) refs/heads/main refs/remotes/main [0ms]
2022-11-28 02:49:32.435 [info] > git status -z -uall [103ms]
2022-11-28 02:49:34.574 [info] > git remote --verbose [18ms]
2022-11-28 02:49:34.575 [info] > git for-each-ref --sort -committerdate --format %(refname) %(objectname) %(*objectname) [23ms]
2022-11-28 02:49:34.582 [info] > git config --get commit.template [9ms]
2022-11-28 02:49:34.583 [info] > git for-each-ref --format=%(refname)%00%(upstream:short)%00%(objectname)%00%(upstream:track)%00%(upstream:remotename)%00%(upstream:remoteref) refs/heads/main refs/remotes/main [1ms]
2022-11-28 02:49:34.669 [info] > git status -z -uall [107ms]
2022-11-28 02:49:39.709 [info] > git remote --verbose [17ms]
2022-11-28 02:49:39.709 [info] > git for-each-ref --sort -committerdate --format %(refname) %(objectname) %(*objectname) [27ms]
2022-11-28 02:49:39.719 [info] > git config --get commit.template [11ms]
2022-11-28 02:49:39.719 [info] > git for-each-ref --format=%(refname)%00%(upstream:short)%00%(objectname)%00%(upstream:track)%00%(upstream:remotename)%00%(upstream:remoteref) refs/heads/main refs/remotes/main [3ms]
2022-11-28 02:49:39.803 [info] > git status -z -uall [105ms]
