2022-11-28 00:33:32.187 [info] Extension host with pid 131 started
2022-11-28 00:33:32.226 [info] ExtensionService#_doActivateExtension vscode.html-language-features, startup: false, activationEvent: 'onLanguage:html'
2022-11-28 00:33:32.226 [info] ExtensionService#_doActivateExtension vscode.microsoft-authentication, startup: false, activationEvent: 'onAuthenticationRequest:microsoft'
2022-11-28 00:33:32.226 [info] ExtensionService#_doActivateExtension vscode.git-base, startup: true, activationEvent: '*'
2022-11-28 00:33:32.425 [info] ExtensionService#_doActivateExtension vscode.github, startup: true, activationEvent: '*'
2022-11-28 00:33:32.434 [info] Eager extensions activated
2022-11-28 00:33:32.437 [info] ExtensionService#_doActivateExtension vscode.debug-auto-launch, startup: false, activationEvent: 'onStartupFinished'
2022-11-28 00:33:32.437 [info] ExtensionService#_doActivateExtension vscode.emmet, startup: false, activationEvent: 'onStartupFinished'
2022-11-28 00:33:32.437 [info] ExtensionService#_doActivateExtension vscode.merge-conflict, startup: false, activationEvent: 'onStartupFinished'
2022-11-28 00:33:32.460 [info] ExtensionService#_doActivateExtension vscode.github-authentication, startup: false, activationEvent: 'onAuthenticationRequest:github'
2022-11-28 00:34:15.677 [info] ExtensionService#_doActivateExtension vscode.git, startup: false, activationEvent: 'api', root cause: vscode.github
2022-11-28 00:34:57.978 [warning] [Decorations] CAPPING events from decorations provider vscode.git 6174
2022-11-28 00:34:58.425 [warning] [Decorations] CAPPING events from decorations provider vscode.git 6174
2022-11-28 00:34:59.642 [warning] [Decorations] CAPPING events from decorations provider vscode.git 6174
2022-11-28 00:35:04.789 [warning] [Decorations] CAPPING events from decorations provider vscode.git 6174
2022-11-28 00:35:34.608 [info] ExtensionService#_doActivateExtension vscode.extension-editing, startup: false, activationEvent: 'onLanguage:markdown'
2022-11-28 00:35:34.609 [info] ExtensionService#_doActivateExtension vscode.markdown-language-features, startup: false, activationEvent: 'onLanguage:markdown'
2022-11-28 00:35:34.609 [info] ExtensionService#_doActivateExtension hnw.vscode-auto-open-markdown-preview, startup: false, activationEvent: 'onLanguage:markdown'
2022-11-28 00:35:34.771 [warning] [Decorations] CAPPING events from decorations provider vscode.git 6177
2022-11-28 00:35:35.575 [info] ExtensionService#_doActivateExtension vscode.markdown-math, startup: false, activationEvent: 'api', root cause: vscode.markdown-language-features
2022-11-28 00:35:39.932 [warning] [Decorations] CAPPING events from decorations provider vscode.git 6193
2022-11-28 00:38:18.268 [warning] [Decorations] CAPPING events from decorations provider vscode.git 6703
2022-11-28 00:38:23.430 [warning] [Decorations] CAPPING events from decorations provider vscode.git 6701
2022-11-28 00:38:41.666 [warning] [Decorations] CAPPING events from decorations provider vscode.git 6702
2022-11-28 00:40:52.726 [warning] [Decorations] CAPPING events from decorations provider vscode.git 6904
2022-11-28 00:40:54.977 [info] ExtensionService#_doActivateExtension vscode.media-preview, startup: false, activationEvent: 'onCustomEditor:imagePreview.previewEditor'
2022-11-28 00:40:57.885 [warning] [Decorations] CAPPING events from decorations provider vscode.git 6917
2022-11-28 00:41:03.046 [warning] [Decorations] CAPPING events from decorations provider vscode.git 6917
2022-11-28 00:41:08.197 [warning] [Decorations] CAPPING events from decorations provider vscode.git 6918
2022-11-28 00:41:13.353 [warning] [Decorations] CAPPING events from decorations provider vscode.git 6918
2022-11-28 00:41:18.518 [warning] [Decorations] CAPPING events from decorations provider vscode.git 6918
2022-11-28 00:42:31.625 [warning] [Decorations] CAPPING events from decorations provider vscode.git 6932
2022-11-28 00:42:36.777 [warning] [Decorations] CAPPING events from decorations provider vscode.git 6884
2022-11-28 00:42:41.930 [warning] [Decorations] CAPPING events from decorations provider vscode.git 6883
2022-11-28 00:42:48.251 [warning] [Decorations] CAPPING events from decorations provider vscode.git 6883
2022-11-28 00:42:53.403 [warning] [Decorations] CAPPING events from decorations provider vscode.git 6883
2022-11-28 00:42:58.549 [warning] [Decorations] CAPPING events from decorations provider vscode.git 6883
2022-11-28 00:43:03.709 [warning] [Decorations] CAPPING events from decorations provider vscode.git 6883
2022-11-28 00:43:13.107 [warning] [Decorations] CAPPING events from decorations provider vscode.git 6883
2022-11-28 00:43:41.458 [warning] [Decorations] CAPPING events from decorations provider vscode.git 6883
2022-11-28 00:43:51.787 [warning] [Decorations] CAPPING events from decorations provider vscode.git 6880
2022-11-28 00:43:56.955 [warning] [Decorations] CAPPING events from decorations provider vscode.git 6880
2022-11-28 00:44:02.116 [warning] [Decorations] CAPPING events from decorations provider vscode.git 6879
2022-11-28 00:44:07.279 [warning] [Decorations] CAPPING events from decorations provider vscode.git 6879
2022-11-28 00:44:13.689 [warning] [Decorations] CAPPING events from decorations provider vscode.git 6879
2022-11-28 00:44:18.861 [warning] [Decorations] CAPPING events from decorations provider vscode.git 6879
2022-11-28 00:44:24.016 [warning] [Decorations] CAPPING events from decorations provider vscode.git 6879
2022-11-28 00:44:29.187 [warning] [Decorations] CAPPING events from decorations provider vscode.git 6879
2022-11-28 00:44:34.355 [warning] [Decorations] CAPPING events from decorations provider vscode.git 6879
2022-11-28 00:44:49.840 [warning] [Decorations] CAPPING events from decorations provider vscode.git 6879
2022-11-28 00:44:54.995 [warning] [Decorations] CAPPING events from decorations provider vscode.git 6879
2022-11-28 00:45:00.152 [warning] [Decorations] CAPPING events from decorations provider vscode.git 6879
2022-11-28 00:45:05.315 [warning] [Decorations] CAPPING events from decorations provider vscode.git 6879
2022-11-28 00:45:13.437 [warning] [Decorations] CAPPING events from decorations provider vscode.git 6879
2022-11-28 00:45:18.607 [warning] [Decorations] CAPPING events from decorations provider vscode.git 6879
2022-11-28 00:45:27.207 [warning] [Decorations] CAPPING events from decorations provider vscode.git 6879
2022-11-28 00:45:32.364 [warning] [Decorations] CAPPING events from decorations provider vscode.git 6879
2022-11-28 00:45:37.524 [warning] [Decorations] CAPPING events from decorations provider vscode.git 6879
2022-11-28 00:45:51.661 [warning] [Decorations] CAPPING events from decorations provider vscode.git 6879
2022-11-28 00:46:11.160 [warning] [Decorations] CAPPING events from decorations provider vscode.git 6879
2022-11-28 00:46:16.317 [warning] [Decorations] CAPPING events from decorations provider vscode.git 6879
2022-11-28 00:46:22.820 [warning] [Decorations] CAPPING events from decorations provider vscode.git 6879
2022-11-28 00:47:05.981 [warning] [Decorations] CAPPING events from decorations provider vscode.git 6883
2022-11-28 00:47:11.129 [warning] [Decorations] CAPPING events from decorations provider vscode.git 6883
2022-11-28 00:47:16.281 [warning] [Decorations] CAPPING events from decorations provider vscode.git 6883
2022-11-28 00:47:21.441 [warning] [Decorations] CAPPING events from decorations provider vscode.git 6883
2022-11-28 00:47:26.587 [warning] [Decorations] CAPPING events from decorations provider vscode.git 6883
2022-11-28 00:47:31.733 [warning] [Decorations] CAPPING events from decorations provider vscode.git 6883
2022-11-28 00:47:36.883 [warning] [Decorations] CAPPING events from decorations provider vscode.git 6883
2022-11-28 00:47:42.036 [warning] [Decorations] CAPPING events from decorations provider vscode.git 6883
2022-11-28 00:47:47.191 [warning] [Decorations] CAPPING events from decorations provider vscode.git 6883
2022-11-28 00:47:52.338 [warning] [Decorations] CAPPING events from decorations provider vscode.git 6883
2022-11-28 00:47:57.494 [warning] [Decorations] CAPPING events from decorations provider vscode.git 6883
2022-11-28 00:48:02.649 [warning] [Decorations] CAPPING events from decorations provider vscode.git 6883
2022-11-28 00:48:07.799 [warning] [Decorations] CAPPING events from decorations provider vscode.git 6883
2022-11-28 00:48:12.952 [warning] [Decorations] CAPPING events from decorations provider vscode.git 6883
2022-11-28 00:48:18.104 [warning] [Decorations] CAPPING events from decorations provider vscode.git 6883
2022-11-28 00:48:23.252 [warning] [Decorations] CAPPING events from decorations provider vscode.git 6883
2022-11-28 00:48:28.403 [warning] [Decorations] CAPPING events from decorations provider vscode.git 6883
2022-11-28 00:48:33.560 [warning] [Decorations] CAPPING events from decorations provider vscode.git 6883
2022-11-28 00:48:44.841 [warning] [Decorations] CAPPING events from decorations provider vscode.git 6883
2022-11-28 00:48:49.985 [warning] [Decorations] CAPPING events from decorations provider vscode.git 6883
2022-11-28 00:49:05.762 [warning] [Decorations] CAPPING events from decorations provider vscode.git 6884
2022-11-28 00:49:10.908 [warning] [Decorations] CAPPING events from decorations provider vscode.git 6884
2022-11-28 00:49:16.055 [warning] [Decorations] CAPPING events from decorations provider vscode.git 6884
2022-11-28 00:49:21.213 [warning] [Decorations] CAPPING events from decorations provider vscode.git 6884
2022-11-28 00:49:26.366 [warning] [Decorations] CAPPING events from decorations provider vscode.git 6884
2022-11-28 00:49:31.520 [warning] [Decorations] CAPPING events from decorations provider vscode.git 6884
2022-11-28 00:49:36.668 [warning] [Decorations] CAPPING events from decorations provider vscode.git 6884
2022-11-28 00:49:41.820 [warning] [Decorations] CAPPING events from decorations provider vscode.git 6884
2022-11-28 00:49:46.977 [warning] [Decorations] CAPPING events from decorations provider vscode.git 6884
2022-11-28 00:49:52.145 [warning] [Decorations] CAPPING events from decorations provider vscode.git 6884
2022-11-28 00:49:57.292 [warning] [Decorations] CAPPING events from decorations provider vscode.git 6884
2022-11-28 00:50:02.440 [warning] [Decorations] CAPPING events from decorations provider vscode.git 6884
2022-11-28 00:50:07.598 [warning] [Decorations] CAPPING events from decorations provider vscode.git 6884
2022-11-28 00:50:12.747 [warning] [Decorations] CAPPING events from decorations provider vscode.git 6884
2022-11-28 00:50:17.909 [warning] [Decorations] CAPPING events from decorations provider vscode.git 6884
2022-11-28 00:50:23.063 [warning] [Decorations] CAPPING events from decorations provider vscode.git 6884
2022-11-28 00:50:28.288 [warning] [Decorations] CAPPING events from decorations provider vscode.git 6884
2022-11-28 00:50:33.457 [warning] [Decorations] CAPPING events from decorations provider vscode.git 6884
2022-11-28 00:50:38.613 [warning] [Decorations] CAPPING events from decorations provider vscode.git 6884
2022-11-28 00:50:43.769 [warning] [Decorations] CAPPING events from decorations provider vscode.git 6884
2022-11-28 00:50:48.932 [warning] [Decorations] CAPPING events from decorations provider vscode.git 6884
2022-11-28 00:50:54.086 [warning] [Decorations] CAPPING events from decorations provider vscode.git 6884
2022-11-28 00:50:59.223 [warning] [Decorations] CAPPING events from decorations provider vscode.git 6884
2022-11-28 00:51:04.376 [warning] [Decorations] CAPPING events from decorations provider vscode.git 6884
2022-11-28 00:51:09.528 [warning] [Decorations] CAPPING events from decorations provider vscode.git 6884
2022-11-28 00:51:14.685 [warning] [Decorations] CAPPING events from decorations provider vscode.git 6886
2022-11-28 00:51:19.836 [warning] [Decorations] CAPPING events from decorations provider vscode.git 6886
2022-11-28 00:51:24.982 [warning] [Decorations] CAPPING events from decorations provider vscode.git 6896
2022-11-28 00:51:30.137 [warning] [Decorations] CAPPING events from decorations provider vscode.git 6896
2022-11-28 00:51:35.298 [warning] [Decorations] CAPPING events from decorations provider vscode.git 6896
2022-11-28 00:51:40.479 [warning] [Decorations] CAPPING events from decorations provider vscode.git 6896
2022-11-28 00:51:45.642 [warning] [Decorations] CAPPING events from decorations provider vscode.git 6896
2022-11-28 00:51:50.386 [info] Extension host terminating: received terminate message from renderer
2022-11-28 00:51:50.401 [info] Extension host with pid 131 exiting with code 0
