2022-11-28 08:44:06.079 [info] Extension host with pid 131 started
2022-11-28 08:44:06.162 [info] ExtensionService#_doActivateExtension vscode.extension-editing, startup: false, activationEvent: 'onLanguage:markdown'
2022-11-28 08:44:06.162 [info] ExtensionService#_doActivateExtension vscode.markdown-language-features, startup: false, activationEvent: 'onLanguage:markdown'
2022-11-28 08:44:06.162 [info] ExtensionService#_doActivateExtension hnw.vscode-auto-open-markdown-preview, startup: false, activationEvent: 'onLanguage:markdown'
2022-11-28 08:44:06.162 [info] ExtensionService#_doActivateExtension vscode.microsoft-authentication, startup: false, activationEvent: 'onAuthenticationRequest:microsoft'
2022-11-28 08:44:06.162 [info] ExtensionService#_doActivateExtension vscode.git-base, startup: true, activationEvent: '*', root cause: vscode.git
2022-11-28 08:44:06.403 [info] ExtensionService#_doActivateExtension vscode.git, startup: true, activationEvent: '*'
2022-11-28 08:44:06.403 [info] ExtensionService#_doActivateExtension vscode.github, startup: true, activationEvent: '*'
2022-11-28 08:44:06.443 [info] Eager extensions activated
2022-11-28 08:44:06.480 [info] ExtensionService#_doActivateExtension vscode.debug-auto-launch, startup: false, activationEvent: 'onStartupFinished'
2022-11-28 08:44:06.480 [info] ExtensionService#_doActivateExtension vscode.emmet, startup: false, activationEvent: 'onStartupFinished'
2022-11-28 08:44:06.481 [info] ExtensionService#_doActivateExtension vscode.merge-conflict, startup: false, activationEvent: 'onStartupFinished'
2022-11-28 08:44:06.481 [info] ExtensionService#_doActivateExtension vscode.github-authentication, startup: false, activationEvent: 'onAuthenticationRequest:github'
2022-11-28 08:44:06.609 [warning] [Decorations] CAPPING events from decorations provider vscode.git 309
2022-11-28 08:44:06.700 [info] ExtensionService#_doActivateExtension vscode.markdown-math, startup: false, activationEvent: 'api', root cause: vscode.markdown-language-features
2022-11-28 08:44:06.813 [warning] [Decorations] CAPPING events from decorations provider vscode.git 309
2022-11-28 08:44:07.238 [warning] [Decorations] CAPPING events from decorations provider vscode.git 314
2022-11-28 08:44:10.855 [warning] [Decorations] CAPPING events from decorations provider vscode.git 314
2022-11-28 08:44:15.978 [warning] [Decorations] CAPPING events from decorations provider vscode.git 314
2022-11-28 08:44:21.094 [warning] [Decorations] CAPPING events from decorations provider vscode.git 331
2022-11-28 08:44:26.209 [warning] [Decorations] CAPPING events from decorations provider vscode.git 332
2022-11-28 08:44:31.319 [warning] [Decorations] CAPPING events from decorations provider vscode.git 332
2022-11-28 08:44:36.429 [warning] [Decorations] CAPPING events from decorations provider vscode.git 332
2022-11-28 08:44:41.547 [warning] [Decorations] CAPPING events from decorations provider vscode.git 332
2022-11-28 08:44:46.657 [warning] [Decorations] CAPPING events from decorations provider vscode.git 332
2022-11-28 08:44:51.767 [warning] [Decorations] CAPPING events from decorations provider vscode.git 332
2022-11-28 08:44:56.890 [warning] [Decorations] CAPPING events from decorations provider vscode.git 332
2022-11-28 08:45:02.007 [warning] [Decorations] CAPPING events from decorations provider vscode.git 332
2022-11-28 08:45:07.114 [warning] [Decorations] CAPPING events from decorations provider vscode.git 332
2022-11-28 08:45:12.224 [warning] [Decorations] CAPPING events from decorations provider vscode.git 332
2022-11-28 08:45:17.335 [warning] [Decorations] CAPPING events from decorations provider vscode.git 332
2022-11-28 08:45:22.451 [warning] [Decorations] CAPPING events from decorations provider vscode.git 332
2022-11-28 08:45:27.562 [warning] [Decorations] CAPPING events from decorations provider vscode.git 332
2022-11-28 08:45:32.669 [warning] [Decorations] CAPPING events from decorations provider vscode.git 332
2022-11-28 08:45:37.785 [warning] [Decorations] CAPPING events from decorations provider vscode.git 332
2022-11-28 08:45:42.894 [warning] [Decorations] CAPPING events from decorations provider vscode.git 332
2022-11-28 08:45:48.006 [warning] [Decorations] CAPPING events from decorations provider vscode.git 332
2022-11-28 08:45:53.114 [warning] [Decorations] CAPPING events from decorations provider vscode.git 332
2022-11-28 08:45:58.225 [warning] [Decorations] CAPPING events from decorations provider vscode.git 332
2022-11-28 08:46:03.334 [warning] [Decorations] CAPPING events from decorations provider vscode.git 332
2022-11-28 08:46:08.450 [warning] [Decorations] CAPPING events from decorations provider vscode.git 332
2022-11-28 08:46:15.392 [warning] [Decorations] CAPPING events from decorations provider vscode.git 332
2022-11-28 08:46:20.503 [warning] [Decorations] CAPPING events from decorations provider vscode.git 332
2022-11-28 08:46:25.619 [warning] [Decorations] CAPPING events from decorations provider vscode.git 332
2022-11-28 08:46:30.736 [warning] [Decorations] CAPPING events from decorations provider vscode.git 332
2022-11-28 08:46:39.672 [warning] [Decorations] CAPPING events from decorations provider vscode.git 332
2022-11-28 08:46:44.790 [warning] [Decorations] CAPPING events from decorations provider vscode.git 332
2022-11-28 08:47:31.858 [warning] [Decorations] CAPPING events from decorations provider vscode.git 362
2022-11-28 08:47:33.232 [warning] [Decorations] CAPPING events from decorations provider vscode.git 362
2022-11-28 08:47:36.963 [warning] [Decorations] CAPPING events from decorations provider vscode.git 362
2022-11-28 08:47:42.077 [warning] [Decorations] CAPPING events from decorations provider vscode.git 362
2022-11-28 08:47:47.179 [warning] [Decorations] CAPPING events from decorations provider vscode.git 360
2022-11-28 08:47:52.279 [warning] [Decorations] CAPPING events from decorations provider vscode.git 360
2022-11-28 08:47:57.385 [warning] [Decorations] CAPPING events from decorations provider vscode.git 360
2022-11-28 08:48:02.495 [warning] [Decorations] CAPPING events from decorations provider vscode.git 360
2022-11-28 13:13:24.314 [warning] [Decorations] CAPPING events from decorations provider vscode.git 994
2022-11-28 13:13:25.384 [warning] [Decorations] CAPPING events from decorations provider vscode.git 987
2022-11-28 13:13:29.444 [warning] [Decorations] CAPPING events from decorations provider vscode.git 987
2022-11-28 13:13:34.590 [warning] [Decorations] CAPPING events from decorations provider vscode.git 988
2022-11-28 13:13:39.733 [warning] [Decorations] CAPPING events from decorations provider vscode.git 987
2022-11-28 13:13:44.877 [warning] [Decorations] CAPPING events from decorations provider vscode.git 987
2022-11-28 13:13:50.019 [warning] [Decorations] CAPPING events from decorations provider vscode.git 987
2022-11-28 13:14:21.438 [warning] [Decorations] CAPPING events from decorations provider vscode.git 987
2022-11-28 13:14:26.566 [warning] [Decorations] CAPPING events from decorations provider vscode.git 987
2022-11-28 13:14:31.691 [warning] [Decorations] CAPPING events from decorations provider vscode.git 988
2022-11-28 13:14:36.826 [warning] [Decorations] CAPPING events from decorations provider vscode.git 988
2022-11-28 13:14:41.950 [warning] [Decorations] CAPPING events from decorations provider vscode.git 988
2022-11-28 13:14:47.072 [warning] [Decorations] CAPPING events from decorations provider vscode.git 988
2022-11-28 13:14:52.207 [warning] [Decorations] CAPPING events from decorations provider vscode.git 988
2022-11-28 13:14:57.338 [warning] [Decorations] CAPPING events from decorations provider vscode.git 988
2022-11-28 13:15:02.470 [warning] [Decorations] CAPPING events from decorations provider vscode.git 988
2022-11-28 13:15:07.602 [warning] [Decorations] CAPPING events from decorations provider vscode.git 988
2022-11-28 13:15:12.736 [warning] [Decorations] CAPPING events from decorations provider vscode.git 988
2022-11-28 13:15:17.867 [warning] [Decorations] CAPPING events from decorations provider vscode.git 988
2022-11-28 13:15:23.003 [warning] [Decorations] CAPPING events from decorations provider vscode.git 988
2022-11-28 13:15:28.134 [warning] [Decorations] CAPPING events from decorations provider vscode.git 988
2022-11-28 13:15:33.256 [warning] [Decorations] CAPPING events from decorations provider vscode.git 988
2022-11-28 13:15:38.387 [warning] [Decorations] CAPPING events from decorations provider vscode.git 988
2022-11-28 13:15:43.519 [warning] [Decorations] CAPPING events from decorations provider vscode.git 988
2022-11-28 13:15:48.644 [warning] [Decorations] CAPPING events from decorations provider vscode.git 988
2022-11-28 13:15:53.774 [warning] [Decorations] CAPPING events from decorations provider vscode.git 988
2022-11-28 13:15:58.897 [warning] [Decorations] CAPPING events from decorations provider vscode.git 988
2022-11-28 13:16:04.025 [warning] [Decorations] CAPPING events from decorations provider vscode.git 988
2022-11-28 13:16:09.155 [warning] [Decorations] CAPPING events from decorations provider vscode.git 988
2022-11-28 13:16:14.286 [warning] [Decorations] CAPPING events from decorations provider vscode.git 988
2022-11-28 13:16:19.415 [warning] [Decorations] CAPPING events from decorations provider vscode.git 988
2022-11-28 13:16:24.547 [warning] [Decorations] CAPPING events from decorations provider vscode.git 988
2022-11-28 13:16:26.264 [warning] [Decorations] CAPPING events from decorations provider vscode.git 988
2022-11-28 13:16:29.677 [warning] [Decorations] CAPPING events from decorations provider vscode.git 988
2022-11-28 13:16:34.809 [warning] [Decorations] CAPPING events from decorations provider vscode.git 988
2022-11-28 13:16:39.932 [warning] [Decorations] CAPPING events from decorations provider vscode.git 988
2022-11-28 13:16:45.065 [warning] [Decorations] CAPPING events from decorations provider vscode.git 988
2022-11-28 13:16:50.194 [warning] [Decorations] CAPPING events from decorations provider vscode.git 988
2022-11-28 13:16:55.325 [warning] [Decorations] CAPPING events from decorations provider vscode.git 988
2022-11-28 13:17:00.454 [warning] [Decorations] CAPPING events from decorations provider vscode.git 988
2022-11-28 13:17:05.585 [warning] [Decorations] CAPPING events from decorations provider vscode.git 988
2022-11-28 13:17:10.714 [warning] [Decorations] CAPPING events from decorations provider vscode.git 988
2022-11-28 13:17:15.844 [warning] [Decorations] CAPPING events from decorations provider vscode.git 988
2022-11-28 13:17:20.974 [warning] [Decorations] CAPPING events from decorations provider vscode.git 988
2022-11-28 13:17:26.104 [warning] [Decorations] CAPPING events from decorations provider vscode.git 988
2022-11-28 13:17:31.233 [warning] [Decorations] CAPPING events from decorations provider vscode.git 988
2022-11-28 13:17:36.366 [warning] [Decorations] CAPPING events from decorations provider vscode.git 988
2022-11-28 13:17:41.496 [warning] [Decorations] CAPPING events from decorations provider vscode.git 988
2022-11-28 13:17:46.625 [warning] [Decorations] CAPPING events from decorations provider vscode.git 988
2022-11-28 13:17:51.753 [warning] [Decorations] CAPPING events from decorations provider vscode.git 988
2022-11-28 13:17:56.882 [warning] [Decorations] CAPPING events from decorations provider vscode.git 988
2022-11-28 13:18:02.007 [warning] [Decorations] CAPPING events from decorations provider vscode.git 988
2022-11-28 13:18:07.139 [warning] [Decorations] CAPPING events from decorations provider vscode.git 988
2022-11-28 13:18:12.268 [warning] [Decorations] CAPPING events from decorations provider vscode.git 988
2022-11-28 13:18:17.401 [warning] [Decorations] CAPPING events from decorations provider vscode.git 988
2022-11-28 13:18:22.533 [warning] [Decorations] CAPPING events from decorations provider vscode.git 988
2022-11-28 13:18:27.659 [warning] [Decorations] CAPPING events from decorations provider vscode.git 988
2022-11-28 13:18:32.789 [warning] [Decorations] CAPPING events from decorations provider vscode.git 989
2022-11-28 13:18:37.919 [warning] [Decorations] CAPPING events from decorations provider vscode.git 989
2022-11-28 13:18:43.053 [warning] [Decorations] CAPPING events from decorations provider vscode.git 989
2022-11-28 13:18:48.191 [warning] [Decorations] CAPPING events from decorations provider vscode.git 989
2022-11-28 13:18:53.318 [warning] [Decorations] CAPPING events from decorations provider vscode.git 989
2022-11-28 13:18:58.448 [warning] [Decorations] CAPPING events from decorations provider vscode.git 989
2022-11-28 13:19:03.574 [warning] [Decorations] CAPPING events from decorations provider vscode.git 989
2022-11-28 13:19:08.702 [warning] [Decorations] CAPPING events from decorations provider vscode.git 989
2022-11-28 13:19:13.833 [warning] [Decorations] CAPPING events from decorations provider vscode.git 989
2022-11-28 13:19:18.964 [warning] [Decorations] CAPPING events from decorations provider vscode.git 989
2022-11-28 13:19:24.089 [warning] [Decorations] CAPPING events from decorations provider vscode.git 989
2022-11-28 13:19:27.020 [warning] [Decorations] CAPPING events from decorations provider vscode.git 989
2022-11-28 13:19:29.221 [warning] [Decorations] CAPPING events from decorations provider vscode.git 989
2022-11-28 13:19:34.352 [warning] [Decorations] CAPPING events from decorations provider vscode.git 989
2022-11-28 13:19:39.483 [warning] [Decorations] CAPPING events from decorations provider vscode.git 989
2022-11-28 13:19:44.614 [warning] [Decorations] CAPPING events from decorations provider vscode.git 989
2022-11-28 13:19:49.746 [warning] [Decorations] CAPPING events from decorations provider vscode.git 989
2022-11-28 13:19:54.875 [warning] [Decorations] CAPPING events from decorations provider vscode.git 989
2022-11-28 13:20:00.009 [warning] [Decorations] CAPPING events from decorations provider vscode.git 989
2022-11-28 13:20:05.143 [warning] [Decorations] CAPPING events from decorations provider vscode.git 989
2022-11-28 13:20:10.276 [warning] [Decorations] CAPPING events from decorations provider vscode.git 989
2022-11-28 13:20:15.408 [warning] [Decorations] CAPPING events from decorations provider vscode.git 989
2022-11-28 13:20:20.540 [warning] [Decorations] CAPPING events from decorations provider vscode.git 989
2022-11-28 13:20:25.670 [warning] [Decorations] CAPPING events from decorations provider vscode.git 989
2022-11-28 13:20:30.805 [warning] [Decorations] CAPPING events from decorations provider vscode.git 989
2022-11-28 13:20:35.939 [warning] [Decorations] CAPPING events from decorations provider vscode.git 989
2022-11-28 13:20:41.076 [warning] [Decorations] CAPPING events from decorations provider vscode.git 989
2022-11-28 13:20:46.210 [warning] [Decorations] CAPPING events from decorations provider vscode.git 989
2022-11-28 13:20:51.343 [warning] [Decorations] CAPPING events from decorations provider vscode.git 989
2022-11-28 13:20:56.471 [warning] [Decorations] CAPPING events from decorations provider vscode.git 989
2022-11-28 13:21:01.601 [warning] [Decorations] CAPPING events from decorations provider vscode.git 989
2022-11-28 13:21:06.726 [warning] [Decorations] CAPPING events from decorations provider vscode.git 989
2022-11-28 13:21:11.858 [warning] [Decorations] CAPPING events from decorations provider vscode.git 989
2022-11-28 13:21:16.991 [warning] [Decorations] CAPPING events from decorations provider vscode.git 989
2022-11-28 13:21:22.119 [warning] [Decorations] CAPPING events from decorations provider vscode.git 989
2022-11-28 13:21:27.250 [warning] [Decorations] CAPPING events from decorations provider vscode.git 989
2022-11-28 13:21:32.380 [warning] [Decorations] CAPPING events from decorations provider vscode.git 989
2022-11-28 13:21:37.513 [warning] [Decorations] CAPPING events from decorations provider vscode.git 989
2022-11-28 13:21:42.645 [warning] [Decorations] CAPPING events from decorations provider vscode.git 989
2022-11-28 13:21:47.789 [warning] [Decorations] CAPPING events from decorations provider vscode.git 989
2022-11-28 13:21:52.925 [warning] [Decorations] CAPPING events from decorations provider vscode.git 989
2022-11-28 13:21:58.058 [warning] [Decorations] CAPPING events from decorations provider vscode.git 989
2022-11-28 13:22:03.191 [warning] [Decorations] CAPPING events from decorations provider vscode.git 989
2022-11-28 13:22:08.326 [warning] [Decorations] CAPPING events from decorations provider vscode.git 989
2022-11-28 13:22:13.461 [warning] [Decorations] CAPPING events from decorations provider vscode.git 989
2022-11-28 13:22:18.594 [warning] [Decorations] CAPPING events from decorations provider vscode.git 989
2022-11-28 13:22:23.726 [warning] [Decorations] CAPPING events from decorations provider vscode.git 989
2022-11-28 13:22:27.778 [warning] [Decorations] CAPPING events from decorations provider vscode.git 989
2022-11-28 13:22:28.857 [warning] [Decorations] CAPPING events from decorations provider vscode.git 989
2022-11-28 13:22:33.992 [warning] [Decorations] CAPPING events from decorations provider vscode.git 989
2022-11-28 13:22:39.127 [warning] [Decorations] CAPPING events from decorations provider vscode.git 989
2022-11-28 13:22:44.254 [warning] [Decorations] CAPPING events from decorations provider vscode.git 989
2022-11-28 13:22:49.381 [warning] [Decorations] CAPPING events from decorations provider vscode.git 989
2022-11-28 13:22:54.515 [warning] [Decorations] CAPPING events from decorations provider vscode.git 989
2022-11-28 13:22:59.648 [warning] [Decorations] CAPPING events from decorations provider vscode.git 989
2022-11-28 13:23:04.775 [warning] [Decorations] CAPPING events from decorations provider vscode.git 989
2022-11-28 13:23:09.901 [warning] [Decorations] CAPPING events from decorations provider vscode.git 989
2022-11-28 13:23:15.035 [warning] [Decorations] CAPPING events from decorations provider vscode.git 989
2022-11-28 13:23:20.166 [warning] [Decorations] CAPPING events from decorations provider vscode.git 989
2022-11-28 13:23:25.297 [warning] [Decorations] CAPPING events from decorations provider vscode.git 989
2022-11-28 13:23:30.427 [warning] [Decorations] CAPPING events from decorations provider vscode.git 989
2022-11-28 13:23:35.563 [warning] [Decorations] CAPPING events from decorations provider vscode.git 989
2022-11-28 13:23:40.694 [warning] [Decorations] CAPPING events from decorations provider vscode.git 989
2022-11-28 13:23:45.829 [warning] [Decorations] CAPPING events from decorations provider vscode.git 989
2022-11-28 13:23:50.965 [warning] [Decorations] CAPPING events from decorations provider vscode.git 989
2022-11-28 13:23:56.094 [warning] [Decorations] CAPPING events from decorations provider vscode.git 989
2022-11-28 13:24:01.226 [warning] [Decorations] CAPPING events from decorations provider vscode.git 989
2022-11-28 13:24:06.358 [warning] [Decorations] CAPPING events from decorations provider vscode.git 989
2022-11-28 13:24:11.487 [warning] [Decorations] CAPPING events from decorations provider vscode.git 989
2022-11-28 13:24:16.619 [warning] [Decorations] CAPPING events from decorations provider vscode.git 989
2022-11-28 13:24:21.752 [warning] [Decorations] CAPPING events from decorations provider vscode.git 989
2022-11-28 13:24:26.894 [warning] [Decorations] CAPPING events from decorations provider vscode.git 989
2022-11-28 13:24:32.027 [warning] [Decorations] CAPPING events from decorations provider vscode.git 989
2022-11-28 13:24:37.157 [warning] [Decorations] CAPPING events from decorations provider vscode.git 989
2022-11-28 13:24:42.289 [warning] [Decorations] CAPPING events from decorations provider vscode.git 989
2022-11-28 13:24:47.424 [warning] [Decorations] CAPPING events from decorations provider vscode.git 989
2022-11-28 13:24:52.560 [warning] [Decorations] CAPPING events from decorations provider vscode.git 989
2022-11-28 13:24:57.692 [warning] [Decorations] CAPPING events from decorations provider vscode.git 989
2022-11-28 13:25:02.828 [warning] [Decorations] CAPPING events from decorations provider vscode.git 989
2022-11-28 13:25:07.956 [warning] [Decorations] CAPPING events from decorations provider vscode.git 989
2022-11-28 13:25:13.086 [warning] [Decorations] CAPPING events from decorations provider vscode.git 989
2022-11-28 13:25:18.218 [warning] [Decorations] CAPPING events from decorations provider vscode.git 989
2022-11-28 13:25:23.352 [warning] [Decorations] CAPPING events from decorations provider vscode.git 989
2022-11-28 13:25:28.548 [warning] [Decorations] CAPPING events from decorations provider vscode.git 989
2022-11-28 13:25:28.701 [warning] [Decorations] CAPPING events from decorations provider vscode.git 989
2022-11-28 13:25:33.835 [warning] [Decorations] CAPPING events from decorations provider vscode.git 989
2022-11-28 13:25:38.969 [warning] [Decorations] CAPPING events from decorations provider vscode.git 989
2022-11-28 13:25:44.106 [warning] [Decorations] CAPPING events from decorations provider vscode.git 989
2022-11-28 13:25:49.242 [warning] [Decorations] CAPPING events from decorations provider vscode.git 989
2022-11-28 13:25:54.372 [warning] [Decorations] CAPPING events from decorations provider vscode.git 989
2022-11-28 13:25:59.508 [warning] [Decorations] CAPPING events from decorations provider vscode.git 989
2022-11-28 13:26:04.644 [warning] [Decorations] CAPPING events from decorations provider vscode.git 989
2022-11-28 13:26:09.779 [warning] [Decorations] CAPPING events from decorations provider vscode.git 989
2022-11-28 13:26:14.908 [warning] [Decorations] CAPPING events from decorations provider vscode.git 989
2022-11-28 13:26:20.038 [warning] [Decorations] CAPPING events from decorations provider vscode.git 989
2022-11-28 13:26:25.170 [warning] [Decorations] CAPPING events from decorations provider vscode.git 989
2022-11-28 13:26:30.302 [warning] [Decorations] CAPPING events from decorations provider vscode.git 989
2022-11-28 13:26:35.429 [warning] [Decorations] CAPPING events from decorations provider vscode.git 989
2022-11-28 13:26:40.564 [warning] [Decorations] CAPPING events from decorations provider vscode.git 989
2022-11-28 13:26:45.696 [warning] [Decorations] CAPPING events from decorations provider vscode.git 989
2022-11-28 13:26:50.830 [warning] [Decorations] CAPPING events from decorations provider vscode.git 989
2022-11-28 13:26:55.966 [warning] [Decorations] CAPPING events from decorations provider vscode.git 989
2022-11-28 13:27:01.101 [warning] [Decorations] CAPPING events from decorations provider vscode.git 989
2022-11-28 13:27:06.231 [warning] [Decorations] CAPPING events from decorations provider vscode.git 989
2022-11-28 13:27:11.363 [warning] [Decorations] CAPPING events from decorations provider vscode.git 989
2022-11-28 13:27:16.494 [warning] [Decorations] CAPPING events from decorations provider vscode.git 989
2022-11-28 13:27:21.629 [warning] [Decorations] CAPPING events from decorations provider vscode.git 989
2022-11-28 13:27:26.761 [warning] [Decorations] CAPPING events from decorations provider vscode.git 989
2022-11-28 13:27:31.899 [warning] [Decorations] CAPPING events from decorations provider vscode.git 989
2022-11-28 13:27:37.033 [warning] [Decorations] CAPPING events from decorations provider vscode.git 989
2022-11-28 13:27:42.164 [warning] [Decorations] CAPPING events from decorations provider vscode.git 989
2022-11-28 13:27:47.296 [warning] [Decorations] CAPPING events from decorations provider vscode.git 989
2022-11-28 13:27:52.430 [warning] [Decorations] CAPPING events from decorations provider vscode.git 989
2022-11-28 13:27:57.564 [warning] [Decorations] CAPPING events from decorations provider vscode.git 989
2022-11-28 13:28:02.696 [warning] [Decorations] CAPPING events from decorations provider vscode.git 989
2022-11-28 13:28:07.827 [warning] [Decorations] CAPPING events from decorations provider vscode.git 989
2022-11-28 13:28:12.962 [warning] [Decorations] CAPPING events from decorations provider vscode.git 989
2022-11-28 13:28:18.097 [warning] [Decorations] CAPPING events from decorations provider vscode.git 989
2022-11-28 13:28:23.230 [warning] [Decorations] CAPPING events from decorations provider vscode.git 989
2022-11-28 13:28:28.363 [warning] [Decorations] CAPPING events from decorations provider vscode.git 989
2022-11-28 13:28:29.641 [warning] [Decorations] CAPPING events from decorations provider vscode.git 989
2022-11-28 13:28:33.497 [warning] [Decorations] CAPPING events from decorations provider vscode.git 989
2022-11-28 13:28:38.633 [warning] [Decorations] CAPPING events from decorations provider vscode.git 989
2022-11-28 13:28:43.762 [warning] [Decorations] CAPPING events from decorations provider vscode.git 989
2022-11-28 13:28:48.900 [warning] [Decorations] CAPPING events from decorations provider vscode.git 989
2022-11-28 13:28:54.030 [warning] [Decorations] CAPPING events from decorations provider vscode.git 989
2022-11-28 13:28:59.164 [warning] [Decorations] CAPPING events from decorations provider vscode.git 989
2022-11-28 13:29:04.300 [warning] [Decorations] CAPPING events from decorations provider vscode.git 989
2022-11-28 13:29:09.437 [warning] [Decorations] CAPPING events from decorations provider vscode.git 989
2022-11-28 13:29:14.569 [warning] [Decorations] CAPPING events from decorations provider vscode.git 989
2022-11-28 13:29:19.705 [warning] [Decorations] CAPPING events from decorations provider vscode.git 989
2022-11-28 13:29:24.840 [warning] [Decorations] CAPPING events from decorations provider vscode.git 989
2022-11-28 13:29:29.977 [warning] [Decorations] CAPPING events from decorations provider vscode.git 989
2022-11-28 13:29:35.111 [warning] [Decorations] CAPPING events from decorations provider vscode.git 989
2022-11-28 13:29:40.242 [warning] [Decorations] CAPPING events from decorations provider vscode.git 989
2022-11-28 13:29:45.371 [warning] [Decorations] CAPPING events from decorations provider vscode.git 989
2022-11-28 13:29:50.508 [warning] [Decorations] CAPPING events from decorations provider vscode.git 989
2022-11-28 13:29:55.638 [warning] [Decorations] CAPPING events from decorations provider vscode.git 989
2022-11-28 13:30:00.768 [warning] [Decorations] CAPPING events from decorations provider vscode.git 989
2022-11-28 13:30:05.894 [warning] [Decorations] CAPPING events from decorations provider vscode.git 989
2022-11-28 13:30:11.028 [warning] [Decorations] CAPPING events from decorations provider vscode.git 989
2022-11-28 13:30:16.161 [warning] [Decorations] CAPPING events from decorations provider vscode.git 989
2022-11-28 13:30:21.301 [warning] [Decorations] CAPPING events from decorations provider vscode.git 989
2022-11-28 13:30:26.432 [warning] [Decorations] CAPPING events from decorations provider vscode.git 989
2022-11-28 13:30:31.568 [warning] [Decorations] CAPPING events from decorations provider vscode.git 989
2022-11-28 13:30:36.699 [warning] [Decorations] CAPPING events from decorations provider vscode.git 989
2022-11-28 13:30:41.830 [warning] [Decorations] CAPPING events from decorations provider vscode.git 989
2022-11-28 13:30:46.967 [warning] [Decorations] CAPPING events from decorations provider vscode.git 989
2022-11-28 13:30:52.102 [warning] [Decorations] CAPPING events from decorations provider vscode.git 989
2022-11-28 13:30:57.232 [warning] [Decorations] CAPPING events from decorations provider vscode.git 989
2022-11-28 13:31:02.361 [warning] [Decorations] CAPPING events from decorations provider vscode.git 989
2022-11-28 13:31:07.494 [warning] [Decorations] CAPPING events from decorations provider vscode.git 989
2022-11-28 13:31:12.627 [warning] [Decorations] CAPPING events from decorations provider vscode.git 989
2022-11-28 13:31:17.760 [warning] [Decorations] CAPPING events from decorations provider vscode.git 989
2022-11-28 13:31:22.889 [warning] [Decorations] CAPPING events from decorations provider vscode.git 989
2022-11-28 13:31:28.025 [warning] [Decorations] CAPPING events from decorations provider vscode.git 989
2022-11-28 13:31:30.431 [warning] [Decorations] CAPPING events from decorations provider vscode.git 989
2022-11-28 13:31:33.157 [warning] [Decorations] CAPPING events from decorations provider vscode.git 989
2022-11-28 13:31:38.291 [warning] [Decorations] CAPPING events from decorations provider vscode.git 989
2022-11-28 13:31:43.422 [warning] [Decorations] CAPPING events from decorations provider vscode.git 989
2022-11-28 13:31:48.552 [warning] [Decorations] CAPPING events from decorations provider vscode.git 989
2022-11-28 13:31:53.687 [warning] [Decorations] CAPPING events from decorations provider vscode.git 989
2022-11-28 13:31:58.816 [warning] [Decorations] CAPPING events from decorations provider vscode.git 989
2022-11-28 13:32:03.953 [warning] [Decorations] CAPPING events from decorations provider vscode.git 989
2022-11-28 13:32:09.083 [warning] [Decorations] CAPPING events from decorations provider vscode.git 989
2022-11-28 13:32:14.219 [warning] [Decorations] CAPPING events from decorations provider vscode.git 989
2022-11-28 13:32:19.350 [warning] [Decorations] CAPPING events from decorations provider vscode.git 989
2022-11-28 13:32:24.484 [warning] [Decorations] CAPPING events from decorations provider vscode.git 989
2022-11-28 13:32:29.610 [warning] [Decorations] CAPPING events from decorations provider vscode.git 989
2022-11-28 13:32:34.738 [warning] [Decorations] CAPPING events from decorations provider vscode.git 989
2022-11-28 13:32:39.867 [warning] [Decorations] CAPPING events from decorations provider vscode.git 989
2022-11-28 13:32:45.001 [warning] [Decorations] CAPPING events from decorations provider vscode.git 989
2022-11-28 13:32:50.131 [warning] [Decorations] CAPPING events from decorations provider vscode.git 989
2022-11-28 13:32:55.262 [warning] [Decorations] CAPPING events from decorations provider vscode.git 989
2022-11-28 13:33:00.392 [warning] [Decorations] CAPPING events from decorations provider vscode.git 989
2022-11-28 13:33:05.526 [warning] [Decorations] CAPPING events from decorations provider vscode.git 989
2022-11-28 13:33:10.659 [warning] [Decorations] CAPPING events from decorations provider vscode.git 989
2022-11-28 13:33:15.795 [warning] [Decorations] CAPPING events from decorations provider vscode.git 989
2022-11-28 13:33:20.923 [warning] [Decorations] CAPPING events from decorations provider vscode.git 989
2022-11-28 13:33:26.061 [warning] [Decorations] CAPPING events from decorations provider vscode.git 989
2022-11-28 13:33:31.197 [warning] [Decorations] CAPPING events from decorations provider vscode.git 989
2022-11-28 13:33:36.331 [warning] [Decorations] CAPPING events from decorations provider vscode.git 989
2022-11-28 13:33:41.462 [warning] [Decorations] CAPPING events from decorations provider vscode.git 989
2022-11-28 13:33:46.597 [warning] [Decorations] CAPPING events from decorations provider vscode.git 989
2022-11-28 13:33:51.728 [warning] [Decorations] CAPPING events from decorations provider vscode.git 989
2022-11-28 13:33:56.863 [warning] [Decorations] CAPPING events from decorations provider vscode.git 989
2022-11-28 13:34:02.001 [warning] [Decorations] CAPPING events from decorations provider vscode.git 989
2022-11-28 13:34:07.132 [warning] [Decorations] CAPPING events from decorations provider vscode.git 989
2022-11-28 13:34:12.263 [warning] [Decorations] CAPPING events from decorations provider vscode.git 989
2022-11-28 13:34:17.391 [warning] [Decorations] CAPPING events from decorations provider vscode.git 989
2022-11-28 13:34:22.524 [warning] [Decorations] CAPPING events from decorations provider vscode.git 989
2022-11-28 13:34:27.658 [warning] [Decorations] CAPPING events from decorations provider vscode.git 989
2022-11-28 13:34:31.341 [warning] [Decorations] CAPPING events from decorations provider vscode.git 989
2022-11-28 13:34:32.790 [warning] [Decorations] CAPPING events from decorations provider vscode.git 989
2022-11-28 13:34:37.925 [warning] [Decorations] CAPPING events from decorations provider vscode.git 989
2022-11-28 13:34:43.057 [warning] [Decorations] CAPPING events from decorations provider vscode.git 989
2022-11-28 13:34:48.190 [warning] [Decorations] CAPPING events from decorations provider vscode.git 989
2022-11-28 13:34:53.323 [warning] [Decorations] CAPPING events from decorations provider vscode.git 989
2022-11-28 13:34:58.460 [warning] [Decorations] CAPPING events from decorations provider vscode.git 989
2022-11-28 13:35:03.592 [warning] [Decorations] CAPPING events from decorations provider vscode.git 989
2022-11-28 13:35:08.725 [warning] [Decorations] CAPPING events from decorations provider vscode.git 989
2022-11-28 13:35:13.858 [warning] [Decorations] CAPPING events from decorations provider vscode.git 989
2022-11-28 13:35:18.993 [warning] [Decorations] CAPPING events from decorations provider vscode.git 989
2022-11-28 13:35:24.125 [warning] [Decorations] CAPPING events from decorations provider vscode.git 989
2022-11-28 13:35:29.261 [warning] [Decorations] CAPPING events from decorations provider vscode.git 989
2022-11-28 13:35:34.391 [warning] [Decorations] CAPPING events from decorations provider vscode.git 989
2022-11-28 13:35:39.526 [warning] [Decorations] CAPPING events from decorations provider vscode.git 989
2022-11-28 13:35:44.657 [warning] [Decorations] CAPPING events from decorations provider vscode.git 989
2022-11-28 13:35:49.784 [warning] [Decorations] CAPPING events from decorations provider vscode.git 989
2022-11-28 13:35:54.913 [warning] [Decorations] CAPPING events from decorations provider vscode.git 989
2022-11-28 13:36:00.043 [warning] [Decorations] CAPPING events from decorations provider vscode.git 989
2022-11-28 13:36:05.177 [warning] [Decorations] CAPPING events from decorations provider vscode.git 989
2022-11-28 13:36:10.309 [warning] [Decorations] CAPPING events from decorations provider vscode.git 989
2022-11-28 13:36:15.442 [warning] [Decorations] CAPPING events from decorations provider vscode.git 989
2022-11-28 13:36:20.577 [warning] [Decorations] CAPPING events from decorations provider vscode.git 989
2022-11-28 13:36:25.711 [warning] [Decorations] CAPPING events from decorations provider vscode.git 989
2022-11-28 13:36:30.842 [warning] [Decorations] CAPPING events from decorations provider vscode.git 989
2022-11-28 13:36:35.978 [warning] [Decorations] CAPPING events from decorations provider vscode.git 989
2022-11-28 13:36:41.106 [warning] [Decorations] CAPPING events from decorations provider vscode.git 989
2022-11-28 13:36:46.237 [warning] [Decorations] CAPPING events from decorations provider vscode.git 989
2022-11-28 13:36:51.376 [warning] [Decorations] CAPPING events from decorations provider vscode.git 989
2022-11-28 13:36:56.508 [warning] [Decorations] CAPPING events from decorations provider vscode.git 989
2022-11-28 13:37:01.637 [warning] [Decorations] CAPPING events from decorations provider vscode.git 989
2022-11-28 13:37:06.768 [warning] [Decorations] CAPPING events from decorations provider vscode.git 989
2022-11-28 13:37:11.904 [warning] [Decorations] CAPPING events from decorations provider vscode.git 989
2022-11-28 13:37:17.036 [warning] [Decorations] CAPPING events from decorations provider vscode.git 989
2022-11-28 13:37:22.169 [warning] [Decorations] CAPPING events from decorations provider vscode.git 989
2022-11-28 13:37:27.301 [warning] [Decorations] CAPPING events from decorations provider vscode.git 989
2022-11-28 13:37:32.365 [warning] [Decorations] CAPPING events from decorations provider vscode.git 989
2022-11-28 13:37:32.519 [warning] [Decorations] CAPPING events from decorations provider vscode.git 989
2022-11-28 13:37:37.653 [warning] [Decorations] CAPPING events from decorations provider vscode.git 989
2022-11-28 13:37:42.789 [warning] [Decorations] CAPPING events from decorations provider vscode.git 989
2022-11-28 13:37:47.921 [warning] [Decorations] CAPPING events from decorations provider vscode.git 989
2022-11-28 13:37:53.056 [warning] [Decorations] CAPPING events from decorations provider vscode.git 989
2022-11-28 13:37:58.188 [warning] [Decorations] CAPPING events from decorations provider vscode.git 989
2022-11-28 13:38:03.320 [warning] [Decorations] CAPPING events from decorations provider vscode.git 989
2022-11-28 13:38:08.457 [warning] [Decorations] CAPPING events from decorations provider vscode.git 989
2022-11-28 13:38:13.592 [warning] [Decorations] CAPPING events from decorations provider vscode.git 989
2022-11-28 13:38:18.724 [warning] [Decorations] CAPPING events from decorations provider vscode.git 989
2022-11-28 13:38:23.858 [warning] [Decorations] CAPPING events from decorations provider vscode.git 989
2022-11-28 13:38:28.989 [warning] [Decorations] CAPPING events from decorations provider vscode.git 989
2022-11-28 13:38:34.124 [warning] [Decorations] CAPPING events from decorations provider vscode.git 989
2022-11-28 13:38:39.252 [warning] [Decorations] CAPPING events from decorations provider vscode.git 989
2022-11-28 13:38:44.388 [warning] [Decorations] CAPPING events from decorations provider vscode.git 989
2022-11-28 13:38:49.523 [warning] [Decorations] CAPPING events from decorations provider vscode.git 989
2022-11-28 13:38:54.653 [warning] [Decorations] CAPPING events from decorations provider vscode.git 989
2022-11-28 13:38:59.786 [warning] [Decorations] CAPPING events from decorations provider vscode.git 989
2022-11-28 13:39:04.919 [warning] [Decorations] CAPPING events from decorations provider vscode.git 989
2022-11-28 13:39:10.050 [warning] [Decorations] CAPPING events from decorations provider vscode.git 989
2022-11-28 13:39:15.186 [warning] [Decorations] CAPPING events from decorations provider vscode.git 989
2022-11-28 13:39:20.315 [warning] [Decorations] CAPPING events from decorations provider vscode.git 989
2022-11-28 13:39:25.450 [warning] [Decorations] CAPPING events from decorations provider vscode.git 989
2022-11-28 13:39:30.581 [warning] [Decorations] CAPPING events from decorations provider vscode.git 989
2022-11-28 13:39:35.720 [warning] [Decorations] CAPPING events from decorations provider vscode.git 989
2022-11-28 13:39:40.850 [warning] [Decorations] CAPPING events from decorations provider vscode.git 989
2022-11-28 13:39:45.985 [warning] [Decorations] CAPPING events from decorations provider vscode.git 989
2022-11-28 13:39:51.116 [warning] [Decorations] CAPPING events from decorations provider vscode.git 989
2022-11-28 13:39:56.251 [warning] [Decorations] CAPPING events from decorations provider vscode.git 989
2022-11-28 13:40:01.385 [warning] [Decorations] CAPPING events from decorations provider vscode.git 989
2022-11-28 13:40:06.524 [warning] [Decorations] CAPPING events from decorations provider vscode.git 989
2022-11-28 14:46:55.498 [warning] [Decorations] CAPPING events from decorations provider vscode.git 989
2022-11-28 14:47:00.644 [warning] [Decorations] CAPPING events from decorations provider vscode.git 989
2022-11-28 14:47:05.780 [warning] [Decorations] CAPPING events from decorations provider vscode.git 989
2022-11-28 14:47:10.912 [warning] [Decorations] CAPPING events from decorations provider vscode.git 989
2022-11-28 14:47:16.047 [warning] [Decorations] CAPPING events from decorations provider vscode.git 989
2022-11-28 14:47:17.235 [warning] [Decorations] CAPPING events from decorations provider vscode.git 989
2022-11-28 14:47:21.181 [warning] [Decorations] CAPPING events from decorations provider vscode.git 989
2022-11-28 14:47:30.801 [warning] [Decorations] CAPPING events from decorations provider vscode.git 989
2022-11-28 14:47:35.930 [warning] [Decorations] CAPPING events from decorations provider vscode.git 989
2022-11-28 14:47:41.056 [warning] [Decorations] CAPPING events from decorations provider vscode.git 989
2022-11-28 14:47:46.182 [warning] [Decorations] CAPPING events from decorations provider vscode.git 989
2022-11-28 14:47:51.317 [warning] [Decorations] CAPPING events from decorations provider vscode.git 989
2022-11-28 14:47:56.454 [warning] [Decorations] CAPPING events from decorations provider vscode.git 989
2022-11-28 14:48:01.587 [warning] [Decorations] CAPPING events from decorations provider vscode.git 989
2022-11-28 14:48:06.723 [warning] [Decorations] CAPPING events from decorations provider vscode.git 989
2022-11-28 14:48:11.855 [warning] [Decorations] CAPPING events from decorations provider vscode.git 989
2022-11-28 14:48:16.993 [warning] [Decorations] CAPPING events from decorations provider vscode.git 989
2022-11-28 14:48:22.128 [warning] [Decorations] CAPPING events from decorations provider vscode.git 989
2022-11-28 14:48:27.260 [warning] [Decorations] CAPPING events from decorations provider vscode.git 989
2022-11-28 14:48:32.394 [warning] [Decorations] CAPPING events from decorations provider vscode.git 989
2022-11-28 14:48:37.528 [warning] [Decorations] CAPPING events from decorations provider vscode.git 989
2022-11-28 14:48:42.659 [warning] [Decorations] CAPPING events from decorations provider vscode.git 989
2022-11-28 14:48:47.790 [warning] [Decorations] CAPPING events from decorations provider vscode.git 989
2022-11-28 14:48:52.935 [warning] [Decorations] CAPPING events from decorations provider vscode.git 989
2022-11-28 14:48:58.066 [warning] [Decorations] CAPPING events from decorations provider vscode.git 989
2022-11-28 14:49:03.199 [warning] [Decorations] CAPPING events from decorations provider vscode.git 989
2022-11-28 14:49:08.332 [warning] [Decorations] CAPPING events from decorations provider vscode.git 989
2022-11-28 14:49:13.465 [warning] [Decorations] CAPPING events from decorations provider vscode.git 989
2022-11-28 14:49:18.602 [warning] [Decorations] CAPPING events from decorations provider vscode.git 989
2022-11-28 14:49:23.738 [warning] [Decorations] CAPPING events from decorations provider vscode.git 989
2022-11-28 14:49:28.871 [warning] [Decorations] CAPPING events from decorations provider vscode.git 989
2022-11-28 14:49:33.998 [warning] [Decorations] CAPPING events from decorations provider vscode.git 989
2022-11-28 14:49:39.141 [warning] [Decorations] CAPPING events from decorations provider vscode.git 989
2022-11-28 14:58:49.307 [warning] [Decorations] CAPPING events from decorations provider vscode.git 2004
2022-11-28 14:58:50.261 [warning] [Decorations] CAPPING events from decorations provider vscode.git 2002
2022-11-28 14:58:58.562 [warning] [Decorations] CAPPING events from decorations provider vscode.git 2017
2022-11-28 14:59:03.717 [warning] [Decorations] CAPPING events from decorations provider vscode.git 2018
2022-11-28 14:59:08.862 [warning] [Decorations] CAPPING events from decorations provider vscode.git 2022
2022-11-28 14:59:14.015 [warning] [Decorations] CAPPING events from decorations provider vscode.git 2023
2022-11-28 14:59:19.176 [warning] [Decorations] CAPPING events from decorations provider vscode.git 2033
2022-11-28 14:59:24.328 [warning] [Decorations] CAPPING events from decorations provider vscode.git 2042
2022-11-28 14:59:29.482 [warning] [Decorations] CAPPING events from decorations provider vscode.git 2044
2022-11-28 14:59:34.669 [warning] [Decorations] CAPPING events from decorations provider vscode.git 2047
2022-11-28 14:59:39.824 [warning] [Decorations] CAPPING events from decorations provider vscode.git 2048
2022-11-28 14:59:44.974 [warning] [Decorations] CAPPING events from decorations provider vscode.git 2048
2022-11-28 14:59:50.130 [warning] [Decorations] CAPPING events from decorations provider vscode.git 2051
2022-11-28 14:59:55.284 [warning] [Decorations] CAPPING events from decorations provider vscode.git 2054
2022-11-28 15:00:00.429 [warning] [Decorations] CAPPING events from decorations provider vscode.git 2095
2022-11-28 15:00:05.588 [warning] [Decorations] CAPPING events from decorations provider vscode.git 2097
2022-11-28 15:00:10.741 [warning] [Decorations] CAPPING events from decorations provider vscode.git 2098
2022-11-28 15:00:15.899 [warning] [Decorations] CAPPING events from decorations provider vscode.git 2098
2022-11-28 15:00:21.055 [warning] [Decorations] CAPPING events from decorations provider vscode.git 2101
2022-11-28 15:00:26.216 [warning] [Decorations] CAPPING events from decorations provider vscode.git 2102
2022-11-28 15:00:31.375 [warning] [Decorations] CAPPING events from decorations provider vscode.git 2103
2022-11-28 15:00:36.534 [warning] [Decorations] CAPPING events from decorations provider vscode.git 2105
2022-11-28 15:00:41.697 [warning] [Decorations] CAPPING events from decorations provider vscode.git 2105
2022-11-28 15:00:46.858 [warning] [Decorations] CAPPING events from decorations provider vscode.git 2107
2022-11-28 15:00:52.011 [warning] [Decorations] CAPPING events from decorations provider vscode.git 2110
2022-11-28 15:00:57.170 [warning] [Decorations] CAPPING events from decorations provider vscode.git 2111
2022-11-28 15:01:02.320 [warning] [Decorations] CAPPING events from decorations provider vscode.git 2111
2022-11-28 15:01:07.491 [warning] [Decorations] CAPPING events from decorations provider vscode.git 2111
2022-11-28 15:01:44.993 [warning] [Decorations] CAPPING events from decorations provider vscode.git 2120
2022-11-28 15:01:50.154 [warning] [Decorations] CAPPING events from decorations provider vscode.git 2121
2022-11-28 15:01:51.501 [warning] [Decorations] CAPPING events from decorations provider vscode.git 2122
2022-11-28 15:01:55.322 [warning] [Decorations] CAPPING events from decorations provider vscode.git 2123
2022-11-28 15:02:00.477 [warning] [Decorations] CAPPING events from decorations provider vscode.git 2125
2022-11-28 15:02:05.631 [warning] [Decorations] CAPPING events from decorations provider vscode.git 2127
2022-11-28 15:02:10.788 [warning] [Decorations] CAPPING events from decorations provider vscode.git 2127
2022-11-28 15:02:15.946 [warning] [Decorations] CAPPING events from decorations provider vscode.git 2129
2022-11-28 15:02:21.102 [warning] [Decorations] CAPPING events from decorations provider vscode.git 2130
2022-11-28 15:02:26.260 [warning] [Decorations] CAPPING events from decorations provider vscode.git 2133
2022-11-28 15:02:31.413 [warning] [Decorations] CAPPING events from decorations provider vscode.git 2133
2022-11-28 15:02:36.555 [warning] [Decorations] CAPPING events from decorations provider vscode.git 2183
2022-11-28 15:02:41.708 [warning] [Decorations] CAPPING events from decorations provider vscode.git 2188
2022-11-28 15:02:46.865 [warning] [Decorations] CAPPING events from decorations provider vscode.git 2188
2022-11-28 15:02:52.026 [warning] [Decorations] CAPPING events from decorations provider vscode.git 2190
2022-11-28 15:02:57.188 [warning] [Decorations] CAPPING events from decorations provider vscode.git 2190
2022-11-28 15:03:02.343 [warning] [Decorations] CAPPING events from decorations provider vscode.git 2190
2022-11-28 15:03:09.356 [warning] [Decorations] CAPPING events from decorations provider vscode.git 2192
2022-11-28 15:03:14.510 [warning] [Decorations] CAPPING events from decorations provider vscode.git 2194
2022-11-28 15:03:19.668 [warning] [Decorations] CAPPING events from decorations provider vscode.git 2199
2022-11-28 15:03:24.814 [warning] [Decorations] CAPPING events from decorations provider vscode.git 2201
