2022-11-28 01:36:42.450 [info] Validating found git in: git
2022-11-28 01:36:42.450 [info] Using git 2.38.1 from git
2022-11-28 01:36:42.450 [info] > git rev-parse --show-toplevel [3ms]
2022-11-28 01:36:42.450 [info] > git rev-parse --git-dir --git-common-dir [1ms]
2022-11-28 01:36:42.450 [info] Log level: Info
2022-11-28 01:36:42.450 [info] Open repository: /home/lina
2022-11-28 01:36:42.450 [info] > git remote --verbose [63ms]
2022-11-28 01:36:42.450 [info] > git for-each-ref --sort -committerdate --format %(refname) %(objectname) %(*objectname) [69ms]
2022-11-28 01:36:42.450 [info] > git config --get commit.template [47ms]
2022-11-28 01:36:42.457 [info] > git for-each-ref --format=%(refname)%00%(upstream:short)%00%(objectname)%00%(upstream:track)%00%(upstream:remotename)%00%(upstream:remoteref) refs/heads/master refs/remotes/master [16ms]
2022-11-28 01:36:42.543 [info] > git status -z -uall [167ms]
2022-11-28 01:36:42.618 [info] > git remote --verbose [14ms]
2022-11-28 01:36:42.619 [info] > git for-each-ref --sort -committerdate --format %(refname) %(objectname) %(*objectname) [22ms]
2022-11-28 01:36:42.620 [info] > git config --get commit.template [3ms]
2022-11-28 01:36:42.627 [info] > git for-each-ref --format=%(refname)%00%(upstream:short)%00%(objectname)%00%(upstream:track)%00%(upstream:remotename)%00%(upstream:remoteref) refs/heads/master refs/remotes/master [2ms]
2022-11-28 01:36:43.004 [info] > git status -z -uall [396ms]
2022-11-28 01:36:43.031 [info] > git check-ignore -v -z --stdin [28ms]
2022-11-28 01:36:43.439 [info] > git show --textconv :myCV.md [8ms]
2022-11-28 01:36:43.441 [info] > git ls-files --stage -- /home/lina/myCV.md [4ms]
2022-11-28 01:36:46.755 [info] > git remote --verbose [14ms]
2022-11-28 01:36:46.755 [info] > git for-each-ref --sort -committerdate --format %(refname) %(objectname) %(*objectname) [22ms]
2022-11-28 01:36:46.756 [info] > git config --get commit.template [3ms]
2022-11-28 01:36:46.761 [info] > git for-each-ref --format=%(refname)%00%(upstream:short)%00%(objectname)%00%(upstream:track)%00%(upstream:remotename)%00%(upstream:remoteref) refs/heads/master refs/remotes/master [1ms]
2022-11-28 01:36:46.843 [info] > git status -z -uall [98ms]
2022-11-28 01:36:51.899 [info] > git remote --verbose [16ms]
2022-11-28 01:36:51.900 [info] > git for-each-ref --sort -committerdate --format %(refname) %(objectname) %(*objectname) [26ms]
2022-11-28 01:36:51.901 [info] > git config --get commit.template [3ms]
2022-11-28 01:36:51.906 [info] > git for-each-ref --format=%(refname)%00%(upstream:short)%00%(objectname)%00%(upstream:track)%00%(upstream:remotename)%00%(upstream:remoteref) refs/heads/master refs/remotes/master [0ms]
2022-11-28 01:36:51.993 [info] > git status -z -uall [102ms]
2022-11-28 01:36:57.050 [info] > git remote --verbose [15ms]
2022-11-28 01:36:57.051 [info] > git for-each-ref --sort -committerdate --format %(refname) %(objectname) %(*objectname) [24ms]
2022-11-28 01:36:57.052 [info] > git config --get commit.template [3ms]
2022-11-28 01:36:57.058 [info] > git for-each-ref --format=%(refname)%00%(upstream:short)%00%(objectname)%00%(upstream:track)%00%(upstream:remotename)%00%(upstream:remoteref) refs/heads/master refs/remotes/master [1ms]
2022-11-28 01:36:57.145 [info] > git status -z -uall [103ms]
2022-11-28 01:37:02.196 [info] > git remote --verbose [16ms]
2022-11-28 01:37:02.197 [info] > git for-each-ref --sort -committerdate --format %(refname) %(objectname) %(*objectname) [24ms]
2022-11-28 01:37:02.204 [info] > git config --get commit.template [9ms]
2022-11-28 01:37:02.205 [info] > git for-each-ref --format=%(refname)%00%(upstream:short)%00%(objectname)%00%(upstream:track)%00%(upstream:remotename)%00%(upstream:remoteref) refs/heads/master refs/remotes/master [2ms]
2022-11-28 01:37:02.300 [info] > git status -z -uall [113ms]
2022-11-28 01:37:07.353 [info] > git remote --verbose [18ms]
2022-11-28 01:37:07.353 [info] > git for-each-ref --sort -committerdate --format %(refname) %(objectname) %(*objectname) [24ms]
2022-11-28 01:37:07.354 [info] > git config --get commit.template [3ms]
2022-11-28 01:37:07.359 [info] > git for-each-ref --format=%(refname)%00%(upstream:short)%00%(objectname)%00%(upstream:track)%00%(upstream:remotename)%00%(upstream:remoteref) refs/heads/master refs/remotes/master [1ms]
2022-11-28 01:37:07.447 [info] > git status -z -uall [105ms]
2022-11-28 01:37:12.500 [info] > git remote --verbose [18ms]
2022-11-28 01:37:12.500 [info] > git for-each-ref --sort -committerdate --format %(refname) %(objectname) %(*objectname) [27ms]
2022-11-28 01:37:12.502 [info] > git config --get commit.template [4ms]
2022-11-28 01:37:12.508 [info] > git for-each-ref --format=%(refname)%00%(upstream:short)%00%(objectname)%00%(upstream:track)%00%(upstream:remotename)%00%(upstream:remoteref) refs/heads/master refs/remotes/master [0ms]
2022-11-28 01:37:12.591 [info] > git status -z -uall [103ms]
2022-11-28 01:37:17.641 [info] > git remote --verbose [16ms]
2022-11-28 01:37:17.642 [info] > git for-each-ref --sort -committerdate --format %(refname) %(objectname) %(*objectname) [24ms]
2022-11-28 01:37:17.647 [info] > git config --get commit.template [8ms]
2022-11-28 01:37:17.648 [info] > git for-each-ref --format=%(refname)%00%(upstream:short)%00%(objectname)%00%(upstream:track)%00%(upstream:remotename)%00%(upstream:remoteref) refs/heads/master refs/remotes/master [1ms]
2022-11-28 01:37:17.733 [info] > git status -z -uall [101ms]
2022-11-28 01:37:28.840 [info] > git remote --verbose [10ms]
2022-11-28 01:37:28.840 [info] > git for-each-ref --sort -committerdate --format %(refname) %(objectname) %(*objectname) [17ms]
2022-11-28 01:37:28.846 [info] > git config --get commit.template [7ms]
2022-11-28 01:37:28.846 [info] > git for-each-ref --format=%(refname)%00%(upstream:short)%00%(objectname)%00%(upstream:track)%00%(upstream:remotename)%00%(upstream:remoteref) refs/heads/master refs/remotes/master [1ms]
2022-11-28 01:37:28.938 [info] > git status -z -uall [105ms]
2022-11-28 01:37:34.003 [info] > git remote --verbose [17ms]
2022-11-28 01:37:34.003 [info] > git for-each-ref --sort -committerdate --format %(refname) %(objectname) %(*objectname) [26ms]
2022-11-28 01:37:34.005 [info] > git config --get commit.template [4ms]
2022-11-28 01:37:34.011 [info] > git for-each-ref --format=%(refname)%00%(upstream:short)%00%(objectname)%00%(upstream:track)%00%(upstream:remotename)%00%(upstream:remoteref) refs/heads/master refs/remotes/master [0ms]
2022-11-28 01:37:34.102 [info] > git status -z -uall [110ms]
2022-11-28 01:37:39.157 [info] > git remote --verbose [18ms]
2022-11-28 01:37:39.157 [info] > git for-each-ref --sort -committerdate --format %(refname) %(objectname) %(*objectname) [27ms]
2022-11-28 01:37:39.166 [info] > git config --get commit.template [10ms]
2022-11-28 01:37:39.166 [info] > git for-each-ref --format=%(refname)%00%(upstream:short)%00%(objectname)%00%(upstream:track)%00%(upstream:remotename)%00%(upstream:remoteref) refs/heads/master refs/remotes/master [1ms]
2022-11-28 01:37:39.266 [info] > git status -z -uall [119ms]
2022-11-28 01:37:44.303 [info] > git remote --verbose [9ms]
2022-11-28 01:37:44.303 [info] > git for-each-ref --sort -committerdate --format %(refname) %(objectname) %(*objectname) [13ms]
2022-11-28 01:37:44.309 [info] > git config --get commit.template [8ms]
2022-11-28 01:37:44.310 [info] > git for-each-ref --format=%(refname)%00%(upstream:short)%00%(objectname)%00%(upstream:track)%00%(upstream:remotename)%00%(upstream:remoteref) refs/heads/master refs/remotes/master [2ms]
2022-11-28 01:37:44.394 [info] > git status -z -uall [98ms]
2022-11-28 01:37:49.446 [info] > git remote --verbose [16ms]
2022-11-28 01:37:49.446 [info] > git for-each-ref --sort -committerdate --format %(refname) %(objectname) %(*objectname) [24ms]
2022-11-28 01:37:49.447 [info] > git config --get commit.template [3ms]
2022-11-28 01:37:49.454 [info] > git for-each-ref --format=%(refname)%00%(upstream:short)%00%(objectname)%00%(upstream:track)%00%(upstream:remotename)%00%(upstream:remoteref) refs/heads/master refs/remotes/master [1ms]
2022-11-28 01:37:49.543 [info] > git status -z -uall [107ms]
2022-11-28 01:38:21.631 [info] > git remote --verbose [12ms]
2022-11-28 01:38:21.631 [info] > git for-each-ref --sort -committerdate --format %(refname) %(objectname) %(*objectname) [16ms]
2022-11-28 01:38:21.637 [info] > git config --get commit.template [8ms]
2022-11-28 01:38:21.638 [info] > git for-each-ref --format=%(refname)%00%(upstream:short)%00%(objectname)%00%(upstream:track)%00%(upstream:remotename)%00%(upstream:remoteref) refs/heads/master refs/remotes/master [1ms]
2022-11-28 01:38:21.746 [info] > git status -z -uall [124ms]
2022-11-28 01:38:22.202 [info] > git show --textconv :markdown-cv/index.html [7ms]
2022-11-28 01:38:22.205 [info] > git ls-files --stage -- /home/lina/markdown-cv/index.html [3ms]
2022-11-28 01:38:22.316 [info] > git check-ignore -v -z --stdin [10ms]
2022-11-28 01:38:26.802 [info] > git remote --verbose [17ms]
2022-11-28 01:38:26.802 [info] > git for-each-ref --sort -committerdate --format %(refname) %(objectname) %(*objectname) [26ms]
2022-11-28 01:38:26.810 [info] > git config --get commit.template [9ms]
2022-11-28 01:38:26.810 [info] > git for-each-ref --format=%(refname)%00%(upstream:short)%00%(objectname)%00%(upstream:track)%00%(upstream:remotename)%00%(upstream:remoteref) refs/heads/master refs/remotes/master [1ms]
2022-11-28 01:38:26.894 [info] > git status -z -uall [102ms]
2022-11-28 01:38:31.943 [info] > git remote --verbose [18ms]
2022-11-28 01:38:31.978 [info] > git for-each-ref --sort -committerdate --format %(refname) %(objectname) %(*objectname) [58ms]
2022-11-28 01:38:31.979 [info] > git config --get commit.template [37ms]
2022-11-28 01:38:31.990 [info] > git for-each-ref --format=%(refname)%00%(upstream:short)%00%(objectname)%00%(upstream:track)%00%(upstream:remotename)%00%(upstream:remoteref) refs/heads/master refs/remotes/master [1ms]
2022-11-28 01:38:32.069 [info] > git status -z -uall [137ms]
2022-11-28 01:38:37.122 [info] > git remote --verbose [17ms]
2022-11-28 01:38:37.122 [info] > git for-each-ref --sort -committerdate --format %(refname) %(objectname) %(*objectname) [25ms]
2022-11-28 01:38:37.129 [info] > git config --get commit.template [9ms]
2022-11-28 01:38:37.130 [info] > git for-each-ref --format=%(refname)%00%(upstream:short)%00%(objectname)%00%(upstream:track)%00%(upstream:remotename)%00%(upstream:remoteref) refs/heads/master refs/remotes/master [1ms]
2022-11-28 01:38:37.219 [info] > git status -z -uall [109ms]
2022-11-28 01:38:42.276 [info] > git remote --verbose [18ms]
2022-11-28 01:38:42.276 [info] > git for-each-ref --sort -committerdate --format %(refname) %(objectname) %(*objectname) [27ms]
2022-11-28 01:38:42.283 [info] > git config --get commit.template [9ms]
2022-11-28 01:38:42.284 [info] > git for-each-ref --format=%(refname)%00%(upstream:short)%00%(objectname)%00%(upstream:track)%00%(upstream:remotename)%00%(upstream:remoteref) refs/heads/master refs/remotes/master [1ms]
2022-11-28 01:38:42.373 [info] > git status -z -uall [108ms]
2022-11-28 01:38:53.180 [info] > git remote --verbose [9ms]
2022-11-28 01:38:53.180 [info] > git for-each-ref --sort -committerdate --format %(refname) %(objectname) %(*objectname) [12ms]
2022-11-28 01:38:53.186 [info] > git config --get commit.template [7ms]
2022-11-28 01:38:53.187 [info] > git for-each-ref --format=%(refname)%00%(upstream:short)%00%(objectname)%00%(upstream:track)%00%(upstream:remotename)%00%(upstream:remoteref) refs/heads/master refs/remotes/master [1ms]
2022-11-28 01:38:53.312 [info] > git status -z -uall [138ms]
2022-11-28 01:38:53.694 [info] > git show --textconv :markdown-cv/README.md [5ms]
2022-11-28 01:38:53.696 [info] > git ls-files --stage -- /home/lina/markdown-cv/README.md [3ms]
2022-11-28 01:38:53.884 [info] > git check-ignore -v -z --stdin [8ms]
2022-11-28 01:38:58.385 [info] > git remote --verbose [14ms]
2022-11-28 01:38:58.385 [info] > git for-each-ref --sort -committerdate --format %(refname) %(objectname) %(*objectname) [19ms]
2022-11-28 01:38:58.387 [info] > git config --get commit.template [3ms]
2022-11-28 01:38:58.392 [info] > git for-each-ref --format=%(refname)%00%(upstream:short)%00%(objectname)%00%(upstream:track)%00%(upstream:remotename)%00%(upstream:remoteref) refs/heads/master refs/remotes/master [1ms]
2022-11-28 01:38:58.475 [info] > git status -z -uall [97ms]
2022-11-28 01:39:03.526 [info] > git remote --verbose [14ms]
2022-11-28 01:39:03.526 [info] > git for-each-ref --sort -committerdate --format %(refname) %(objectname) %(*objectname) [22ms]
2022-11-28 01:39:03.528 [info] > git config --get commit.template [3ms]
2022-11-28 01:39:03.533 [info] > git for-each-ref --format=%(refname)%00%(upstream:short)%00%(objectname)%00%(upstream:track)%00%(upstream:remotename)%00%(upstream:remoteref) refs/heads/master refs/remotes/master [1ms]
2022-11-28 01:39:03.616 [info] > git status -z -uall [97ms]
